<?xml version="1.0" encoding="UTF-8"?>
<TestRun id="b073e7f7-6461-45cb-9f07-209468a79f03" name="Krzysztof@KRZYSIEK 2016-06-03 21:04:18" runUser="KRZYSIEK\Krzysztof" xmlns="http://microsoft.com/schemas/VisualStudio/TeamTest/2010">
  <TestSettings name="Local" id="1d0f59d5-4167-4481-826a-602c2777ce60">
    <Description>These are default test settings for a local test run.</Description>
    <Execution>
      <TestTypeSpecific>
        <UnitTestRunConfig testTypeId="13cdc9d9-ddb5-4fa4-a97d-d965ccfc6d4b">
          <AssemblyResolution>
            <TestDirectory useLoadContext="true" />
          </AssemblyResolution>
        </UnitTestRunConfig>
        <WebTestRunConfiguration testTypeId="4e7599fa-5ecb-43e9-a887-cd63cf72d207" runUntilDataExhausted="true">
          <Browser name="Internet Explorer 11.0" MaxConnections="6">
            <Headers>
              <Header name="User-Agent" value="Mozilla/5.0 (Windows NT 6.3; Trident/7.0; rv:11.0) like Gecko" />
              <Header name="Accept" value="*/*" />
              <Header name="Accept-Language" value="{{$IEAcceptLanguage}}" />
              <Header name="Accept-Encoding" value="GZIP" />
            </Headers>
          </Browser>
        </WebTestRunConfiguration>
      </TestTypeSpecific>
      <AgentRule name="LocalMachineDefaultRole">
      </AgentRule>
    </Execution>
    <Deployment runDeploymentRoot="Krzysztof_KRZYSIEK 2016-06-03 21_04_18" />
    <Properties>
      <Property name="TestSettingsUIType" value="UnitTest" />
    </Properties>
  </TestSettings>
  <Times creation="2016-06-03T21:04:18.7824027+02:00" queuing="2016-06-03T21:04:19.1666757+02:00" start="2016-06-03T21:04:19.4738924+02:00" finish="2016-06-03T21:04:26.9367728+02:00" />
  <ResultSummary outcome="Aborted">
    <Counters total="1" executed="1" error="0" failed="0" timeout="0" aborted="1" inconclusive="0" passedButRunAborted="0" notRunnable="0" notExecuted="0" disconnected="0" warning="0" passed="0" completed="0" inProgress="0" pending="0" />
  </ResultSummary>
  <TestDefinitions>
    <WebTest name="WebTest1" storage="f:\.net projekt\dotnetprojekt\app\webandloadtestproject\webandloadtestproject\webtest1.webtest" id="e7a9ab0c-5c74-4147-aab5-f6a9b637f904" persistedWebTest="77u/PD94bWwgdmVyc2lvbj0iMS4wIiBlbmNvZGluZz0iVVRGLTgiIHN0YW5kYWxvbmU9InllcyI/Pg0KPFdlYlRlc3QgTmFtZT0iV2ViVGVzdDEiIElkPSJlN2E5YWIwYy01Yzc0LTQxNDctYWFiNS1mNmE5YjYzN2Y5MDQiIE93bmVyPSIiIFByaW9yaXR5PSIyMTQ3NDgzNjQ3IiBFbmFibGVkPSJUcnVlIiBDc3NQcm9qZWN0U3RydWN0dXJlPSIiIENzc0l0ZXJhdGlvbj0iIiBUaW1lb3V0PSIwIiBXb3JrSXRlbUlkcz0iIiB4bWxucz0iaHR0cDovL21pY3Jvc29mdC5jb20vc2NoZW1hcy9WaXN1YWxTdHVkaW8vVGVhbVRlc3QvMjAxMCIgRGVzY3JpcHRpb249IiIgQ3JlZGVudGlhbFVzZXJOYW1lPSIiIENyZWRlbnRpYWxQYXNzd29yZD0iIiBQcmVBdXRoZW50aWNhdGU9IlRydWUiIFByb3h5PSJkZWZhdWx0IiBTdG9wT25FcnJvcj0iRmFsc2UiIFJlY29yZGVkUmVzdWx0RmlsZT0iV2ViVGVzdDEuZGM3NjVkNDktNWJkOC00ZjQ5LWE4OTItN2MyMTZjNGZjOTFmLnJlYy53ZWJ0ZXN0cmVzdWx0IiBSZXN1bHRzTG9jYWxlPSIiPg0KICA8SXRlbXM+DQogICAgPFJlcXVlc3QgTWV0aG9kPSJHRVQiIEd1aWQ9ImUwMmM4NjRmLWNmNjctNGM2ZC1iZTQ3LWUyOWQwNTBkZDk2ZCIgVmVyc2lvbj0iMS4xIiBVcmw9Imh0dHA6Ly9hcGkuYmluZy5jb20vcXNtbC5hc3B4IiBUaGlua1RpbWU9IjAiIFRpbWVvdXQ9IjMwMCIgUGFyc2VEZXBlbmRlbnRSZXF1ZXN0cz0iVHJ1ZSIgRm9sbG93UmVkaXJlY3RzPSJUcnVlIiBSZWNvcmRSZXN1bHQ9IlRydWUiIENhY2hlPSJGYWxzZSIgUmVzcG9uc2VUaW1lR29hbD0iMCIgRW5jb2Rpbmc9InV0Zi04IiBFeHBlY3RlZEh0dHBTdGF0dXNDb2RlPSIwIiBFeHBlY3RlZFJlc3BvbnNlVXJsPSIiIFJlcG9ydGluZ05hbWU9IiIgSWdub3JlSHR0cFN0YXR1c0NvZGU9IkZhbHNlIj4NCiAgICAgIDxRdWVyeVN0cmluZ1BhcmFtZXRlcnM+DQogICAgICAgIDxRdWVyeVN0cmluZ1BhcmFtZXRlciBOYW1lPSJxdWVyeSIgVmFsdWU9ImxvY2EiIFJlY29yZGVkVmFsdWU9ImxvY2EiIENvcnJlbGF0aW9uQmluZGluZz0iIiBVcmxFbmNvZGU9IkZhbHNlIiBVc2VUb0dyb3VwUmVzdWx0cz0iRmFsc2UiIC8+DQogICAgICAgIDxRdWVyeVN0cmluZ1BhcmFtZXRlciBOYW1lPSJtYXh3aWR0aCIgVmFsdWU9IjMyNzY1IiBSZWNvcmRlZFZhbHVlPSIzMjc2NSIgQ29ycmVsYXRpb25CaW5kaW5nPSIiIFVybEVuY29kZT0iRmFsc2UiIFVzZVRvR3JvdXBSZXN1bHRzPSJGYWxzZSIgLz4NCiAgICAgICAgPFF1ZXJ5U3RyaW5nUGFyYW1ldGVyIE5hbWU9InJvd2hlaWdodCIgVmFsdWU9IjIwIiBSZWNvcmRlZFZhbHVlPSIyMCIgQ29ycmVsYXRpb25CaW5kaW5nPSIiIFVybEVuY29kZT0iRmFsc2UiIFVzZVRvR3JvdXBSZXN1bHRzPSJGYWxzZSIgLz4NCiAgICAgICAgPFF1ZXJ5U3RyaW5nUGFyYW1ldGVyIE5hbWU9InNlY3Rpb25IZWlnaHQiIFZhbHVlPSIxNjAiIFJlY29yZGVkVmFsdWU9IjE2MCIgQ29ycmVsYXRpb25CaW5kaW5nPSIiIFVybEVuY29kZT0iRmFsc2UiIFVzZVRvR3JvdXBSZXN1bHRzPSJGYWxzZSIgLz4NCiAgICAgICAgPFF1ZXJ5U3RyaW5nUGFyYW1ldGVyIE5hbWU9IkZPUk0iIFZhbHVlPSJJRVNTMDIiIFJlY29yZGVkVmFsdWU9IklFU1MwMiIgQ29ycmVsYXRpb25CaW5kaW5nPSIiIFVybEVuY29kZT0iRmFsc2UiIFVzZVRvR3JvdXBSZXN1bHRzPSJGYWxzZSIgLz4NCiAgICAgICAgPFF1ZXJ5U3RyaW5nUGFyYW1ldGVyIE5hbWU9Im1hcmtldCIgVmFsdWU9InBsLVBMIiBSZWNvcmRlZFZhbHVlPSJwbC1QTCIgQ29ycmVsYXRpb25CaW5kaW5nPSIiIFVybEVuY29kZT0iRmFsc2UiIFVzZVRvR3JvdXBSZXN1bHRzPSJGYWxzZSIgLz4NCiAgICAgICAgPFF1ZXJ5U3RyaW5nUGFyYW1ldGVyIE5hbWU9InBjIiBWYWx1ZT0iRVVQUF8iIFJlY29yZGVkVmFsdWU9IkVVUFBfIiBDb3JyZWxhdGlvbkJpbmRpbmc9IiIgVXJsRW5jb2RlPSJGYWxzZSIgVXNlVG9Hcm91cFJlc3VsdHM9IkZhbHNlIiAvPg0KICAgICAgPC9RdWVyeVN0cmluZ1BhcmFtZXRlcnM+DQogICAgPC9SZXF1ZXN0Pg0KICAgIDxSZXF1ZXN0IE1ldGhvZD0iR0VUIiBHdWlkPSJhNjRhNjVlMC04NDBhLTQxOGQtYmYzMi1jMTcyNWRjOGFjMjYiIFZlcnNpb249IjEuMSIgVXJsPSJodHRwOi8vbG9jYWxob3N0OjU2MTMzLyIgVGhpbmtUaW1lPSIwIiBUaW1lb3V0PSIzMDAiIFBhcnNlRGVwZW5kZW50UmVxdWVzdHM9IlRydWUiIEZvbGxvd1JlZGlyZWN0cz0iVHJ1ZSIgUmVjb3JkUmVzdWx0PSJUcnVlIiBDYWNoZT0iRmFsc2UiIFJlc3BvbnNlVGltZUdvYWw9IjAiIEVuY29kaW5nPSJ1dGYtOCIgRXhwZWN0ZWRIdHRwU3RhdHVzQ29kZT0iMCIgRXhwZWN0ZWRSZXNwb25zZVVybD0iaHR0cDovL2xvY2FsaG9zdDo1NjEzMy9hdXRoL2xvZ2luP1JldHVyblVybD0lMkYiIFJlcG9ydGluZ05hbWU9IiIgSWdub3JlSHR0cFN0YXR1c0NvZGU9IkZhbHNlIiAvPg0KICAgIDxSZXF1ZXN0IE1ldGhvZD0iUE9TVCIgR3VpZD0iZWIzYjMyNDEtN2NiNy00NWZkLThkZWEtNDk3ZmY4ODJhZDE1IiBWZXJzaW9uPSIxLjEiIFVybD0iaHR0cDovL2xvY2FsaG9zdDozMjU4NS8wNWZiMTRlMDY4NDc0ZmZiODQyYWI5MWE4ODM1ZmZiNy9icm93c2VyTGlua1NpZ25hbFIvbmVnb3RpYXRlIiBUaGlua1RpbWU9IjMiIFRpbWVvdXQ9IjMwMCIgUGFyc2VEZXBlbmRlbnRSZXF1ZXN0cz0iVHJ1ZSIgRm9sbG93UmVkaXJlY3RzPSJUcnVlIiBSZWNvcmRSZXN1bHQ9IlRydWUiIENhY2hlPSJGYWxzZSIgUmVzcG9uc2VUaW1lR29hbD0iMCIgRW5jb2Rpbmc9InV0Zi04IiBFeHBlY3RlZEh0dHBTdGF0dXNDb2RlPSIwIiBFeHBlY3RlZFJlc3BvbnNlVXJsPSIiIFJlcG9ydGluZ05hbWU9IiIgSWdub3JlSHR0cFN0YXR1c0NvZGU9IkZhbHNlIj4NCiAgICAgIDxIZWFkZXJzPg0KICAgICAgICA8SGVhZGVyIE5hbWU9IkNvbnRlbnQtVHlwZSIgVmFsdWU9ImFwcGxpY2F0aW9uL3gtd3d3LWZvcm0tdXJsZW5jb2RlZDsgY2hhcnNldD1VVEYtOCIgLz4NCiAgICAgICAgPEhlYWRlciBOYW1lPSJBY2NlcHQiIFZhbHVlPSJ0ZXh0L3BsYWluLCAqLyo7IHE9MC4wMSIgLz4NCiAgICAgICAgPEhlYWRlciBOYW1lPSJSZWZlcmVyIiBWYWx1ZT0iaHR0cDovL2xvY2FsaG9zdDo1NjEzMy9hdXRoL2xvZ2luP1JldHVyblVybD0lMkYiIC8+DQogICAgICA8L0hlYWRlcnM+DQogICAgICA8UXVlcnlTdHJpbmdQYXJhbWV0ZXJzPg0KICAgICAgICA8UXVlcnlTdHJpbmdQYXJhbWV0ZXIgTmFtZT0icmVxdWVzdFVybCIgVmFsdWU9Imh0dHAlM0ElMkYlMkZsb2NhbGhvc3QlM0E1NjEzMyUyRmF1dGglMkZsb2dpbiUzRlJldHVyblVybCUzRCUyNTJGIiBSZWNvcmRlZFZhbHVlPSJodHRwJTNBJTJGJTJGbG9jYWxob3N0JTNBNTYxMzMlMkZhdXRoJTJGbG9naW4lM0ZSZXR1cm5VcmwlM0QlMjUyRiIgQ29ycmVsYXRpb25CaW5kaW5nPSIiIFVybEVuY29kZT0iRmFsc2UiIFVzZVRvR3JvdXBSZXN1bHRzPSJGYWxzZSIgLz4NCiAgICAgICAgPFF1ZXJ5U3RyaW5nUGFyYW1ldGVyIE5hbWU9ImJyb3dzZXJOYW1lIiBWYWx1ZT0iSW50ZXJuZXQrRXhwbG9yZXIiIFJlY29yZGVkVmFsdWU9IkludGVybmV0K0V4cGxvcmVyIiBDb3JyZWxhdGlvbkJpbmRpbmc9IiIgVXJsRW5jb2RlPSJGYWxzZSIgVXNlVG9Hcm91cFJlc3VsdHM9IkZhbHNlIiAvPg0KICAgICAgICA8UXVlcnlTdHJpbmdQYXJhbWV0ZXIgTmFtZT0idXNlckFnZW50IiBWYWx1ZT0iTW96aWxsYSUyRjUuMCsoV2luZG93cytOVCs2LjMlM0IrV09XNjQlM0IrVHJpZGVudCUyRjcuMCUzQisuTkVUNC4wRSUzQisuTkVUNC4wQyUzQisuTkVUK0NMUiszLjUuMzA3MjklM0IrLk5FVCtDTFIrMi4wLjUwNzI3JTNCKy5ORVQrQ0xSKzMuMC4zMDcyOSUzQitHV1glM0FET1dOTE9BREVEJTNCK0dXWCUzQVFVQUxJRklFRCUzQitydiUzQTExLjApK2xpa2UrR2Vja28iIFJlY29yZGVkVmFsdWU9Ik1vemlsbGElMkY1LjArKFdpbmRvd3MrTlQrNi4zJTNCK1dPVzY0JTNCK1RyaWRlbnQlMkY3LjAlM0IrLk5FVDQuMEUlM0IrLk5FVDQuMEMlM0IrLk5FVCtDTFIrMy41LjMwNzI5JTNCKy5ORVQrQ0xSKzIuMC41MDcyNyUzQisuTkVUK0NMUiszLjAuMzA3MjklM0IrR1dYJTNBRE9XTkxPQURFRCUzQitHV1glM0FRVUFMSUZJRUQlM0IrcnYlM0ExMS4wKStsaWtlK0dlY2tvIiBDb3JyZWxhdGlvbkJpbmRpbmc9IiIgVXJsRW5jb2RlPSJGYWxzZSIgVXNlVG9Hcm91cFJlc3VsdHM9IkZhbHNlIiAvPg0KICAgICAgICA8UXVlcnlTdHJpbmdQYXJhbWV0ZXIgTmFtZT0iY2xpZW50UHJvdG9jb2wiIFZhbHVlPSIxLjMiIFJlY29yZGVkVmFsdWU9IjEuMyIgQ29ycmVsYXRpb25CaW5kaW5nPSIiIFVybEVuY29kZT0iRmFsc2UiIFVzZVRvR3JvdXBSZXN1bHRzPSJGYWxzZSIgLz4NCiAgICAgICAgPFF1ZXJ5U3RyaW5nUGFyYW1ldGVyIE5hbWU9Il8iIFZhbHVlPSIxNDY0OTgwNjIyNzQxIiBSZWNvcmRlZFZhbHVlPSIxNDY0OTgwNjIyNzQxIiBDb3JyZWxhdGlvbkJpbmRpbmc9IiIgVXJsRW5jb2RlPSJGYWxzZSIgVXNlVG9Hcm91cFJlc3VsdHM9IkZhbHNlIiAvPg0KICAgICAgPC9RdWVyeVN0cmluZ1BhcmFtZXRlcnM+DQogICAgICA8Rm9ybVBvc3RIdHRwQm9keSAvPg0KICAgIDwvUmVxdWVzdD4NCiAgICA8UmVxdWVzdCBNZXRob2Q9IlBPU1QiIEd1aWQ9IjczYWYzZDU1LTEzZjItNDk4NC1iYzFjLWMxZjVkNmUzMjZjNyIgVmVyc2lvbj0iMS4xIiBVcmw9Imh0dHA6Ly9sb2NhbGhvc3Q6NTYxMzMvQXV0aC9Mb2dJbiIgVGhpbmtUaW1lPSIwIiBUaW1lb3V0PSIzMDAiIFBhcnNlRGVwZW5kZW50UmVxdWVzdHM9IlRydWUiIEZvbGxvd1JlZGlyZWN0cz0iVHJ1ZSIgUmVjb3JkUmVzdWx0PSJUcnVlIiBDYWNoZT0iRmFsc2UiIFJlc3BvbnNlVGltZUdvYWw9IjAiIEVuY29kaW5nPSJ1dGYtOCIgRXhwZWN0ZWRIdHRwU3RhdHVzQ29kZT0iMCIgRXhwZWN0ZWRSZXNwb25zZVVybD0iIiBSZXBvcnRpbmdOYW1lPSIiIElnbm9yZUh0dHBTdGF0dXNDb2RlPSJGYWxzZSI+DQogICAgICA8SGVhZGVycz4NCiAgICAgICAgPEhlYWRlciBOYW1lPSJSZWZlcmVyIiBWYWx1ZT0iaHR0cDovL2xvY2FsaG9zdDo1NjEzMy9hdXRoL2xvZ2luP1JldHVyblVybD0lMkYiIC8+DQogICAgICA8L0hlYWRlcnM+DQogICAgICA8Q29ycmVsYXRpb25FeHRyYWN0aW9uUnVsZXM+DQogICAgICAgIDxFeHRyYWN0aW9uUnVsZSBDbGFzc25hbWU9Ik1pY3Jvc29mdC5WaXN1YWxTdHVkaW8uVGVzdFRvb2xzLldlYlRlc3RpbmcuUnVsZXMuRXh0cmFjdFRleHQsIE1pY3Jvc29mdC5WaXN1YWxTdHVkaW8uUXVhbGl0eVRvb2xzLldlYlRlc3RGcmFtZXdvcmssIFZlcnNpb249MTAuMC4wLjAsIEN1bHR1cmU9bmV1dHJhbCwgUHVibGljS2V5VG9rZW49YjAzZjVmN2YxMWQ1MGEzYSIgVmFyaWFibGVOYW1lPSJGb3JtUG9zdFBhcmFtMS5QYXNzd29yZCIgRGlzcGxheU5hbWU9IiIgRGVzY3JpcHRpb249IiI+DQogICAgICAgICAgPFJ1bGVQYXJhbWV0ZXJzPg0KICAgICAgICAgICAgPFJ1bGVQYXJhbWV0ZXIgTmFtZT0iU3RhcnRzV2l0aCIgVmFsdWU9InlwZT0mcXVvdDsiIC8+DQogICAgICAgICAgICA8UnVsZVBhcmFtZXRlciBOYW1lPSJFbmRzV2l0aCIgVmFsdWU9IiZxdW90OyAvJmd0OyYjeEQ7IiAvPg0KICAgICAgICAgICAgPFJ1bGVQYXJhbWV0ZXIgTmFtZT0iSW5kZXgiIFZhbHVlPSIyIiAvPg0KICAgICAgICAgICAgPFJ1bGVQYXJhbWV0ZXIgTmFtZT0iSWdub3JlQ2FzZSIgVmFsdWU9IkZhbHNlIiAvPg0KICAgICAgICAgICAgPFJ1bGVQYXJhbWV0ZXIgTmFtZT0iVXNlUmVndWxhckV4cHJlc3Npb24iIFZhbHVlPSJGYWxzZSIgLz4NCiAgICAgICAgICAgIDxSdWxlUGFyYW1ldGVyIE5hbWU9Ikh0bWxEZWNvZGUiIFZhbHVlPSJUcnVlIiAvPg0KICAgICAgICAgICAgPFJ1bGVQYXJhbWV0ZXIgTmFtZT0iUmVxdWlyZWQiIFZhbHVlPSJGYWxzZSIgLz4NCiAgICAgICAgICA8L1J1bGVQYXJhbWV0ZXJzPg0KICAgICAgICA8L0V4dHJhY3Rpb25SdWxlPg0KICAgICAgPC9Db3JyZWxhdGlvbkV4dHJhY3Rpb25SdWxlcz4NCiAgICAgIDxGb3JtUG9zdEh0dHBCb2R5Pg0KICAgICAgICA8Rm9ybVBvc3RQYXJhbWV0ZXIgTmFtZT0ibG9naW4iIFZhbHVlPSJ0ZXN0IiBSZWNvcmRlZFZhbHVlPSJ0ZXN0IiBDb3JyZWxhdGlvbkJpbmRpbmc9IiIgVXJsRW5jb2RlPSJUcnVlIiAvPg0KICAgICAgICA8Rm9ybVBvc3RQYXJhbWV0ZXIgTmFtZT0iUGFzc3dvcmQiIFZhbHVlPSJ0ZXN0IiBSZWNvcmRlZFZhbHVlPSJ0ZXN0IiBDb3JyZWxhdGlvbkJpbmRpbmc9IiIgVXJsRW5jb2RlPSJUcnVlIiAvPg0KICAgICAgPC9Gb3JtUG9zdEh0dHBCb2R5Pg0KICAgIDwvUmVxdWVzdD4NCiAgICA8UmVxdWVzdCBNZXRob2Q9IkdFVCIgR3VpZD0iMGNlMjkwYTktMmVkYy00ZDdiLTg3YzMtZjMxYTk0Y2NkM2FjIiBWZXJzaW9uPSIxLjEiIFVybD0iaHR0cDovL2xvY2FsaG9zdDozMjU4NS8wNWZiMTRlMDY4NDc0ZmZiODQyYWI5MWE4ODM1ZmZiNy9icm93c2VyTGlua1NpZ25hbFIvY29ubmVjdCIgVGhpbmtUaW1lPSIwIiBUaW1lb3V0PSIzMDAiIFBhcnNlRGVwZW5kZW50UmVxdWVzdHM9IlRydWUiIEZvbGxvd1JlZGlyZWN0cz0iVHJ1ZSIgUmVjb3JkUmVzdWx0PSJUcnVlIiBDYWNoZT0iRmFsc2UiIFJlc3BvbnNlVGltZUdvYWw9IjAiIEVuY29kaW5nPSJ1dGYtOCIgRXhwZWN0ZWRIdHRwU3RhdHVzQ29kZT0iMCIgRXhwZWN0ZWRSZXNwb25zZVVybD0iIiBSZXBvcnRpbmdOYW1lPSIiIElnbm9yZUh0dHBTdGF0dXNDb2RlPSJGYWxzZSI+DQogICAgICA8UXVlcnlTdHJpbmdQYXJhbWV0ZXJzPg0KICAgICAgICA8UXVlcnlTdHJpbmdQYXJhbWV0ZXIgTmFtZT0idHJhbnNwb3J0IiBWYWx1ZT0id2ViU29ja2V0cyIgUmVjb3JkZWRWYWx1ZT0id2ViU29ja2V0cyIgQ29ycmVsYXRpb25CaW5kaW5nPSIiIFVybEVuY29kZT0iRmFsc2UiIFVzZVRvR3JvdXBSZXN1bHRzPSJGYWxzZSIgLz4NCiAgICAgICAgPFF1ZXJ5U3RyaW5nUGFyYW1ldGVyIE5hbWU9ImNvbm5lY3Rpb25Ub2tlbiIgVmFsdWU9IkFRQUFBTkNNbmQ4QkZkRVJqSG9Bd0UlMkZDbCUyQnNCQUFBQUZhRHpsTSUyRmZURUczR01PTU42SENxd0FBQUFBQ0FBQUFBQUFRWmdBQUFBRUFBQ0FBQUFEVUklMkZMbVlUNWFjaHZsVVFCNU9maFZVbTJ6eFlSUThaT2dKclp3V2l3alhnQUFBQUFPZ0FBQUFBSUFBQ0FBQUFEUGJRTDczS1ROJTJGY09uR3Q5M3FaVW1obTh2UWdKcE1qTk9NNnNOMGRza0dUQUFBQURHclR4MDFQVWc5Y25DMmZaZWhQQ1lXTHRHSFJYbXlhWWpQWHI3eEJrMDloY3lrZGlMTG8yQjIlMkJjWCUyRmdBbjk0MUFBQUFBN1ZCSWlmNElidnh2SkFPQXB1OVRLRWZ0RVNxTDhkSzBDWFY4aXJicTA4TnM1UlRzMmFJNEJZU2R3bzQ1VWRGJTJGdDJhd3Uzc0ZWRmE1dGQwaHVuJTJGVHJ3JTNEJTNEIiBSZWNvcmRlZFZhbHVlPSJBUUFBQU5DTW5kOEJGZEVSakhvQXdFJTJGQ2wlMkJzQkFBQUFGYUR6bE0lMkZmVEVHM0dNT01ONkhDcXdBQUFBQUNBQUFBQUFBUVpnQUFBQUVBQUNBQUFBRFVJJTJGTG1ZVDVhY2h2bFVRQjVPZmhWVW0yenhZUlE4Wk9nSnJad1dpd2pYZ0FBQUFBT2dBQUFBQUlBQUNBQUFBRFBiUUw3M0tUTiUyRmNPbkd0OTNxWlVtaG04dlFnSnBNak5PTTZzTjBkc2tHVEFBQUFER3JUeDAxUFVnOWNuQzJmWmVoUENZV0x0R0hSWG15YVlqUFhyN3hCazA5aGN5a2RpTExvMkIyJTJCY1glMkZnQW45NDFBQUFBQTdWQklpZjRJYnZ4dkpBT0FwdTlUS0VmdEVTcUw4ZEswQ1hWOGlyYnEwOE5zNVJUczJhSTRCWVNkd280NVVkRiUyRnQyYXd1M3NGVkZhNXRkMGh1biUyRlRydyUzRCUzRCIgQ29ycmVsYXRpb25CaW5kaW5nPSIiIFVybEVuY29kZT0iRmFsc2UiIFVzZVRvR3JvdXBSZXN1bHRzPSJGYWxzZSIgLz4NCiAgICAgICAgPFF1ZXJ5U3RyaW5nUGFyYW1ldGVyIE5hbWU9InJlcXVlc3RVcmwiIFZhbHVlPSJodHRwJTNBJTJGJTJGbG9jYWxob3N0JTNBNTYxMzMlMkZhdXRoJTJGbG9naW4lM0ZSZXR1cm5VcmwlM0QlMjUyRiIgUmVjb3JkZWRWYWx1ZT0iaHR0cCUzQSUyRiUyRmxvY2FsaG9zdCUzQTU2MTMzJTJGYXV0aCUyRmxvZ2luJTNGUmV0dXJuVXJsJTNEJTI1MkYiIENvcnJlbGF0aW9uQmluZGluZz0iIiBVcmxFbmNvZGU9IkZhbHNlIiBVc2VUb0dyb3VwUmVzdWx0cz0iRmFsc2UiIC8+DQogICAgICAgIDxRdWVyeVN0cmluZ1BhcmFtZXRlciBOYW1lPSJicm93c2VyTmFtZSIgVmFsdWU9IkludGVybmV0K0V4cGxvcmVyIiBSZWNvcmRlZFZhbHVlPSJJbnRlcm5ldCtFeHBsb3JlciIgQ29ycmVsYXRpb25CaW5kaW5nPSIiIFVybEVuY29kZT0iRmFsc2UiIFVzZVRvR3JvdXBSZXN1bHRzPSJGYWxzZSIgLz4NCiAgICAgICAgPFF1ZXJ5U3RyaW5nUGFyYW1ldGVyIE5hbWU9InVzZXJBZ2VudCIgVmFsdWU9Ik1vemlsbGElMkY1LjArKFdpbmRvd3MrTlQrNi4zJTNCK1dPVzY0JTNCK1RyaWRlbnQlMkY3LjAlM0IrLk5FVDQuMEUlM0IrLk5FVDQuMEMlM0IrLk5FVCtDTFIrMy41LjMwNzI5JTNCKy5ORVQrQ0xSKzIuMC41MDcyNyUzQisuTkVUK0NMUiszLjAuMzA3MjklM0IrR1dYJTNBRE9XTkxPQURFRCUzQitHV1glM0FRVUFMSUZJRUQlM0IrcnYlM0ExMS4wKStsaWtlK0dlY2tvIiBSZWNvcmRlZFZhbHVlPSJNb3ppbGxhJTJGNS4wKyhXaW5kb3dzK05UKzYuMyUzQitXT1c2NCUzQitUcmlkZW50JTJGNy4wJTNCKy5ORVQ0LjBFJTNCKy5ORVQ0LjBDJTNCKy5ORVQrQ0xSKzMuNS4zMDcyOSUzQisuTkVUK0NMUisyLjAuNTA3MjclM0IrLk5FVCtDTFIrMy4wLjMwNzI5JTNCK0dXWCUzQURPV05MT0FERUQlM0IrR1dYJTNBUVVBTElGSUVEJTNCK3J2JTNBMTEuMCkrbGlrZStHZWNrbyIgQ29ycmVsYXRpb25CaW5kaW5nPSIiIFVybEVuY29kZT0iRmFsc2UiIFVzZVRvR3JvdXBSZXN1bHRzPSJGYWxzZSIgLz4NCiAgICAgICAgPFF1ZXJ5U3RyaW5nUGFyYW1ldGVyIE5hbWU9InRpZCIgVmFsdWU9IjUiIFJlY29yZGVkVmFsdWU9IjUiIENvcnJlbGF0aW9uQmluZGluZz0iIiBVcmxFbmNvZGU9IkZhbHNlIiBVc2VUb0dyb3VwUmVzdWx0cz0iRmFsc2UiIC8+DQogICAgICA8L1F1ZXJ5U3RyaW5nUGFyYW1ldGVycz4NCiAgICA8L1JlcXVlc3Q+DQogICAgPFJlcXVlc3QgTWV0aG9kPSJHRVQiIEd1aWQ9Ijk0MDM3NzJhLTE4YWEtNDU5Ni05MzFjLWQwNmY2ZWQ0ZWI5NCIgVmVyc2lvbj0iMS4xIiBVcmw9Imh0dHA6Ly9sb2NhbGhvc3Q6NTYxMzMvX19icm93c2VyTGluay9yZXF1ZXN0RGF0YS9lYjkwYWFmNjNkYmM0ODY5OTlmYjQwYTAyMTRmNzVjZSIgVGhpbmtUaW1lPSIwIiBUaW1lb3V0PSIzMDAiIFBhcnNlRGVwZW5kZW50UmVxdWVzdHM9IlRydWUiIEZvbGxvd1JlZGlyZWN0cz0iVHJ1ZSIgUmVjb3JkUmVzdWx0PSJUcnVlIiBDYWNoZT0iRmFsc2UiIFJlc3BvbnNlVGltZUdvYWw9IjAiIEVuY29kaW5nPSJ1dGYtOCIgRXhwZWN0ZWRIdHRwU3RhdHVzQ29kZT0iMCIgRXhwZWN0ZWRSZXNwb25zZVVybD0iIiBSZXBvcnRpbmdOYW1lPSIiIElnbm9yZUh0dHBTdGF0dXNDb2RlPSJGYWxzZSI+DQogICAgICA8SGVhZGVycz4NCiAgICAgICAgPEhlYWRlciBOYW1lPSJBY2NlcHQiIFZhbHVlPSJhcHBsaWNhdGlvbi9qc29uLCB0ZXh0L2phdmFzY3JpcHQsICovKjsgcT0wLjAxIiAvPg0KICAgICAgICA8SGVhZGVyIE5hbWU9IlgtUmVxdWVzdGVkLVdpdGgiIFZhbHVlPSJYTUxIdHRwUmVxdWVzdCIgLz4NCiAgICAgICAgPEhlYWRlciBOYW1lPSJSZWZlcmVyIiBWYWx1ZT0iaHR0cDovL2xvY2FsaG9zdDo1NjEzMy9hdXRoL2xvZ2luP1JldHVyblVybD0lMkYiIC8+DQogICAgICA8L0hlYWRlcnM+DQogICAgICA8UXVlcnlTdHJpbmdQYXJhbWV0ZXJzPg0KICAgICAgICA8UXVlcnlTdHJpbmdQYXJhbWV0ZXIgTmFtZT0idmVyc2lvbiIgVmFsdWU9IjIiIFJlY29yZGVkVmFsdWU9IjIiIENvcnJlbGF0aW9uQmluZGluZz0iIiBVcmxFbmNvZGU9IkZhbHNlIiBVc2VUb0dyb3VwUmVzdWx0cz0iRmFsc2UiIC8+DQogICAgICA8L1F1ZXJ5U3RyaW5nUGFyYW1ldGVycz4NCiAgICA8L1JlcXVlc3Q+DQogICAgPFJlcXVlc3QgTWV0aG9kPSJQT1NUIiBHdWlkPSI2YTEwNzMzYS04ZTQ5LTRkZjQtYTFlMS03MDhjMzZkNWRhMTAiIFZlcnNpb249IjEuMSIgVXJsPSJodHRwOi8vbG9jYWxob3N0OjMyNTg1LzA1ZmIxNGUwNjg0NzRmZmI4NDJhYjkxYTg4MzVmZmI3L2Jyb3dzZXJMaW5rU2lnbmFsUi9hYm9ydCIgVGhpbmtUaW1lPSIwIiBUaW1lb3V0PSIzMDAiIFBhcnNlRGVwZW5kZW50UmVxdWVzdHM9IlRydWUiIEZvbGxvd1JlZGlyZWN0cz0iVHJ1ZSIgUmVjb3JkUmVzdWx0PSJUcnVlIiBDYWNoZT0iRmFsc2UiIFJlc3BvbnNlVGltZUdvYWw9IjAiIEVuY29kaW5nPSJ1dGYtOCIgRXhwZWN0ZWRIdHRwU3RhdHVzQ29kZT0iMCIgRXhwZWN0ZWRSZXNwb25zZVVybD0iIiBSZXBvcnRpbmdOYW1lPSIiIElnbm9yZUh0dHBTdGF0dXNDb2RlPSJGYWxzZSI+DQogICAgICA8SGVhZGVycz4NCiAgICAgICAgPEhlYWRlciBOYW1lPSJBY2NlcHQiIFZhbHVlPSJ0ZXh0L3BsYWluLCAqLyo7IHE9MC4wMSIgLz4NCiAgICAgICAgPEhlYWRlciBOYW1lPSJSZWZlcmVyIiBWYWx1ZT0iaHR0cDovL2xvY2FsaG9zdDo1NjEzMy9hdXRoL2xvZ2luP1JldHVyblVybD0lMkYiIC8+DQogICAgICA8L0hlYWRlcnM+DQogICAgICA8UXVlcnlTdHJpbmdQYXJhbWV0ZXJzPg0KICAgICAgICA8UXVlcnlTdHJpbmdQYXJhbWV0ZXIgTmFtZT0idHJhbnNwb3J0IiBWYWx1ZT0id2ViU29ja2V0cyIgUmVjb3JkZWRWYWx1ZT0id2ViU29ja2V0cyIgQ29ycmVsYXRpb25CaW5kaW5nPSIiIFVybEVuY29kZT0iRmFsc2UiIFVzZVRvR3JvdXBSZXN1bHRzPSJGYWxzZSIgLz4NCiAgICAgICAgPFF1ZXJ5U3RyaW5nUGFyYW1ldGVyIE5hbWU9ImNvbm5lY3Rpb25Ub2tlbiIgVmFsdWU9IkFRQUFBTkNNbmQ4QkZkRVJqSG9Bd0UlMkZDbCUyQnNCQUFBQUZhRHpsTSUyRmZURUczR01PTU42SENxd0FBQUFBQ0FBQUFBQUFRWmdBQUFBRUFBQ0FBQUFEVUklMkZMbVlUNWFjaHZsVVFCNU9maFZVbTJ6eFlSUThaT2dKclp3V2l3alhnQUFBQUFPZ0FBQUFBSUFBQ0FBQUFEUGJRTDczS1ROJTJGY09uR3Q5M3FaVW1obTh2UWdKcE1qTk9NNnNOMGRza0dUQUFBQURHclR4MDFQVWc5Y25DMmZaZWhQQ1lXTHRHSFJYbXlhWWpQWHI3eEJrMDloY3lrZGlMTG8yQjIlMkJjWCUyRmdBbjk0MUFBQUFBN1ZCSWlmNElidnh2SkFPQXB1OVRLRWZ0RVNxTDhkSzBDWFY4aXJicTA4TnM1UlRzMmFJNEJZU2R3bzQ1VWRGJTJGdDJhd3Uzc0ZWRmE1dGQwaHVuJTJGVHJ3JTNEJTNEIiBSZWNvcmRlZFZhbHVlPSJBUUFBQU5DTW5kOEJGZEVSakhvQXdFJTJGQ2wlMkJzQkFBQUFGYUR6bE0lMkZmVEVHM0dNT01ONkhDcXdBQUFBQUNBQUFBQUFBUVpnQUFBQUVBQUNBQUFBRFVJJTJGTG1ZVDVhY2h2bFVRQjVPZmhWVW0yenhZUlE4Wk9nSnJad1dpd2pYZ0FBQUFBT2dBQUFBQUlBQUNBQUFBRFBiUUw3M0tUTiUyRmNPbkd0OTNxWlVtaG04dlFnSnBNak5PTTZzTjBkc2tHVEFBQUFER3JUeDAxUFVnOWNuQzJmWmVoUENZV0x0R0hSWG15YVlqUFhyN3hCazA5aGN5a2RpTExvMkIyJTJCY1glMkZnQW45NDFBQUFBQTdWQklpZjRJYnZ4dkpBT0FwdTlUS0VmdEVTcUw4ZEswQ1hWOGlyYnEwOE5zNVJUczJhSTRCWVNkd280NVVkRiUyRnQyYXd1M3NGVkZhNXRkMGh1biUyRlRydyUzRCUzRCIgQ29ycmVsYXRpb25CaW5kaW5nPSIiIFVybEVuY29kZT0iRmFsc2UiIFVzZVRvR3JvdXBSZXN1bHRzPSJGYWxzZSIgLz4NCiAgICAgICAgPFF1ZXJ5U3RyaW5nUGFyYW1ldGVyIE5hbWU9InJlcXVlc3RVcmwiIFZhbHVlPSJodHRwJTNBJTJGJTJGbG9jYWxob3N0JTNBNTYxMzMlMkZhdXRoJTJGbG9naW4lM0ZSZXR1cm5VcmwlM0QlMjUyRiIgUmVjb3JkZWRWYWx1ZT0iaHR0cCUzQSUyRiUyRmxvY2FsaG9zdCUzQTU2MTMzJTJGYXV0aCUyRmxvZ2luJTNGUmV0dXJuVXJsJTNEJTI1MkYiIENvcnJlbGF0aW9uQmluZGluZz0iIiBVcmxFbmNvZGU9IkZhbHNlIiBVc2VUb0dyb3VwUmVzdWx0cz0iRmFsc2UiIC8+DQogICAgICAgIDxRdWVyeVN0cmluZ1BhcmFtZXRlciBOYW1lPSJicm93c2VyTmFtZSIgVmFsdWU9IkludGVybmV0K0V4cGxvcmVyIiBSZWNvcmRlZFZhbHVlPSJJbnRlcm5ldCtFeHBsb3JlciIgQ29ycmVsYXRpb25CaW5kaW5nPSIiIFVybEVuY29kZT0iRmFsc2UiIFVzZVRvR3JvdXBSZXN1bHRzPSJGYWxzZSIgLz4NCiAgICAgICAgPFF1ZXJ5U3RyaW5nUGFyYW1ldGVyIE5hbWU9InVzZXJBZ2VudCIgVmFsdWU9Ik1vemlsbGElMkY1LjArKFdpbmRvd3MrTlQrNi4zJTNCK1dPVzY0JTNCK1RyaWRlbnQlMkY3LjAlM0IrLk5FVDQuMEUlM0IrLk5FVDQuMEMlM0IrLk5FVCtDTFIrMy41LjMwNzI5JTNCKy5ORVQrQ0xSKzIuMC41MDcyNyUzQisuTkVUK0NMUiszLjAuMzA3MjklM0IrR1dYJTNBRE9XTkxPQURFRCUzQitHV1glM0FRVUFMSUZJRUQlM0IrcnYlM0ExMS4wKStsaWtlK0dlY2tvIiBSZWNvcmRlZFZhbHVlPSJNb3ppbGxhJTJGNS4wKyhXaW5kb3dzK05UKzYuMyUzQitXT1c2NCUzQitUcmlkZW50JTJGNy4wJTNCKy5ORVQ0LjBFJTNCKy5ORVQ0LjBDJTNCKy5ORVQrQ0xSKzMuNS4zMDcyOSUzQisuTkVUK0NMUisyLjAuNTA3MjclM0IrLk5FVCtDTFIrMy4wLjMwNzI5JTNCK0dXWCUzQURPV05MT0FERUQlM0IrR1dYJTNBUVVBTElGSUVEJTNCK3J2JTNBMTEuMCkrbGlrZStHZWNrbyIgQ29ycmVsYXRpb25CaW5kaW5nPSIiIFVybEVuY29kZT0iRmFsc2UiIFVzZVRvR3JvdXBSZXN1bHRzPSJGYWxzZSIgLz4NCiAgICAgIDwvUXVlcnlTdHJpbmdQYXJhbWV0ZXJzPg0KICAgICAgPEZvcm1Qb3N0SHR0cEJvZHkgLz4NCiAgICA8L1JlcXVlc3Q+DQogICAgPFJlcXVlc3QgTWV0aG9kPSJQT1NUIiBHdWlkPSI0YzgwN2JmYS0zYzBjLTQ0MjYtOTI3Ny04MTkzODBlZGZhMmMiIFZlcnNpb249IjEuMSIgVXJsPSJodHRwOi8vbG9jYWxob3N0OjMyNTg1LzA1ZmIxNGUwNjg0NzRmZmI4NDJhYjkxYTg4MzVmZmI3L2Jyb3dzZXJMaW5rU2lnbmFsUi9uZWdvdGlhdGUiIFRoaW5rVGltZT0iMTQiIFRpbWVvdXQ9IjMwMCIgUGFyc2VEZXBlbmRlbnRSZXF1ZXN0cz0iVHJ1ZSIgRm9sbG93UmVkaXJlY3RzPSJUcnVlIiBSZWNvcmRSZXN1bHQ9IlRydWUiIENhY2hlPSJGYWxzZSIgUmVzcG9uc2VUaW1lR29hbD0iMCIgRW5jb2Rpbmc9InV0Zi04IiBFeHBlY3RlZEh0dHBTdGF0dXNDb2RlPSIwIiBFeHBlY3RlZFJlc3BvbnNlVXJsPSIiIFJlcG9ydGluZ05hbWU9IiIgSWdub3JlSHR0cFN0YXR1c0NvZGU9IkZhbHNlIj4NCiAgICAgIDxIZWFkZXJzPg0KICAgICAgICA8SGVhZGVyIE5hbWU9IkNvbnRlbnQtVHlwZSIgVmFsdWU9ImFwcGxpY2F0aW9uL3gtd3d3LWZvcm0tdXJsZW5jb2RlZDsgY2hhcnNldD1VVEYtOCIgLz4NCiAgICAgICAgPEhlYWRlciBOYW1lPSJBY2NlcHQiIFZhbHVlPSJ0ZXh0L3BsYWluLCAqLyo7IHE9MC4wMSIgLz4NCiAgICAgICAgPEhlYWRlciBOYW1lPSJSZWZlcmVyIiBWYWx1ZT0iaHR0cDovL2xvY2FsaG9zdDo1NjEzMy9BdXRoL0xvZ0luIiAvPg0KICAgICAgPC9IZWFkZXJzPg0KICAgICAgPFF1ZXJ5U3RyaW5nUGFyYW1ldGVycz4NCiAgICAgICAgPFF1ZXJ5U3RyaW5nUGFyYW1ldGVyIE5hbWU9InJlcXVlc3RVcmwiIFZhbHVlPSJodHRwJTNBJTJGJTJGbG9jYWxob3N0JTNBNTYxMzMlMkZBdXRoJTJGTG9nSW4iIFJlY29yZGVkVmFsdWU9Imh0dHAlM0ElMkYlMkZsb2NhbGhvc3QlM0E1NjEzMyUyRkF1dGglMkZMb2dJbiIgQ29ycmVsYXRpb25CaW5kaW5nPSIiIFVybEVuY29kZT0iRmFsc2UiIFVzZVRvR3JvdXBSZXN1bHRzPSJGYWxzZSIgLz4NCiAgICAgICAgPFF1ZXJ5U3RyaW5nUGFyYW1ldGVyIE5hbWU9ImJyb3dzZXJOYW1lIiBWYWx1ZT0iSW50ZXJuZXQrRXhwbG9yZXIiIFJlY29yZGVkVmFsdWU9IkludGVybmV0K0V4cGxvcmVyIiBDb3JyZWxhdGlvbkJpbmRpbmc9IiIgVXJsRW5jb2RlPSJGYWxzZSIgVXNlVG9Hcm91cFJlc3VsdHM9IkZhbHNlIiAvPg0KICAgICAgICA8UXVlcnlTdHJpbmdQYXJhbWV0ZXIgTmFtZT0idXNlckFnZW50IiBWYWx1ZT0iTW96aWxsYSUyRjUuMCsoV2luZG93cytOVCs2LjMlM0IrV09XNjQlM0IrVHJpZGVudCUyRjcuMCUzQisuTkVUNC4wRSUzQisuTkVUNC4wQyUzQisuTkVUK0NMUiszLjUuMzA3MjklM0IrLk5FVCtDTFIrMi4wLjUwNzI3JTNCKy5ORVQrQ0xSKzMuMC4zMDcyOSUzQitHV1glM0FET1dOTE9BREVEJTNCK0dXWCUzQVFVQUxJRklFRCUzQitydiUzQTExLjApK2xpa2UrR2Vja28iIFJlY29yZGVkVmFsdWU9Ik1vemlsbGElMkY1LjArKFdpbmRvd3MrTlQrNi4zJTNCK1dPVzY0JTNCK1RyaWRlbnQlMkY3LjAlM0IrLk5FVDQuMEUlM0IrLk5FVDQuMEMlM0IrLk5FVCtDTFIrMy41LjMwNzI5JTNCKy5ORVQrQ0xSKzIuMC41MDcyNyUzQisuTkVUK0NMUiszLjAuMzA3MjklM0IrR1dYJTNBRE9XTkxPQURFRCUzQitHV1glM0FRVUFMSUZJRUQlM0IrcnYlM0ExMS4wKStsaWtlK0dlY2tvIiBDb3JyZWxhdGlvbkJpbmRpbmc9IiIgVXJsRW5jb2RlPSJGYWxzZSIgVXNlVG9Hcm91cFJlc3VsdHM9IkZhbHNlIiAvPg0KICAgICAgICA8UXVlcnlTdHJpbmdQYXJhbWV0ZXIgTmFtZT0iY2xpZW50UHJvdG9jb2wiIFZhbHVlPSIxLjMiIFJlY29yZGVkVmFsdWU9IjEuMyIgQ29ycmVsYXRpb25CaW5kaW5nPSIiIFVybEVuY29kZT0iRmFsc2UiIFVzZVRvR3JvdXBSZXN1bHRzPSJGYWxzZSIgLz4NCiAgICAgICAgPFF1ZXJ5U3RyaW5nUGFyYW1ldGVyIE5hbWU9Il8iIFZhbHVlPSIxNDY0OTgwNjI2MzA2IiBSZWNvcmRlZFZhbHVlPSIxNDY0OTgwNjI2MzA2IiBDb3JyZWxhdGlvbkJpbmRpbmc9IiIgVXJsRW5jb2RlPSJGYWxzZSIgVXNlVG9Hcm91cFJlc3VsdHM9IkZhbHNlIiAvPg0KICAgICAgPC9RdWVyeVN0cmluZ1BhcmFtZXRlcnM+DQogICAgICA8Rm9ybVBvc3RIdHRwQm9keSAvPg0KICAgIDwvUmVxdWVzdD4NCiAgICA8UmVxdWVzdCBNZXRob2Q9IlBPU1QiIEd1aWQ9ImJmNGJhN2MzLWU5NzYtNDQ4Yi1hNDg5LTU0Yjg4NGFiOWVlZSIgVmVyc2lvbj0iMS4xIiBVcmw9Imh0dHA6Ly9sb2NhbGhvc3Q6NTYxMzMvQXV0aC9Mb2dJbiIgVGhpbmtUaW1lPSIwIiBUaW1lb3V0PSIzMDAiIFBhcnNlRGVwZW5kZW50UmVxdWVzdHM9IlRydWUiIEZvbGxvd1JlZGlyZWN0cz0iVHJ1ZSIgUmVjb3JkUmVzdWx0PSJUcnVlIiBDYWNoZT0iRmFsc2UiIFJlc3BvbnNlVGltZUdvYWw9IjAiIEVuY29kaW5nPSJ1dGYtOCIgRXhwZWN0ZWRIdHRwU3RhdHVzQ29kZT0iMCIgRXhwZWN0ZWRSZXNwb25zZVVybD0iaHR0cDovL2xvY2FsaG9zdDo1NjEzMy8iIFJlcG9ydGluZ05hbWU9IiIgSWdub3JlSHR0cFN0YXR1c0NvZGU9IkZhbHNlIj4NCiAgICAgIDxIZWFkZXJzPg0KICAgICAgICA8SGVhZGVyIE5hbWU9IlJlZmVyZXIiIFZhbHVlPSJodHRwOi8vbG9jYWxob3N0OjU2MTMzL0F1dGgvTG9nSW4iIC8+DQogICAgICA8L0hlYWRlcnM+DQogICAgICA8Rm9ybVBvc3RIdHRwQm9keT4NCiAgICAgICAgPEZvcm1Qb3N0UGFyYW1ldGVyIE5hbWU9ImxvZ2luIiBWYWx1ZT0iYWRtaW5AYWRtaW4uY29tIiBSZWNvcmRlZFZhbHVlPSJhZG1pbkBhZG1pbi5jb20iIENvcnJlbGF0aW9uQmluZGluZz0iIiBVcmxFbmNvZGU9IlRydWUiIC8+DQogICAgICAgIDxGb3JtUG9zdFBhcmFtZXRlciBOYW1lPSJQYXNzd29yZCIgVmFsdWU9InBhc3N3b3JkIiBSZWNvcmRlZFZhbHVlPSJwYXNzd29yZCIgQ29ycmVsYXRpb25CaW5kaW5nPSJ7e0Zvcm1Qb3N0UGFyYW0xLlBhc3N3b3JkfX0iIFVybEVuY29kZT0iVHJ1ZSIgLz4NCiAgICAgIDwvRm9ybVBvc3RIdHRwQm9keT4NCiAgICA8L1JlcXVlc3Q+DQogICAgPFJlcXVlc3QgTWV0aG9kPSJHRVQiIEd1aWQ9Ijk4NDQ0NzI4LTViMmItNDZkNy04ZDBiLWE3NDczODlhYzZjMyIgVmVyc2lvbj0iMS4xIiBVcmw9Imh0dHA6Ly9sb2NhbGhvc3Q6MzI1ODUvMDVmYjE0ZTA2ODQ3NGZmYjg0MmFiOTFhODgzNWZmYjcvYnJvd3NlckxpbmtTaWduYWxSL2Nvbm5lY3QiIFRoaW5rVGltZT0iMCIgVGltZW91dD0iMzAwIiBQYXJzZURlcGVuZGVudFJlcXVlc3RzPSJUcnVlIiBGb2xsb3dSZWRpcmVjdHM9IlRydWUiIFJlY29yZFJlc3VsdD0iVHJ1ZSIgQ2FjaGU9IkZhbHNlIiBSZXNwb25zZVRpbWVHb2FsPSIwIiBFbmNvZGluZz0idXRmLTgiIEV4cGVjdGVkSHR0cFN0YXR1c0NvZGU9IjAiIEV4cGVjdGVkUmVzcG9uc2VVcmw9IiIgUmVwb3J0aW5nTmFtZT0iIiBJZ25vcmVIdHRwU3RhdHVzQ29kZT0iRmFsc2UiPg0KICAgICAgPFF1ZXJ5U3RyaW5nUGFyYW1ldGVycz4NCiAgICAgICAgPFF1ZXJ5U3RyaW5nUGFyYW1ldGVyIE5hbWU9InRyYW5zcG9ydCIgVmFsdWU9IndlYlNvY2tldHMiIFJlY29yZGVkVmFsdWU9IndlYlNvY2tldHMiIENvcnJlbGF0aW9uQmluZGluZz0iIiBVcmxFbmNvZGU9IkZhbHNlIiBVc2VUb0dyb3VwUmVzdWx0cz0iRmFsc2UiIC8+DQogICAgICAgIDxRdWVyeVN0cmluZ1BhcmFtZXRlciBOYW1lPSJjb25uZWN0aW9uVG9rZW4iIFZhbHVlPSJBUUFBQU5DTW5kOEJGZEVSakhvQXdFJTJGQ2wlMkJzQkFBQUFGYUR6bE0lMkZmVEVHM0dNT01ONkhDcXdBQUFBQUNBQUFBQUFBUVpnQUFBQUVBQUNBQUFBRDlQWXczd09GTHRCem40JTJCeGh5dFJ2cUt2NUZGMVZwTUIlMkZ1TGlMRGlmNVBnQUFBQUFPZ0FBQUFBSUFBQ0FBQUFBNjdMWnBTeGdITGxMWThEeE81WUs1d2RDNGIlMkZUWlhtTEtjcUdRS0dzNElEQUFBQUN2cUt2ZXdoSzl3VENDcVNWSSUyRkpXTGgzOWxrN3B1R2wzT2hiRFlnMzBvdHlUa2pTSlFXeUkwS2pWbWdtd0Y2NVJBQUFBQUtMbnBrVFcxaDB6WkNTR3I1VFdIRFBRbyUyRnlVZiUyQk9QTUo0UmpZNFFRM2p3UENod3Y2a3JqSXcwTEI2bFhYbHZzaFB1Y09SaVV4T2FvZkw5MFNkZzZyUSUzRCUzRCIgUmVjb3JkZWRWYWx1ZT0iQVFBQUFOQ01uZDhCRmRFUmpIb0F3RSUyRkNsJTJCc0JBQUFBRmFEemxNJTJGZlRFRzNHTU9NTjZIQ3F3QUFBQUFDQUFBQUFBQVFaZ0FBQUFFQUFDQUFBQUQ5UFl3M3dPRkx0QnpuNCUyQnhoeXRSdnFLdjVGRjFWcE1CJTJGdUxpTERpZjVQZ0FBQUFBT2dBQUFBQUlBQUNBQUFBQTY3TFpwU3hnSExsTFk4RHhPNVlLNXdkQzRiJTJGVFpYbUxLY3FHUUtHczRJREFBQUFDdnFLdmV3aEs5d1RDQ3FTVkklMkZKV0xoMzlsazdwdUdsM09oYkRZZzMwb3R5VGtqU0pRV3lJMEtqVm1nbXdGNjVSQUFBQUFLTG5wa1RXMWgwelpDU0dyNVRXSERQUW8lMkZ5VWYlMkJPUE1KNFJqWTRRUTNqd1BDaHd2Nmtyakl3MExCNmxYWGx2c2hQdWNPUmlVeE9hb2ZMOTBTZGc2clElM0QlM0QiIENvcnJlbGF0aW9uQmluZGluZz0iIiBVcmxFbmNvZGU9IkZhbHNlIiBVc2VUb0dyb3VwUmVzdWx0cz0iRmFsc2UiIC8+DQogICAgICAgIDxRdWVyeVN0cmluZ1BhcmFtZXRlciBOYW1lPSJyZXF1ZXN0VXJsIiBWYWx1ZT0iaHR0cCUzQSUyRiUyRmxvY2FsaG9zdCUzQTU2MTMzJTJGQXV0aCUyRkxvZ0luIiBSZWNvcmRlZFZhbHVlPSJodHRwJTNBJTJGJTJGbG9jYWxob3N0JTNBNTYxMzMlMkZBdXRoJTJGTG9nSW4iIENvcnJlbGF0aW9uQmluZGluZz0iIiBVcmxFbmNvZGU9IkZhbHNlIiBVc2VUb0dyb3VwUmVzdWx0cz0iRmFsc2UiIC8+DQogICAgICAgIDxRdWVyeVN0cmluZ1BhcmFtZXRlciBOYW1lPSJicm93c2VyTmFtZSIgVmFsdWU9IkludGVybmV0K0V4cGxvcmVyIiBSZWNvcmRlZFZhbHVlPSJJbnRlcm5ldCtFeHBsb3JlciIgQ29ycmVsYXRpb25CaW5kaW5nPSIiIFVybEVuY29kZT0iRmFsc2UiIFVzZVRvR3JvdXBSZXN1bHRzPSJGYWxzZSIgLz4NCiAgICAgICAgPFF1ZXJ5U3RyaW5nUGFyYW1ldGVyIE5hbWU9InVzZXJBZ2VudCIgVmFsdWU9Ik1vemlsbGElMkY1LjArKFdpbmRvd3MrTlQrNi4zJTNCK1dPVzY0JTNCK1RyaWRlbnQlMkY3LjAlM0IrLk5FVDQuMEUlM0IrLk5FVDQuMEMlM0IrLk5FVCtDTFIrMy41LjMwNzI5JTNCKy5ORVQrQ0xSKzIuMC41MDcyNyUzQisuTkVUK0NMUiszLjAuMzA3MjklM0IrR1dYJTNBRE9XTkxPQURFRCUzQitHV1glM0FRVUFMSUZJRUQlM0IrcnYlM0ExMS4wKStsaWtlK0dlY2tvIiBSZWNvcmRlZFZhbHVlPSJNb3ppbGxhJTJGNS4wKyhXaW5kb3dzK05UKzYuMyUzQitXT1c2NCUzQitUcmlkZW50JTJGNy4wJTNCKy5ORVQ0LjBFJTNCKy5ORVQ0LjBDJTNCKy5ORVQrQ0xSKzMuNS4zMDcyOSUzQisuTkVUK0NMUisyLjAuNTA3MjclM0IrLk5FVCtDTFIrMy4wLjMwNzI5JTNCK0dXWCUzQURPV05MT0FERUQlM0IrR1dYJTNBUVVBTElGSUVEJTNCK3J2JTNBMTEuMCkrbGlrZStHZWNrbyIgQ29ycmVsYXRpb25CaW5kaW5nPSIiIFVybEVuY29kZT0iRmFsc2UiIFVzZVRvR3JvdXBSZXN1bHRzPSJGYWxzZSIgLz4NCiAgICAgICAgPFF1ZXJ5U3RyaW5nUGFyYW1ldGVyIE5hbWU9InRpZCIgVmFsdWU9IjEiIFJlY29yZGVkVmFsdWU9IjEiIENvcnJlbGF0aW9uQmluZGluZz0iIiBVcmxFbmNvZGU9IkZhbHNlIiBVc2VUb0dyb3VwUmVzdWx0cz0iRmFsc2UiIC8+DQogICAgICA8L1F1ZXJ5U3RyaW5nUGFyYW1ldGVycz4NCiAgICA8L1JlcXVlc3Q+DQogICAgPFJlcXVlc3QgTWV0aG9kPSJHRVQiIEd1aWQ9IjUxZWIxNzFkLWNiMTktNDYxMS1hYzE0LWM3NWU3NWZmMzFkZiIgVmVyc2lvbj0iMS4xIiBVcmw9Imh0dHA6Ly9sb2NhbGhvc3Q6NTYxMzMvX19icm93c2VyTGluay9yZXF1ZXN0RGF0YS85ZGFlZDdkYWNiMDE0MGNiODZjMjhiYWZkNjU4NjM3MCIgVGhpbmtUaW1lPSIwIiBUaW1lb3V0PSIzMDAiIFBhcnNlRGVwZW5kZW50UmVxdWVzdHM9IlRydWUiIEZvbGxvd1JlZGlyZWN0cz0iVHJ1ZSIgUmVjb3JkUmVzdWx0PSJUcnVlIiBDYWNoZT0iRmFsc2UiIFJlc3BvbnNlVGltZUdvYWw9IjAiIEVuY29kaW5nPSJ1dGYtOCIgRXhwZWN0ZWRIdHRwU3RhdHVzQ29kZT0iMCIgRXhwZWN0ZWRSZXNwb25zZVVybD0iIiBSZXBvcnRpbmdOYW1lPSIiIElnbm9yZUh0dHBTdGF0dXNDb2RlPSJGYWxzZSI+DQogICAgICA8SGVhZGVycz4NCiAgICAgICAgPEhlYWRlciBOYW1lPSJBY2NlcHQiIFZhbHVlPSJhcHBsaWNhdGlvbi9qc29uLCB0ZXh0L2phdmFzY3JpcHQsICovKjsgcT0wLjAxIiAvPg0KICAgICAgICA8SGVhZGVyIE5hbWU9IlgtUmVxdWVzdGVkLVdpdGgiIFZhbHVlPSJYTUxIdHRwUmVxdWVzdCIgLz4NCiAgICAgICAgPEhlYWRlciBOYW1lPSJSZWZlcmVyIiBWYWx1ZT0iaHR0cDovL2xvY2FsaG9zdDo1NjEzMy9BdXRoL0xvZ0luIiAvPg0KICAgICAgPC9IZWFkZXJzPg0KICAgICAgPFF1ZXJ5U3RyaW5nUGFyYW1ldGVycz4NCiAgICAgICAgPFF1ZXJ5U3RyaW5nUGFyYW1ldGVyIE5hbWU9InZlcnNpb24iIFZhbHVlPSIyIiBSZWNvcmRlZFZhbHVlPSIyIiBDb3JyZWxhdGlvbkJpbmRpbmc9IiIgVXJsRW5jb2RlPSJGYWxzZSIgVXNlVG9Hcm91cFJlc3VsdHM9IkZhbHNlIiAvPg0KICAgICAgPC9RdWVyeVN0cmluZ1BhcmFtZXRlcnM+DQogICAgPC9SZXF1ZXN0Pg0KICAgIDxSZXF1ZXN0IE1ldGhvZD0iUE9TVCIgR3VpZD0iMTcwMjMxM2YtM2U4Zi00MmM4LTg5MjUtNDNiMTYzYzBlODNkIiBWZXJzaW9uPSIxLjEiIFVybD0iaHR0cDovL2xvY2FsaG9zdDozMjU4NS8wNWZiMTRlMDY4NDc0ZmZiODQyYWI5MWE4ODM1ZmZiNy9icm93c2VyTGlua1NpZ25hbFIvYWJvcnQiIFRoaW5rVGltZT0iMCIgVGltZW91dD0iMzAwIiBQYXJzZURlcGVuZGVudFJlcXVlc3RzPSJUcnVlIiBGb2xsb3dSZWRpcmVjdHM9IlRydWUiIFJlY29yZFJlc3VsdD0iVHJ1ZSIgQ2FjaGU9IkZhbHNlIiBSZXNwb25zZVRpbWVHb2FsPSIwIiBFbmNvZGluZz0idXRmLTgiIEV4cGVjdGVkSHR0cFN0YXR1c0NvZGU9IjAiIEV4cGVjdGVkUmVzcG9uc2VVcmw9IiIgUmVwb3J0aW5nTmFtZT0iIiBJZ25vcmVIdHRwU3RhdHVzQ29kZT0iRmFsc2UiPg0KICAgICAgPEhlYWRlcnM+DQogICAgICAgIDxIZWFkZXIgTmFtZT0iQWNjZXB0IiBWYWx1ZT0idGV4dC9wbGFpbiwgKi8qOyBxPTAuMDEiIC8+DQogICAgICAgIDxIZWFkZXIgTmFtZT0iUmVmZXJlciIgVmFsdWU9Imh0dHA6Ly9sb2NhbGhvc3Q6NTYxMzMvQXV0aC9Mb2dJbiIgLz4NCiAgICAgIDwvSGVhZGVycz4NCiAgICAgIDxRdWVyeVN0cmluZ1BhcmFtZXRlcnM+DQogICAgICAgIDxRdWVyeVN0cmluZ1BhcmFtZXRlciBOYW1lPSJ0cmFuc3BvcnQiIFZhbHVlPSJ3ZWJTb2NrZXRzIiBSZWNvcmRlZFZhbHVlPSJ3ZWJTb2NrZXRzIiBDb3JyZWxhdGlvbkJpbmRpbmc9IiIgVXJsRW5jb2RlPSJGYWxzZSIgVXNlVG9Hcm91cFJlc3VsdHM9IkZhbHNlIiAvPg0KICAgICAgICA8UXVlcnlTdHJpbmdQYXJhbWV0ZXIgTmFtZT0iY29ubmVjdGlvblRva2VuIiBWYWx1ZT0iQVFBQUFOQ01uZDhCRmRFUmpIb0F3RSUyRkNsJTJCc0JBQUFBRmFEemxNJTJGZlRFRzNHTU9NTjZIQ3F3QUFBQUFDQUFBQUFBQVFaZ0FBQUFFQUFDQUFBQUQ5UFl3M3dPRkx0QnpuNCUyQnhoeXRSdnFLdjVGRjFWcE1CJTJGdUxpTERpZjVQZ0FBQUFBT2dBQUFBQUlBQUNBQUFBQTY3TFpwU3hnSExsTFk4RHhPNVlLNXdkQzRiJTJGVFpYbUxLY3FHUUtHczRJREFBQUFDdnFLdmV3aEs5d1RDQ3FTVkklMkZKV0xoMzlsazdwdUdsM09oYkRZZzMwb3R5VGtqU0pRV3lJMEtqVm1nbXdGNjVSQUFBQUFLTG5wa1RXMWgwelpDU0dyNVRXSERQUW8lMkZ5VWYlMkJPUE1KNFJqWTRRUTNqd1BDaHd2Nmtyakl3MExCNmxYWGx2c2hQdWNPUmlVeE9hb2ZMOTBTZGc2clElM0QlM0QiIFJlY29yZGVkVmFsdWU9IkFRQUFBTkNNbmQ4QkZkRVJqSG9Bd0UlMkZDbCUyQnNCQUFBQUZhRHpsTSUyRmZURUczR01PTU42SENxd0FBQUFBQ0FBQUFBQUFRWmdBQUFBRUFBQ0FBQUFEOVBZdzN3T0ZMdEJ6bjQlMkJ4aHl0UnZxS3Y1RkYxVnBNQiUyRnVMaUxEaWY1UGdBQUFBQU9nQUFBQUFJQUFDQUFBQUE2N0xacFN4Z0hMbExZOER4TzVZSzV3ZEM0YiUyRlRaWG1MS2NxR1FLR3M0SURBQUFBQ3ZxS3Zld2hLOXdUQ0NxU1ZJJTJGSldMaDM5bGs3cHVHbDNPaGJEWWczMG90eVRralNKUVd5STBLalZtZ213RjY1UkFBQUFBS0xucGtUVzFoMHpaQ1NHcjVUV0hEUFFvJTJGeVVmJTJCT1BNSjRSalk0UVEzandQQ2h3djZrcmpJdzBMQjZsWFhsdnNoUHVjT1JpVXhPYW9mTDkwU2RnNnJRJTNEJTNEIiBDb3JyZWxhdGlvbkJpbmRpbmc9IiIgVXJsRW5jb2RlPSJGYWxzZSIgVXNlVG9Hcm91cFJlc3VsdHM9IkZhbHNlIiAvPg0KICAgICAgICA8UXVlcnlTdHJpbmdQYXJhbWV0ZXIgTmFtZT0icmVxdWVzdFVybCIgVmFsdWU9Imh0dHAlM0ElMkYlMkZsb2NhbGhvc3QlM0E1NjEzMyUyRkF1dGglMkZMb2dJbiIgUmVjb3JkZWRWYWx1ZT0iaHR0cCUzQSUyRiUyRmxvY2FsaG9zdCUzQTU2MTMzJTJGQXV0aCUyRkxvZ0luIiBDb3JyZWxhdGlvbkJpbmRpbmc9IiIgVXJsRW5jb2RlPSJGYWxzZSIgVXNlVG9Hcm91cFJlc3VsdHM9IkZhbHNlIiAvPg0KICAgICAgICA8UXVlcnlTdHJpbmdQYXJhbWV0ZXIgTmFtZT0iYnJvd3Nlck5hbWUiIFZhbHVlPSJJbnRlcm5ldCtFeHBsb3JlciIgUmVjb3JkZWRWYWx1ZT0iSW50ZXJuZXQrRXhwbG9yZXIiIENvcnJlbGF0aW9uQmluZGluZz0iIiBVcmxFbmNvZGU9IkZhbHNlIiBVc2VUb0dyb3VwUmVzdWx0cz0iRmFsc2UiIC8+DQogICAgICAgIDxRdWVyeVN0cmluZ1BhcmFtZXRlciBOYW1lPSJ1c2VyQWdlbnQiIFZhbHVlPSJNb3ppbGxhJTJGNS4wKyhXaW5kb3dzK05UKzYuMyUzQitXT1c2NCUzQitUcmlkZW50JTJGNy4wJTNCKy5ORVQ0LjBFJTNCKy5ORVQ0LjBDJTNCKy5ORVQrQ0xSKzMuNS4zMDcyOSUzQisuTkVUK0NMUisyLjAuNTA3MjclM0IrLk5FVCtDTFIrMy4wLjMwNzI5JTNCK0dXWCUzQURPV05MT0FERUQlM0IrR1dYJTNBUVVBTElGSUVEJTNCK3J2JTNBMTEuMCkrbGlrZStHZWNrbyIgUmVjb3JkZWRWYWx1ZT0iTW96aWxsYSUyRjUuMCsoV2luZG93cytOVCs2LjMlM0IrV09XNjQlM0IrVHJpZGVudCUyRjcuMCUzQisuTkVUNC4wRSUzQisuTkVUNC4wQyUzQisuTkVUK0NMUiszLjUuMzA3MjklM0IrLk5FVCtDTFIrMi4wLjUwNzI3JTNCKy5ORVQrQ0xSKzMuMC4zMDcyOSUzQitHV1glM0FET1dOTE9BREVEJTNCK0dXWCUzQVFVQUxJRklFRCUzQitydiUzQTExLjApK2xpa2UrR2Vja28iIENvcnJlbGF0aW9uQmluZGluZz0iIiBVcmxFbmNvZGU9IkZhbHNlIiBVc2VUb0dyb3VwUmVzdWx0cz0iRmFsc2UiIC8+DQogICAgICA8L1F1ZXJ5U3RyaW5nUGFyYW1ldGVycz4NCiAgICAgIDxGb3JtUG9zdEh0dHBCb2R5IC8+DQogICAgPC9SZXF1ZXN0Pg0KICAgIDxSZXF1ZXN0IE1ldGhvZD0iUE9TVCIgR3VpZD0iNzIxMjZlOTktOWY4NS00MWFjLWI4ZTUtMWMxNjQyZGRmM2E0IiBWZXJzaW9uPSIxLjEiIFVybD0iaHR0cDovL2xvY2FsaG9zdDozMjU4NS8wNWZiMTRlMDY4NDc0ZmZiODQyYWI5MWE4ODM1ZmZiNy9icm93c2VyTGlua1NpZ25hbFIvbmVnb3RpYXRlIiBUaGlua1RpbWU9IjE1IiBUaW1lb3V0PSIzMDAiIFBhcnNlRGVwZW5kZW50UmVxdWVzdHM9IlRydWUiIEZvbGxvd1JlZGlyZWN0cz0iVHJ1ZSIgUmVjb3JkUmVzdWx0PSJUcnVlIiBDYWNoZT0iRmFsc2UiIFJlc3BvbnNlVGltZUdvYWw9IjAiIEVuY29kaW5nPSJ1dGYtOCIgRXhwZWN0ZWRIdHRwU3RhdHVzQ29kZT0iMCIgRXhwZWN0ZWRSZXNwb25zZVVybD0iIiBSZXBvcnRpbmdOYW1lPSIiIElnbm9yZUh0dHBTdGF0dXNDb2RlPSJGYWxzZSI+DQogICAgICA8SGVhZGVycz4NCiAgICAgICAgPEhlYWRlciBOYW1lPSJDb250ZW50LVR5cGUiIFZhbHVlPSJhcHBsaWNhdGlvbi94LXd3dy1mb3JtLXVybGVuY29kZWQ7IGNoYXJzZXQ9VVRGLTgiIC8+DQogICAgICAgIDxIZWFkZXIgTmFtZT0iQWNjZXB0IiBWYWx1ZT0idGV4dC9wbGFpbiwgKi8qOyBxPTAuMDEiIC8+DQogICAgICAgIDxIZWFkZXIgTmFtZT0iUmVmZXJlciIgVmFsdWU9Imh0dHA6Ly9sb2NhbGhvc3Q6NTYxMzMvIiAvPg0KICAgICAgPC9IZWFkZXJzPg0KICAgICAgPFF1ZXJ5U3RyaW5nUGFyYW1ldGVycz4NCiAgICAgICAgPFF1ZXJ5U3RyaW5nUGFyYW1ldGVyIE5hbWU9InJlcXVlc3RVcmwiIFZhbHVlPSJodHRwJTNBJTJGJTJGbG9jYWxob3N0JTNBNTYxMzMlMkYiIFJlY29yZGVkVmFsdWU9Imh0dHAlM0ElMkYlMkZsb2NhbGhvc3QlM0E1NjEzMyUyRiIgQ29ycmVsYXRpb25CaW5kaW5nPSIiIFVybEVuY29kZT0iRmFsc2UiIFVzZVRvR3JvdXBSZXN1bHRzPSJGYWxzZSIgLz4NCiAgICAgICAgPFF1ZXJ5U3RyaW5nUGFyYW1ldGVyIE5hbWU9ImJyb3dzZXJOYW1lIiBWYWx1ZT0iSW50ZXJuZXQrRXhwbG9yZXIiIFJlY29yZGVkVmFsdWU9IkludGVybmV0K0V4cGxvcmVyIiBDb3JyZWxhdGlvbkJpbmRpbmc9IiIgVXJsRW5jb2RlPSJGYWxzZSIgVXNlVG9Hcm91cFJlc3VsdHM9IkZhbHNlIiAvPg0KICAgICAgICA8UXVlcnlTdHJpbmdQYXJhbWV0ZXIgTmFtZT0idXNlckFnZW50IiBWYWx1ZT0iTW96aWxsYSUyRjUuMCsoV2luZG93cytOVCs2LjMlM0IrV09XNjQlM0IrVHJpZGVudCUyRjcuMCUzQisuTkVUNC4wRSUzQisuTkVUNC4wQyUzQisuTkVUK0NMUiszLjUuMzA3MjklM0IrLk5FVCtDTFIrMi4wLjUwNzI3JTNCKy5ORVQrQ0xSKzMuMC4zMDcyOSUzQitHV1glM0FET1dOTE9BREVEJTNCK0dXWCUzQVFVQUxJRklFRCUzQitydiUzQTExLjApK2xpa2UrR2Vja28iIFJlY29yZGVkVmFsdWU9Ik1vemlsbGElMkY1LjArKFdpbmRvd3MrTlQrNi4zJTNCK1dPVzY0JTNCK1RyaWRlbnQlMkY3LjAlM0IrLk5FVDQuMEUlM0IrLk5FVDQuMEMlM0IrLk5FVCtDTFIrMy41LjMwNzI5JTNCKy5ORVQrQ0xSKzIuMC41MDcyNyUzQisuTkVUK0NMUiszLjAuMzA3MjklM0IrR1dYJTNBRE9XTkxPQURFRCUzQitHV1glM0FRVUFMSUZJRUQlM0IrcnYlM0ExMS4wKStsaWtlK0dlY2tvIiBDb3JyZWxhdGlvbkJpbmRpbmc9IiIgVXJsRW5jb2RlPSJGYWxzZSIgVXNlVG9Hcm91cFJlc3VsdHM9IkZhbHNlIiAvPg0KICAgICAgICA8UXVlcnlTdHJpbmdQYXJhbWV0ZXIgTmFtZT0iY2xpZW50UHJvdG9jb2wiIFZhbHVlPSIxLjMiIFJlY29yZGVkVmFsdWU9IjEuMyIgQ29ycmVsYXRpb25CaW5kaW5nPSIiIFVybEVuY29kZT0iRmFsc2UiIFVzZVRvR3JvdXBSZXN1bHRzPSJGYWxzZSIgLz4NCiAgICAgICAgPFF1ZXJ5U3RyaW5nUGFyYW1ldGVyIE5hbWU9Il8iIFZhbHVlPSIxNDY0OTgwNjQwNTEzIiBSZWNvcmRlZFZhbHVlPSIxNDY0OTgwNjQwNTEzIiBDb3JyZWxhdGlvbkJpbmRpbmc9IiIgVXJsRW5jb2RlPSJGYWxzZSIgVXNlVG9Hcm91cFJlc3VsdHM9IkZhbHNlIiAvPg0KICAgICAgPC9RdWVyeVN0cmluZ1BhcmFtZXRlcnM+DQogICAgICA8Rm9ybVBvc3RIdHRwQm9keSAvPg0KICAgIDwvUmVxdWVzdD4NCiAgICA8UmVxdWVzdCBNZXRob2Q9IkdFVCIgR3VpZD0iNmM2M2M5MjMtMzcxMy00NGU4LTk1OGQtMzEwNDc0YzYwMjQyIiBWZXJzaW9uPSIxLjEiIFVybD0iaHR0cDovL2xvY2FsaG9zdDo1NjEzMy9BdXRoL0xvZ291dCIgVGhpbmtUaW1lPSIwIiBUaW1lb3V0PSIzMDAiIFBhcnNlRGVwZW5kZW50UmVxdWVzdHM9IlRydWUiIEZvbGxvd1JlZGlyZWN0cz0iVHJ1ZSIgUmVjb3JkUmVzdWx0PSJUcnVlIiBDYWNoZT0iRmFsc2UiIFJlc3BvbnNlVGltZUdvYWw9IjAiIEVuY29kaW5nPSJ1dGYtOCIgRXhwZWN0ZWRIdHRwU3RhdHVzQ29kZT0iMCIgRXhwZWN0ZWRSZXNwb25zZVVybD0iaHR0cDovL2xvY2FsaG9zdDo1NjEzMy9hdXRoL2xvZ2luP1JldHVyblVybD0lMkYiIFJlcG9ydGluZ05hbWU9IiIgSWdub3JlSHR0cFN0YXR1c0NvZGU9IkZhbHNlIj4NCiAgICAgIDxIZWFkZXJzPg0KICAgICAgICA8SGVhZGVyIE5hbWU9IlJlZmVyZXIiIFZhbHVlPSJodHRwOi8vbG9jYWxob3N0OjU2MTMzLyIgLz4NCiAgICAgIDwvSGVhZGVycz4NCiAgICA8L1JlcXVlc3Q+DQogICAgPFJlcXVlc3QgTWV0aG9kPSJHRVQiIEd1aWQ9IjRjMjQxNDdkLTU1ZTUtNDk2MC04NzQ2LWEyNzEzYWQ1YWEyMCIgVmVyc2lvbj0iMS4xIiBVcmw9Imh0dHA6Ly9sb2NhbGhvc3Q6MzI1ODUvMDVmYjE0ZTA2ODQ3NGZmYjg0MmFiOTFhODgzNWZmYjcvYnJvd3NlckxpbmtTaWduYWxSL2Nvbm5lY3QiIFRoaW5rVGltZT0iMCIgVGltZW91dD0iMzAwIiBQYXJzZURlcGVuZGVudFJlcXVlc3RzPSJUcnVlIiBGb2xsb3dSZWRpcmVjdHM9IlRydWUiIFJlY29yZFJlc3VsdD0iVHJ1ZSIgQ2FjaGU9IkZhbHNlIiBSZXNwb25zZVRpbWVHb2FsPSIwIiBFbmNvZGluZz0idXRmLTgiIEV4cGVjdGVkSHR0cFN0YXR1c0NvZGU9IjAiIEV4cGVjdGVkUmVzcG9uc2VVcmw9IiIgUmVwb3J0aW5nTmFtZT0iIiBJZ25vcmVIdHRwU3RhdHVzQ29kZT0iRmFsc2UiPg0KICAgICAgPFF1ZXJ5U3RyaW5nUGFyYW1ldGVycz4NCiAgICAgICAgPFF1ZXJ5U3RyaW5nUGFyYW1ldGVyIE5hbWU9InRyYW5zcG9ydCIgVmFsdWU9IndlYlNvY2tldHMiIFJlY29yZGVkVmFsdWU9IndlYlNvY2tldHMiIENvcnJlbGF0aW9uQmluZGluZz0iIiBVcmxFbmNvZGU9IkZhbHNlIiBVc2VUb0dyb3VwUmVzdWx0cz0iRmFsc2UiIC8+DQogICAgICAgIDxRdWVyeVN0cmluZ1BhcmFtZXRlciBOYW1lPSJjb25uZWN0aW9uVG9rZW4iIFZhbHVlPSJBUUFBQU5DTW5kOEJGZEVSakhvQXdFJTJGQ2wlMkJzQkFBQUFGYUR6bE0lMkZmVEVHM0dNT01ONkhDcXdBQUFBQUNBQUFBQUFBUVpnQUFBQUVBQUNBQUFBQmFUdkZqYkx1MHpTbnBsZ1hKd0t6M0lLOGxHT1p2RFphZEdXcSUyRm9QV2NsZ0FBQUFBT2dBQUFBQUlBQUNBQUFBQWFXJTJGakdFYzRGaGpScXJpeThvaXolMkJ4TlVmV3g1RVBNd09kbktOT2VmNmNqQUFBQUJva20lMkZxY0xNRElOMXQ3JTJGRVRkc3h2MzMyRmpIOTdkazFZWUo4Y08lMkZ0SFVBTHdvSDhxTGE4UkolMkJsMUlqMWRTRHRBQUFBQUpCVzdOeTJybmcyODR5ZlBEQjhHJTJCOEs5M2ozazZTcXhCSG1uTUpKNE9mZmhONjFvR3U0a3RGVkpBNTBLNWFUSHU5a0VTZVJ1YU5vSVVnY3pZbnBkZ0ElM0QlM0QiIFJlY29yZGVkVmFsdWU9IkFRQUFBTkNNbmQ4QkZkRVJqSG9Bd0UlMkZDbCUyQnNCQUFBQUZhRHpsTSUyRmZURUczR01PTU42SENxd0FBQUFBQ0FBQUFBQUFRWmdBQUFBRUFBQ0FBQUFCYVR2RmpiTHUwelNucGxnWEp3S3ozSUs4bEdPWnZEWmFkR1dxJTJGb1BXY2xnQUFBQUFPZ0FBQUFBSUFBQ0FBQUFBYVclMkZqR0VjNEZoalJxcml5OG9peiUyQnhOVWZXeDVFUE13T2RuS05PZWY2Y2pBQUFBQm9rbSUyRnFjTE1ESU4xdDclMkZFVGRzeHYzMzJGakg5N2RrMVlZSjhjTyUyRnRIVUFMd29IOHFMYThSSiUyQmwxSWoxZFNEdEFBQUFBSkJXN055MnJuZzI4NHlmUERCOEclMkI4SzkzajNrNlNxeEJIbW5NSko0T2ZmaE42MW9HdTRrdEZWSkE1MEs1YVRIdTlrRVNlUnVhTm9JVWdjellucGRnQSUzRCUzRCIgQ29ycmVsYXRpb25CaW5kaW5nPSIiIFVybEVuY29kZT0iRmFsc2UiIFVzZVRvR3JvdXBSZXN1bHRzPSJGYWxzZSIgLz4NCiAgICAgICAgPFF1ZXJ5U3RyaW5nUGFyYW1ldGVyIE5hbWU9InJlcXVlc3RVcmwiIFZhbHVlPSJodHRwJTNBJTJGJTJGbG9jYWxob3N0JTNBNTYxMzMlMkYiIFJlY29yZGVkVmFsdWU9Imh0dHAlM0ElMkYlMkZsb2NhbGhvc3QlM0E1NjEzMyUyRiIgQ29ycmVsYXRpb25CaW5kaW5nPSIiIFVybEVuY29kZT0iRmFsc2UiIFVzZVRvR3JvdXBSZXN1bHRzPSJGYWxzZSIgLz4NCiAgICAgICAgPFF1ZXJ5U3RyaW5nUGFyYW1ldGVyIE5hbWU9ImJyb3dzZXJOYW1lIiBWYWx1ZT0iSW50ZXJuZXQrRXhwbG9yZXIiIFJlY29yZGVkVmFsdWU9IkludGVybmV0K0V4cGxvcmVyIiBDb3JyZWxhdGlvbkJpbmRpbmc9IiIgVXJsRW5jb2RlPSJGYWxzZSIgVXNlVG9Hcm91cFJlc3VsdHM9IkZhbHNlIiAvPg0KICAgICAgICA8UXVlcnlTdHJpbmdQYXJhbWV0ZXIgTmFtZT0idXNlckFnZW50IiBWYWx1ZT0iTW96aWxsYSUyRjUuMCsoV2luZG93cytOVCs2LjMlM0IrV09XNjQlM0IrVHJpZGVudCUyRjcuMCUzQisuTkVUNC4wRSUzQisuTkVUNC4wQyUzQisuTkVUK0NMUiszLjUuMzA3MjklM0IrLk5FVCtDTFIrMi4wLjUwNzI3JTNCKy5ORVQrQ0xSKzMuMC4zMDcyOSUzQitHV1glM0FET1dOTE9BREVEJTNCK0dXWCUzQVFVQUxJRklFRCUzQitydiUzQTExLjApK2xpa2UrR2Vja28iIFJlY29yZGVkVmFsdWU9Ik1vemlsbGElMkY1LjArKFdpbmRvd3MrTlQrNi4zJTNCK1dPVzY0JTNCK1RyaWRlbnQlMkY3LjAlM0IrLk5FVDQuMEUlM0IrLk5FVDQuMEMlM0IrLk5FVCtDTFIrMy41LjMwNzI5JTNCKy5ORVQrQ0xSKzIuMC41MDcyNyUzQisuTkVUK0NMUiszLjAuMzA3MjklM0IrR1dYJTNBRE9XTkxPQURFRCUzQitHV1glM0FRVUFMSUZJRUQlM0IrcnYlM0ExMS4wKStsaWtlK0dlY2tvIiBDb3JyZWxhdGlvbkJpbmRpbmc9IiIgVXJsRW5jb2RlPSJGYWxzZSIgVXNlVG9Hcm91cFJlc3VsdHM9IkZhbHNlIiAvPg0KICAgICAgICA8UXVlcnlTdHJpbmdQYXJhbWV0ZXIgTmFtZT0idGlkIiBWYWx1ZT0iMiIgUmVjb3JkZWRWYWx1ZT0iMiIgQ29ycmVsYXRpb25CaW5kaW5nPSIiIFVybEVuY29kZT0iRmFsc2UiIFVzZVRvR3JvdXBSZXN1bHRzPSJGYWxzZSIgLz4NCiAgICAgIDwvUXVlcnlTdHJpbmdQYXJhbWV0ZXJzPg0KICAgIDwvUmVxdWVzdD4NCiAgICA8UmVxdWVzdCBNZXRob2Q9IkdFVCIgR3VpZD0iNDM5ZDc5MzEtMjg3My00MjMxLWExMWQtZTNiODM0YmZmMjVjIiBWZXJzaW9uPSIxLjEiIFVybD0iaHR0cDovL2xvY2FsaG9zdDo1NjEzMy9fX2Jyb3dzZXJMaW5rL3JlcXVlc3REYXRhL2QyOWYxYjdhMzJhNDRhMmVhMWY2YTRjNGRiMjU1ODk4IiBUaGlua1RpbWU9IjAiIFRpbWVvdXQ9IjMwMCIgUGFyc2VEZXBlbmRlbnRSZXF1ZXN0cz0iVHJ1ZSIgRm9sbG93UmVkaXJlY3RzPSJUcnVlIiBSZWNvcmRSZXN1bHQ9IlRydWUiIENhY2hlPSJGYWxzZSIgUmVzcG9uc2VUaW1lR29hbD0iMCIgRW5jb2Rpbmc9InV0Zi04IiBFeHBlY3RlZEh0dHBTdGF0dXNDb2RlPSIwIiBFeHBlY3RlZFJlc3BvbnNlVXJsPSIiIFJlcG9ydGluZ05hbWU9IiIgSWdub3JlSHR0cFN0YXR1c0NvZGU9IkZhbHNlIj4NCiAgICAgIDxIZWFkZXJzPg0KICAgICAgICA8SGVhZGVyIE5hbWU9IkFjY2VwdCIgVmFsdWU9ImFwcGxpY2F0aW9uL2pzb24sIHRleHQvamF2YXNjcmlwdCwgKi8qOyBxPTAuMDEiIC8+DQogICAgICAgIDxIZWFkZXIgTmFtZT0iWC1SZXF1ZXN0ZWQtV2l0aCIgVmFsdWU9IlhNTEh0dHBSZXF1ZXN0IiAvPg0KICAgICAgICA8SGVhZGVyIE5hbWU9IlJlZmVyZXIiIFZhbHVlPSJodHRwOi8vbG9jYWxob3N0OjU2MTMzLyIgLz4NCiAgICAgIDwvSGVhZGVycz4NCiAgICAgIDxRdWVyeVN0cmluZ1BhcmFtZXRlcnM+DQogICAgICAgIDxRdWVyeVN0cmluZ1BhcmFtZXRlciBOYW1lPSJ2ZXJzaW9uIiBWYWx1ZT0iMiIgUmVjb3JkZWRWYWx1ZT0iMiIgQ29ycmVsYXRpb25CaW5kaW5nPSIiIFVybEVuY29kZT0iRmFsc2UiIFVzZVRvR3JvdXBSZXN1bHRzPSJGYWxzZSIgLz4NCiAgICAgIDwvUXVlcnlTdHJpbmdQYXJhbWV0ZXJzPg0KICAgIDwvUmVxdWVzdD4NCiAgICA8UmVxdWVzdCBNZXRob2Q9IlBPU1QiIEd1aWQ9ImZjNWU2OWRiLWFkN2ItNGM5MS1iNjRmLTRkYjlmOGYxMDMxYSIgVmVyc2lvbj0iMS4xIiBVcmw9Imh0dHA6Ly9sb2NhbGhvc3Q6MzI1ODUvMDVmYjE0ZTA2ODQ3NGZmYjg0MmFiOTFhODgzNWZmYjcvYnJvd3NlckxpbmtTaWduYWxSL2Fib3J0IiBUaGlua1RpbWU9IjAiIFRpbWVvdXQ9IjMwMCIgUGFyc2VEZXBlbmRlbnRSZXF1ZXN0cz0iVHJ1ZSIgRm9sbG93UmVkaXJlY3RzPSJUcnVlIiBSZWNvcmRSZXN1bHQ9IlRydWUiIENhY2hlPSJGYWxzZSIgUmVzcG9uc2VUaW1lR29hbD0iMCIgRW5jb2Rpbmc9InV0Zi04IiBFeHBlY3RlZEh0dHBTdGF0dXNDb2RlPSIwIiBFeHBlY3RlZFJlc3BvbnNlVXJsPSIiIFJlcG9ydGluZ05hbWU9IiIgSWdub3JlSHR0cFN0YXR1c0NvZGU9IkZhbHNlIj4NCiAgICAgIDxIZWFkZXJzPg0KICAgICAgICA8SGVhZGVyIE5hbWU9IkFjY2VwdCIgVmFsdWU9InRleHQvcGxhaW4sICovKjsgcT0wLjAxIiAvPg0KICAgICAgICA8SGVhZGVyIE5hbWU9IlJlZmVyZXIiIFZhbHVlPSJodHRwOi8vbG9jYWxob3N0OjU2MTMzLyIgLz4NCiAgICAgIDwvSGVhZGVycz4NCiAgICAgIDxRdWVyeVN0cmluZ1BhcmFtZXRlcnM+DQogICAgICAgIDxRdWVyeVN0cmluZ1BhcmFtZXRlciBOYW1lPSJ0cmFuc3BvcnQiIFZhbHVlPSJ3ZWJTb2NrZXRzIiBSZWNvcmRlZFZhbHVlPSJ3ZWJTb2NrZXRzIiBDb3JyZWxhdGlvbkJpbmRpbmc9IiIgVXJsRW5jb2RlPSJGYWxzZSIgVXNlVG9Hcm91cFJlc3VsdHM9IkZhbHNlIiAvPg0KICAgICAgICA8UXVlcnlTdHJpbmdQYXJhbWV0ZXIgTmFtZT0iY29ubmVjdGlvblRva2VuIiBWYWx1ZT0iQVFBQUFOQ01uZDhCRmRFUmpIb0F3RSUyRkNsJTJCc0JBQUFBRmFEemxNJTJGZlRFRzNHTU9NTjZIQ3F3QUFBQUFDQUFBQUFBQVFaZ0FBQUFFQUFDQUFBQUJhVHZGamJMdTB6U25wbGdYSndLejNJSzhsR09adkRaYWRHV3ElMkZvUFdjbGdBQUFBQU9nQUFBQUFJQUFDQUFBQUFhVyUyRmpHRWM0RmhqUnFyaXk4b2l6JTJCeE5VZld4NUVQTXdPZG5LTk9lZjZjakFBQUFCb2ttJTJGcWNMTURJTjF0NyUyRkVUZHN4djMzMkZqSDk3ZGsxWVlKOGNPJTJGdEhVQUx3b0g4cUxhOFJKJTJCbDFJajFkU0R0QUFBQUFKQlc3Tnkycm5nMjg0eWZQREI4RyUyQjhLOTNqM2s2U3F4Qkhtbk1KSjRPZmZoTjYxb0d1NGt0RlZKQTUwSzVhVEh1OWtFU2VSdWFOb0lVZ2N6WW5wZGdBJTNEJTNEIiBSZWNvcmRlZFZhbHVlPSJBUUFBQU5DTW5kOEJGZEVSakhvQXdFJTJGQ2wlMkJzQkFBQUFGYUR6bE0lMkZmVEVHM0dNT01ONkhDcXdBQUFBQUNBQUFBQUFBUVpnQUFBQUVBQUNBQUFBQmFUdkZqYkx1MHpTbnBsZ1hKd0t6M0lLOGxHT1p2RFphZEdXcSUyRm9QV2NsZ0FBQUFBT2dBQUFBQUlBQUNBQUFBQWFXJTJGakdFYzRGaGpScXJpeThvaXolMkJ4TlVmV3g1RVBNd09kbktOT2VmNmNqQUFBQUJva20lMkZxY0xNRElOMXQ3JTJGRVRkc3h2MzMyRmpIOTdkazFZWUo4Y08lMkZ0SFVBTHdvSDhxTGE4UkolMkJsMUlqMWRTRHRBQUFBQUpCVzdOeTJybmcyODR5ZlBEQjhHJTJCOEs5M2ozazZTcXhCSG1uTUpKNE9mZmhONjFvR3U0a3RGVkpBNTBLNWFUSHU5a0VTZVJ1YU5vSVVnY3pZbnBkZ0ElM0QlM0QiIENvcnJlbGF0aW9uQmluZGluZz0iIiBVcmxFbmNvZGU9IkZhbHNlIiBVc2VUb0dyb3VwUmVzdWx0cz0iRmFsc2UiIC8+DQogICAgICAgIDxRdWVyeVN0cmluZ1BhcmFtZXRlciBOYW1lPSJyZXF1ZXN0VXJsIiBWYWx1ZT0iaHR0cCUzQSUyRiUyRmxvY2FsaG9zdCUzQTU2MTMzJTJGIiBSZWNvcmRlZFZhbHVlPSJodHRwJTNBJTJGJTJGbG9jYWxob3N0JTNBNTYxMzMlMkYiIENvcnJlbGF0aW9uQmluZGluZz0iIiBVcmxFbmNvZGU9IkZhbHNlIiBVc2VUb0dyb3VwUmVzdWx0cz0iRmFsc2UiIC8+DQogICAgICAgIDxRdWVyeVN0cmluZ1BhcmFtZXRlciBOYW1lPSJicm93c2VyTmFtZSIgVmFsdWU9IkludGVybmV0K0V4cGxvcmVyIiBSZWNvcmRlZFZhbHVlPSJJbnRlcm5ldCtFeHBsb3JlciIgQ29ycmVsYXRpb25CaW5kaW5nPSIiIFVybEVuY29kZT0iRmFsc2UiIFVzZVRvR3JvdXBSZXN1bHRzPSJGYWxzZSIgLz4NCiAgICAgICAgPFF1ZXJ5U3RyaW5nUGFyYW1ldGVyIE5hbWU9InVzZXJBZ2VudCIgVmFsdWU9Ik1vemlsbGElMkY1LjArKFdpbmRvd3MrTlQrNi4zJTNCK1dPVzY0JTNCK1RyaWRlbnQlMkY3LjAlM0IrLk5FVDQuMEUlM0IrLk5FVDQuMEMlM0IrLk5FVCtDTFIrMy41LjMwNzI5JTNCKy5ORVQrQ0xSKzIuMC41MDcyNyUzQisuTkVUK0NMUiszLjAuMzA3MjklM0IrR1dYJTNBRE9XTkxPQURFRCUzQitHV1glM0FRVUFMSUZJRUQlM0IrcnYlM0ExMS4wKStsaWtlK0dlY2tvIiBSZWNvcmRlZFZhbHVlPSJNb3ppbGxhJTJGNS4wKyhXaW5kb3dzK05UKzYuMyUzQitXT1c2NCUzQitUcmlkZW50JTJGNy4wJTNCKy5ORVQ0LjBFJTNCKy5ORVQ0LjBDJTNCKy5ORVQrQ0xSKzMuNS4zMDcyOSUzQisuTkVUK0NMUisyLjAuNTA3MjclM0IrLk5FVCtDTFIrMy4wLjMwNzI5JTNCK0dXWCUzQURPV05MT0FERUQlM0IrR1dYJTNBUVVBTElGSUVEJTNCK3J2JTNBMTEuMCkrbGlrZStHZWNrbyIgQ29ycmVsYXRpb25CaW5kaW5nPSIiIFVybEVuY29kZT0iRmFsc2UiIFVzZVRvR3JvdXBSZXN1bHRzPSJGYWxzZSIgLz4NCiAgICAgIDwvUXVlcnlTdHJpbmdQYXJhbWV0ZXJzPg0KICAgICAgPEZvcm1Qb3N0SHR0cEJvZHkgLz4NCiAgICA8L1JlcXVlc3Q+DQogICAgPFJlcXVlc3QgTWV0aG9kPSJQT1NUIiBHdWlkPSI4MTA1ZTVkMC1mODQ5LTQ5MzMtYWUwZi1iZWNhYWZkMmFjYjAiIFZlcnNpb249IjEuMSIgVXJsPSJodHRwOi8vbG9jYWxob3N0OjMyNTg1LzA1ZmIxNGUwNjg0NzRmZmI4NDJhYjkxYTg4MzVmZmI3L2Jyb3dzZXJMaW5rU2lnbmFsUi9uZWdvdGlhdGUiIFRoaW5rVGltZT0iMCIgVGltZW91dD0iMzAwIiBQYXJzZURlcGVuZGVudFJlcXVlc3RzPSJUcnVlIiBGb2xsb3dSZWRpcmVjdHM9IlRydWUiIFJlY29yZFJlc3VsdD0iVHJ1ZSIgQ2FjaGU9IkZhbHNlIiBSZXNwb25zZVRpbWVHb2FsPSIwIiBFbmNvZGluZz0idXRmLTgiIEV4cGVjdGVkSHR0cFN0YXR1c0NvZGU9IjAiIEV4cGVjdGVkUmVzcG9uc2VVcmw9IiIgUmVwb3J0aW5nTmFtZT0iIiBJZ25vcmVIdHRwU3RhdHVzQ29kZT0iRmFsc2UiPg0KICAgICAgPEhlYWRlcnM+DQogICAgICAgIDxIZWFkZXIgTmFtZT0iQ29udGVudC1UeXBlIiBWYWx1ZT0iYXBwbGljYXRpb24veC13d3ctZm9ybS11cmxlbmNvZGVkOyBjaGFyc2V0PVVURi04IiAvPg0KICAgICAgICA8SGVhZGVyIE5hbWU9IkFjY2VwdCIgVmFsdWU9InRleHQvcGxhaW4sICovKjsgcT0wLjAxIiAvPg0KICAgICAgICA8SGVhZGVyIE5hbWU9IlJlZmVyZXIiIFZhbHVlPSJodHRwOi8vbG9jYWxob3N0OjU2MTMzL2F1dGgvbG9naW4/UmV0dXJuVXJsPSUyRiIgLz4NCiAgICAgIDwvSGVhZGVycz4NCiAgICAgIDxRdWVyeVN0cmluZ1BhcmFtZXRlcnM+DQogICAgICAgIDxRdWVyeVN0cmluZ1BhcmFtZXRlciBOYW1lPSJyZXF1ZXN0VXJsIiBWYWx1ZT0iaHR0cCUzQSUyRiUyRmxvY2FsaG9zdCUzQTU2MTMzJTJGYXV0aCUyRmxvZ2luJTNGUmV0dXJuVXJsJTNEJTI1MkYiIFJlY29yZGVkVmFsdWU9Imh0dHAlM0ElMkYlMkZsb2NhbGhvc3QlM0E1NjEzMyUyRmF1dGglMkZsb2dpbiUzRlJldHVyblVybCUzRCUyNTJGIiBDb3JyZWxhdGlvbkJpbmRpbmc9IiIgVXJsRW5jb2RlPSJGYWxzZSIgVXNlVG9Hcm91cFJlc3VsdHM9IkZhbHNlIiAvPg0KICAgICAgICA8UXVlcnlTdHJpbmdQYXJhbWV0ZXIgTmFtZT0iYnJvd3Nlck5hbWUiIFZhbHVlPSJJbnRlcm5ldCtFeHBsb3JlciIgUmVjb3JkZWRWYWx1ZT0iSW50ZXJuZXQrRXhwbG9yZXIiIENvcnJlbGF0aW9uQmluZGluZz0iIiBVcmxFbmNvZGU9IkZhbHNlIiBVc2VUb0dyb3VwUmVzdWx0cz0iRmFsc2UiIC8+DQogICAgICAgIDxRdWVyeVN0cmluZ1BhcmFtZXRlciBOYW1lPSJ1c2VyQWdlbnQiIFZhbHVlPSJNb3ppbGxhJTJGNS4wKyhXaW5kb3dzK05UKzYuMyUzQitXT1c2NCUzQitUcmlkZW50JTJGNy4wJTNCKy5ORVQ0LjBFJTNCKy5ORVQ0LjBDJTNCKy5ORVQrQ0xSKzMuNS4zMDcyOSUzQisuTkVUK0NMUisyLjAuNTA3MjclM0IrLk5FVCtDTFIrMy4wLjMwNzI5JTNCK0dXWCUzQURPV05MT0FERUQlM0IrR1dYJTNBUVVBTElGSUVEJTNCK3J2JTNBMTEuMCkrbGlrZStHZWNrbyIgUmVjb3JkZWRWYWx1ZT0iTW96aWxsYSUyRjUuMCsoV2luZG93cytOVCs2LjMlM0IrV09XNjQlM0IrVHJpZGVudCUyRjcuMCUzQisuTkVUNC4wRSUzQisuTkVUNC4wQyUzQisuTkVUK0NMUiszLjUuMzA3MjklM0IrLk5FVCtDTFIrMi4wLjUwNzI3JTNCKy5ORVQrQ0xSKzMuMC4zMDcyOSUzQitHV1glM0FET1dOTE9BREVEJTNCK0dXWCUzQVFVQUxJRklFRCUzQitydiUzQTExLjApK2xpa2UrR2Vja28iIENvcnJlbGF0aW9uQmluZGluZz0iIiBVcmxFbmNvZGU9IkZhbHNlIiBVc2VUb0dyb3VwUmVzdWx0cz0iRmFsc2UiIC8+DQogICAgICAgIDxRdWVyeVN0cmluZ1BhcmFtZXRlciBOYW1lPSJjbGllbnRQcm90b2NvbCIgVmFsdWU9IjEuMyIgUmVjb3JkZWRWYWx1ZT0iMS4zIiBDb3JyZWxhdGlvbkJpbmRpbmc9IiIgVXJsRW5jb2RlPSJGYWxzZSIgVXNlVG9Hcm91cFJlc3VsdHM9IkZhbHNlIiAvPg0KICAgICAgICA8UXVlcnlTdHJpbmdQYXJhbWV0ZXIgTmFtZT0iXyIgVmFsdWU9IjE0NjQ5ODA2NTU3MTAiIFJlY29yZGVkVmFsdWU9IjE0NjQ5ODA2NTU3MTAiIENvcnJlbGF0aW9uQmluZGluZz0iIiBVcmxFbmNvZGU9IkZhbHNlIiBVc2VUb0dyb3VwUmVzdWx0cz0iRmFsc2UiIC8+DQogICAgICA8L1F1ZXJ5U3RyaW5nUGFyYW1ldGVycz4NCiAgICAgIDxGb3JtUG9zdEh0dHBCb2R5IC8+DQogICAgPC9SZXF1ZXN0Pg0KICAgIDxSZXF1ZXN0IE1ldGhvZD0iR0VUIiBHdWlkPSIwYTlmYjFkYy1kMmJlLTQyNDEtYjNlNC1mMGZkNDcxNjg1ZDUiIFZlcnNpb249IjEuMSIgVXJsPSJodHRwOi8vbG9jYWxob3N0OjU2MTMzL19fYnJvd3NlckxpbmsvcmVxdWVzdERhdGEvMGM4NTJlOWM1OWFkNDQwNWEzZjI2OTYzM2ZjY2E3MzEiIFRoaW5rVGltZT0iMCIgVGltZW91dD0iMzAwIiBQYXJzZURlcGVuZGVudFJlcXVlc3RzPSJUcnVlIiBGb2xsb3dSZWRpcmVjdHM9IlRydWUiIFJlY29yZFJlc3VsdD0iVHJ1ZSIgQ2FjaGU9IkZhbHNlIiBSZXNwb25zZVRpbWVHb2FsPSIwIiBFbmNvZGluZz0idXRmLTgiIEV4cGVjdGVkSHR0cFN0YXR1c0NvZGU9IjAiIEV4cGVjdGVkUmVzcG9uc2VVcmw9IiIgUmVwb3J0aW5nTmFtZT0iIiBJZ25vcmVIdHRwU3RhdHVzQ29kZT0iRmFsc2UiPg0KICAgICAgPEhlYWRlcnM+DQogICAgICAgIDxIZWFkZXIgTmFtZT0iQWNjZXB0IiBWYWx1ZT0iYXBwbGljYXRpb24vanNvbiwgdGV4dC9qYXZhc2NyaXB0LCAqLyo7IHE9MC4wMSIgLz4NCiAgICAgICAgPEhlYWRlciBOYW1lPSJYLVJlcXVlc3RlZC1XaXRoIiBWYWx1ZT0iWE1MSHR0cFJlcXVlc3QiIC8+DQogICAgICAgIDxIZWFkZXIgTmFtZT0iUmVmZXJlciIgVmFsdWU9Imh0dHA6Ly9sb2NhbGhvc3Q6NTYxMzMvYXV0aC9sb2dpbj9SZXR1cm5Vcmw9JTJGIiAvPg0KICAgICAgPC9IZWFkZXJzPg0KICAgICAgPFF1ZXJ5U3RyaW5nUGFyYW1ldGVycz4NCiAgICAgICAgPFF1ZXJ5U3RyaW5nUGFyYW1ldGVyIE5hbWU9InZlcnNpb24iIFZhbHVlPSIyIiBSZWNvcmRlZFZhbHVlPSIyIiBDb3JyZWxhdGlvbkJpbmRpbmc9IiIgVXJsRW5jb2RlPSJGYWxzZSIgVXNlVG9Hcm91cFJlc3VsdHM9IkZhbHNlIiAvPg0KICAgICAgPC9RdWVyeVN0cmluZ1BhcmFtZXRlcnM+DQogICAgPC9SZXF1ZXN0Pg0KICA8L0l0ZW1zPg0KICA8VmFsaWRhdGlvblJ1bGVzPg0KICAgIDxWYWxpZGF0aW9uUnVsZSBDbGFzc25hbWU9Ik1pY3Jvc29mdC5WaXN1YWxTdHVkaW8uVGVzdFRvb2xzLldlYlRlc3RpbmcuUnVsZXMuVmFsaWRhdGVSZXNwb25zZVVybCwgTWljcm9zb2Z0LlZpc3VhbFN0dWRpby5RdWFsaXR5VG9vbHMuV2ViVGVzdEZyYW1ld29yaywgVmVyc2lvbj0xMC4wLjAuMCwgQ3VsdHVyZT1uZXV0cmFsLCBQdWJsaWNLZXlUb2tlbj1iMDNmNWY3ZjExZDUwYTNhIiBEaXNwbGF5TmFtZT0iUmVzcG9uc2UgVVJMIiBEZXNjcmlwdGlvbj0iVmFsaWRhdGVzIHRoYXQgdGhlIHJlc3BvbnNlIFVSTCBhZnRlciByZWRpcmVjdHMgYXJlIGZvbGxvd2VkIGlzIHRoZSBzYW1lIGFzIHRoZSByZWNvcmRlZCByZXNwb25zZSBVUkwuICBRdWVyeVN0cmluZyBwYXJhbWV0ZXJzIGFyZSBpZ25vcmVkLiIgTGV2ZWw9IkxvdyIgRXhlY3R1aW9uT3JkZXI9IkJlZm9yZURlcGVuZGVudHMiIC8+DQogICAgPFZhbGlkYXRpb25SdWxlIENsYXNzbmFtZT0iTWljcm9zb2Z0LlZpc3VhbFN0dWRpby5UZXN0VG9vbHMuV2ViVGVzdGluZy5SdWxlcy5WYWxpZGF0aW9uUnVsZVJlc3BvbnNlVGltZUdvYWwsIE1pY3Jvc29mdC5WaXN1YWxTdHVkaW8uUXVhbGl0eVRvb2xzLldlYlRlc3RGcmFtZXdvcmssIFZlcnNpb249MTAuMC4wLjAsIEN1bHR1cmU9bmV1dHJhbCwgUHVibGljS2V5VG9rZW49YjAzZjVmN2YxMWQ1MGEzYSIgRGlzcGxheU5hbWU9IlJlc3BvbnNlIFRpbWUgR29hbCIgRGVzY3JpcHRpb249IlZhbGlkYXRlcyB0aGF0IHRoZSByZXNwb25zZSB0aW1lIGZvciB0aGUgcmVxdWVzdCBpcyBsZXNzIHRoYW4gb3IgZXF1YWwgdG8gdGhlIHJlc3BvbnNlIHRpbWUgZ29hbCBhcyBzcGVjaWZpZWQgb24gdGhlIHJlcXVlc3QuICBSZXNwb25zZSB0aW1lIGdvYWxzIG9mIHplcm8gd2lsbCBiZSBpZ25vcmVkLiIgTGV2ZWw9IkxvdyIgRXhlY3R1aW9uT3JkZXI9IkFmdGVyRGVwZW5kZW50cyI+DQogICAgICA8UnVsZVBhcmFtZXRlcnM+DQogICAgICAgIDxSdWxlUGFyYW1ldGVyIE5hbWU9IlRvbGVyYW5jZSIgVmFsdWU9IjAiIC8+DQogICAgICA8L1J1bGVQYXJhbWV0ZXJzPg0KICAgIDwvVmFsaWRhdGlvblJ1bGU+DQogIDwvVmFsaWRhdGlvblJ1bGVzPg0KPC9XZWJUZXN0Pg==">
      <Execution id="e4349ed9-e9d8-4c8b-b01d-ecf3944e08a2" />
    </WebTest>
  </TestDefinitions>
  <TestLists>
    <TestList name="Results Not in a List" id="8c84fa94-04c1-424b-9868-57a2d4851a1d" />
    <TestList name="All Loaded Results" id="19431567-8539-422a-85d7-44ee4e166bda" />
  </TestLists>
  <TestEntries>
    <TestEntry isTransparent="false" testId="e7a9ab0c-5c74-4147-aab5-f6a9b637f904" executionId="e4349ed9-e9d8-4c8b-b01d-ecf3944e08a2" testListId="8c84fa94-04c1-424b-9868-57a2d4851a1d" />
  </TestEntries>
  <Results>
    <WebTestResult executionId="e4349ed9-e9d8-4c8b-b01d-ecf3944e08a2" testId="e7a9ab0c-5c74-4147-aab5-f6a9b637f904" testName="WebTest1" computerName="KRZYSIEK" duration="00:00:00.5584581" startTime="2016-06-03T21:04:19.5239278+02:00" endTime="2016-06-03T21:04:26.9007765+02:00" testType="4e7599fa-5ecb-43e9-a887-cd63cf72d207" outcome="Aborted" testListId="8c84fa94-04c1-424b-9868-57a2d4851a1d" relativeResultsDirectory="e4349ed9-e9d8-4c8b-b01d-ecf3944e08a2">
      <Output>
        <ErrorInfo>
          <Message>7 primary requests, 0 dependant requests and 0 conditional rules failed</Message>
        </ErrorInfo>
      </Output>
      <TestSettings name="Local" id="1d0f59d5-4167-4481-826a-602c2777ce60">
        <Description>These are default test settings for a local test run.</Description>
        <Execution>
          <TestTypeSpecific>
            <UnitTestRunConfig testTypeId="13cdc9d9-ddb5-4fa4-a97d-d965ccfc6d4b">
              <AssemblyResolution>
                <TestDirectory useLoadContext="true" />
              </AssemblyResolution>
            </UnitTestRunConfig>
            <WebTestRunConfiguration testTypeId="4e7599fa-5ecb-43e9-a887-cd63cf72d207" runUntilDataExhausted="true">
              <Browser name="Internet Explorer 11.0" MaxConnections="6">
                <Headers>
                  <Header name="User-Agent" value="Mozilla/5.0 (Windows NT 6.3; Trident/7.0; rv:11.0) like Gecko" />
                  <Header name="Accept" value="*/*" />
                  <Header name="Accept-Language" value="{{$IEAcceptLanguage}}" />
                  <Header name="Accept-Encoding" value="GZIP" />
                </Headers>
              </Browser>
            </WebTestRunConfiguration>
          </TestTypeSpecific>
          <AgentRule name="LocalMachineDefaultRole">
          </AgentRule>
        </Execution>
        <Deployment runDeploymentRoot="Krzysztof_KRZYSIEK 2016-06-03 21_04_18" />
        <Properties>
          <Property name="TestSettingsUIType" value="UnitTest" />
        </Properties>
      </TestSettings>
      <WebTestResultFilePath>
      </WebTestResultFilePath>
    </WebTestResult>
  </Results>
</TestRun>