<?xml version="1.0" encoding="UTF-8"?>
<TestRun id="b7481642-9c3d-40c9-9691-7ea3e5357d99" name="Krzysztof@KRZYSIEK 2016-06-03 20:42:55" runUser="KRZYSIEK\Krzysztof" xmlns="http://microsoft.com/schemas/VisualStudio/TeamTest/2010">
  <TestSettings name="Local" id="1d0f59d5-4167-4481-826a-602c2777ce60">
    <Description>These are default test settings for a local test run.</Description>
    <Execution>
      <TestTypeSpecific>
        <UnitTestRunConfig testTypeId="13cdc9d9-ddb5-4fa4-a97d-d965ccfc6d4b">
          <AssemblyResolution>
            <TestDirectory useLoadContext="true" />
          </AssemblyResolution>
        </UnitTestRunConfig>
        <WebTestRunConfiguration testTypeId="4e7599fa-5ecb-43e9-a887-cd63cf72d207" runUntilDataExhausted="true">
          <Browser name="Internet Explorer 11.0" MaxConnections="6">
            <Headers>
              <Header name="User-Agent" value="Mozilla/5.0 (Windows NT 6.3; Trident/7.0; rv:11.0) like Gecko" />
              <Header name="Accept" value="*/*" />
              <Header name="Accept-Language" value="{{$IEAcceptLanguage}}" />
              <Header name="Accept-Encoding" value="GZIP" />
            </Headers>
          </Browser>
        </WebTestRunConfiguration>
      </TestTypeSpecific>
      <AgentRule name="LocalMachineDefaultRole">
      </AgentRule>
    </Execution>
    <Deployment runDeploymentRoot="Krzysztof_KRZYSIEK 2016-06-03 20_42_55" />
    <Properties>
      <Property name="TestSettingsUIType" value="UnitTest" />
    </Properties>
  </TestSettings>
  <Times creation="2016-06-03T20:42:55.8449278+02:00" queuing="2016-06-03T20:42:56.1419444+02:00" start="2016-06-03T20:42:56.3160668+02:00" finish="2016-06-03T20:43:07.7142782+02:00" />
  <ResultSummary outcome="Failed">
    <Counters total="1" executed="1" error="0" failed="1" timeout="0" aborted="0" inconclusive="0" passedButRunAborted="0" notRunnable="0" notExecuted="0" disconnected="0" warning="0" passed="0" completed="0" inProgress="0" pending="0" />
  </ResultSummary>
  <TestDefinitions>
    <WebTest name="WebTest1" storage="f:\.net projekt\dotnetprojekt\app\webandloadtestproject\webandloadtestproject\webtest1.webtest" id="3914cd91-ef43-46c0-b074-cc39e43e9cbe" persistedWebTest="77u/PD94bWwgdmVyc2lvbj0iMS4wIiBlbmNvZGluZz0iVVRGLTgiIHN0YW5kYWxvbmU9InllcyI/Pg0KPFdlYlRlc3QgTmFtZT0iV2ViVGVzdDEiIElkPSIzOTE0Y2Q5MS1lZjQzLTQ2YzAtYjA3NC1jYzM5ZTQzZTljYmUiIE93bmVyPSIiIFByaW9yaXR5PSIyMTQ3NDgzNjQ3IiBFbmFibGVkPSJUcnVlIiBDc3NQcm9qZWN0U3RydWN0dXJlPSIiIENzc0l0ZXJhdGlvbj0iIiBUaW1lb3V0PSIwIiBXb3JrSXRlbUlkcz0iIiB4bWxucz0iaHR0cDovL21pY3Jvc29mdC5jb20vc2NoZW1hcy9WaXN1YWxTdHVkaW8vVGVhbVRlc3QvMjAxMCIgRGVzY3JpcHRpb249IiIgQ3JlZGVudGlhbFVzZXJOYW1lPSIiIENyZWRlbnRpYWxQYXNzd29yZD0iIiBQcmVBdXRoZW50aWNhdGU9IlRydWUiIFByb3h5PSJkZWZhdWx0IiBTdG9wT25FcnJvcj0iRmFsc2UiIFJlY29yZGVkUmVzdWx0RmlsZT0iV2ViVGVzdDEuNTA1Mjk3MzMtZDJjYi00NTRkLWI3NGItNmEzNzRmYzg4MzIwLnJlYy53ZWJ0ZXN0cmVzdWx0IiBSZXN1bHRzTG9jYWxlPSIiPg0KICA8SXRlbXM+DQogICAgPFJlcXVlc3QgTWV0aG9kPSJHRVQiIEd1aWQ9ImVkNzU0ZWQ0LTU0YzAtNGQ1Yy1iZDczLTEwZjQ2ZTM0NWVhOSIgVmVyc2lvbj0iMS4xIiBVcmw9Imh0dHA6Ly9hcGkuYmluZy5jb20vcXNtbC5hc3B4IiBUaGlua1RpbWU9IjAiIFRpbWVvdXQ9IjMwMCIgUGFyc2VEZXBlbmRlbnRSZXF1ZXN0cz0iVHJ1ZSIgRm9sbG93UmVkaXJlY3RzPSJUcnVlIiBSZWNvcmRSZXN1bHQ9IlRydWUiIENhY2hlPSJGYWxzZSIgUmVzcG9uc2VUaW1lR29hbD0iMCIgRW5jb2Rpbmc9InV0Zi04IiBFeHBlY3RlZEh0dHBTdGF0dXNDb2RlPSIwIiBFeHBlY3RlZFJlc3BvbnNlVXJsPSIiIFJlcG9ydGluZ05hbWU9IiIgSWdub3JlSHR0cFN0YXR1c0NvZGU9IkZhbHNlIj4NCiAgICAgIDxRdWVyeVN0cmluZ1BhcmFtZXRlcnM+DQogICAgICAgIDxRdWVyeVN0cmluZ1BhcmFtZXRlciBOYW1lPSJxdWVyeSIgVmFsdWU9ImxvY2FsIiBSZWNvcmRlZFZhbHVlPSJsb2NhbCIgQ29ycmVsYXRpb25CaW5kaW5nPSIiIFVybEVuY29kZT0iRmFsc2UiIFVzZVRvR3JvdXBSZXN1bHRzPSJGYWxzZSIgLz4NCiAgICAgICAgPFF1ZXJ5U3RyaW5nUGFyYW1ldGVyIE5hbWU9Im1heHdpZHRoIiBWYWx1ZT0iMzI3NjUiIFJlY29yZGVkVmFsdWU9IjMyNzY1IiBDb3JyZWxhdGlvbkJpbmRpbmc9IiIgVXJsRW5jb2RlPSJGYWxzZSIgVXNlVG9Hcm91cFJlc3VsdHM9IkZhbHNlIiAvPg0KICAgICAgICA8UXVlcnlTdHJpbmdQYXJhbWV0ZXIgTmFtZT0icm93aGVpZ2h0IiBWYWx1ZT0iMjAiIFJlY29yZGVkVmFsdWU9IjIwIiBDb3JyZWxhdGlvbkJpbmRpbmc9IiIgVXJsRW5jb2RlPSJGYWxzZSIgVXNlVG9Hcm91cFJlc3VsdHM9IkZhbHNlIiAvPg0KICAgICAgICA8UXVlcnlTdHJpbmdQYXJhbWV0ZXIgTmFtZT0ic2VjdGlvbkhlaWdodCIgVmFsdWU9IjE2MCIgUmVjb3JkZWRWYWx1ZT0iMTYwIiBDb3JyZWxhdGlvbkJpbmRpbmc9IiIgVXJsRW5jb2RlPSJGYWxzZSIgVXNlVG9Hcm91cFJlc3VsdHM9IkZhbHNlIiAvPg0KICAgICAgICA8UXVlcnlTdHJpbmdQYXJhbWV0ZXIgTmFtZT0iRk9STSIgVmFsdWU9IklFU1MwMiIgUmVjb3JkZWRWYWx1ZT0iSUVTUzAyIiBDb3JyZWxhdGlvbkJpbmRpbmc9IiIgVXJsRW5jb2RlPSJGYWxzZSIgVXNlVG9Hcm91cFJlc3VsdHM9IkZhbHNlIiAvPg0KICAgICAgICA8UXVlcnlTdHJpbmdQYXJhbWV0ZXIgTmFtZT0ibWFya2V0IiBWYWx1ZT0icGwtUEwiIFJlY29yZGVkVmFsdWU9InBsLVBMIiBDb3JyZWxhdGlvbkJpbmRpbmc9IiIgVXJsRW5jb2RlPSJGYWxzZSIgVXNlVG9Hcm91cFJlc3VsdHM9IkZhbHNlIiAvPg0KICAgICAgICA8UXVlcnlTdHJpbmdQYXJhbWV0ZXIgTmFtZT0icGMiIFZhbHVlPSJFVVBQXyIgUmVjb3JkZWRWYWx1ZT0iRVVQUF8iIENvcnJlbGF0aW9uQmluZGluZz0iIiBVcmxFbmNvZGU9IkZhbHNlIiBVc2VUb0dyb3VwUmVzdWx0cz0iRmFsc2UiIC8+DQogICAgICA8L1F1ZXJ5U3RyaW5nUGFyYW1ldGVycz4NCiAgICA8L1JlcXVlc3Q+DQogICAgPFJlcXVlc3QgTWV0aG9kPSJHRVQiIEd1aWQ9IjdiODdmMmVkLTU2MWUtNGNiZi1hZDVmLTZiZjE3YTY2M2MzNyIgVmVyc2lvbj0iMS4xIiBVcmw9Imh0dHA6Ly9sb2NhbGhvc3Q6NTYxMzMvIiBUaGlua1RpbWU9IjAiIFRpbWVvdXQ9IjMwMCIgUGFyc2VEZXBlbmRlbnRSZXF1ZXN0cz0iVHJ1ZSIgRm9sbG93UmVkaXJlY3RzPSJUcnVlIiBSZWNvcmRSZXN1bHQ9IlRydWUiIENhY2hlPSJGYWxzZSIgUmVzcG9uc2VUaW1lR29hbD0iMCIgRW5jb2Rpbmc9InV0Zi04IiBFeHBlY3RlZEh0dHBTdGF0dXNDb2RlPSIwIiBFeHBlY3RlZFJlc3BvbnNlVXJsPSJodHRwOi8vbG9jYWxob3N0OjU2MTMzL2F1dGgvbG9naW4/UmV0dXJuVXJsPSUyRiIgUmVwb3J0aW5nTmFtZT0iIiBJZ25vcmVIdHRwU3RhdHVzQ29kZT0iRmFsc2UiIC8+DQogICAgPFJlcXVlc3QgTWV0aG9kPSJQT1NUIiBHdWlkPSJjZTViODIwNS0yY2YwLTQzMjktOWJhYi1lZjVjNWI5Zjk0NTIiIFZlcnNpb249IjEuMSIgVXJsPSJodHRwOi8vbG9jYWxob3N0OjMyNTg1LzA1ZmIxNGUwNjg0NzRmZmI4NDJhYjkxYTg4MzVmZmI3L2Jyb3dzZXJMaW5rU2lnbmFsUi9uZWdvdGlhdGUiIFRoaW5rVGltZT0iNCIgVGltZW91dD0iMzAwIiBQYXJzZURlcGVuZGVudFJlcXVlc3RzPSJUcnVlIiBGb2xsb3dSZWRpcmVjdHM9IlRydWUiIFJlY29yZFJlc3VsdD0iVHJ1ZSIgQ2FjaGU9IkZhbHNlIiBSZXNwb25zZVRpbWVHb2FsPSIwIiBFbmNvZGluZz0idXRmLTgiIEV4cGVjdGVkSHR0cFN0YXR1c0NvZGU9IjAiIEV4cGVjdGVkUmVzcG9uc2VVcmw9IiIgUmVwb3J0aW5nTmFtZT0iIiBJZ25vcmVIdHRwU3RhdHVzQ29kZT0iRmFsc2UiPg0KICAgICAgPEhlYWRlcnM+DQogICAgICAgIDxIZWFkZXIgTmFtZT0iQ29udGVudC1UeXBlIiBWYWx1ZT0iYXBwbGljYXRpb24veC13d3ctZm9ybS11cmxlbmNvZGVkOyBjaGFyc2V0PVVURi04IiAvPg0KICAgICAgICA8SGVhZGVyIE5hbWU9IkFjY2VwdCIgVmFsdWU9InRleHQvcGxhaW4sICovKjsgcT0wLjAxIiAvPg0KICAgICAgICA8SGVhZGVyIE5hbWU9IlJlZmVyZXIiIFZhbHVlPSJodHRwOi8vbG9jYWxob3N0OjU2MTMzL2F1dGgvbG9naW4/UmV0dXJuVXJsPSUyRiIgLz4NCiAgICAgIDwvSGVhZGVycz4NCiAgICAgIDxRdWVyeVN0cmluZ1BhcmFtZXRlcnM+DQogICAgICAgIDxRdWVyeVN0cmluZ1BhcmFtZXRlciBOYW1lPSJyZXF1ZXN0VXJsIiBWYWx1ZT0iaHR0cCUzQSUyRiUyRmxvY2FsaG9zdCUzQTU2MTMzJTJGYXV0aCUyRmxvZ2luJTNGUmV0dXJuVXJsJTNEJTI1MkYiIFJlY29yZGVkVmFsdWU9Imh0dHAlM0ElMkYlMkZsb2NhbGhvc3QlM0E1NjEzMyUyRmF1dGglMkZsb2dpbiUzRlJldHVyblVybCUzRCUyNTJGIiBDb3JyZWxhdGlvbkJpbmRpbmc9IiIgVXJsRW5jb2RlPSJGYWxzZSIgVXNlVG9Hcm91cFJlc3VsdHM9IkZhbHNlIiAvPg0KICAgICAgICA8UXVlcnlTdHJpbmdQYXJhbWV0ZXIgTmFtZT0iYnJvd3Nlck5hbWUiIFZhbHVlPSJJbnRlcm5ldCtFeHBsb3JlciIgUmVjb3JkZWRWYWx1ZT0iSW50ZXJuZXQrRXhwbG9yZXIiIENvcnJlbGF0aW9uQmluZGluZz0iIiBVcmxFbmNvZGU9IkZhbHNlIiBVc2VUb0dyb3VwUmVzdWx0cz0iRmFsc2UiIC8+DQogICAgICAgIDxRdWVyeVN0cmluZ1BhcmFtZXRlciBOYW1lPSJ1c2VyQWdlbnQiIFZhbHVlPSJNb3ppbGxhJTJGNS4wKyhXaW5kb3dzK05UKzYuMyUzQitXT1c2NCUzQitUcmlkZW50JTJGNy4wJTNCKy5ORVQ0LjBFJTNCKy5ORVQ0LjBDJTNCKy5ORVQrQ0xSKzMuNS4zMDcyOSUzQisuTkVUK0NMUisyLjAuNTA3MjclM0IrLk5FVCtDTFIrMy4wLjMwNzI5JTNCK0dXWCUzQURPV05MT0FERUQlM0IrR1dYJTNBUVVBTElGSUVEJTNCK3J2JTNBMTEuMCkrbGlrZStHZWNrbyIgUmVjb3JkZWRWYWx1ZT0iTW96aWxsYSUyRjUuMCsoV2luZG93cytOVCs2LjMlM0IrV09XNjQlM0IrVHJpZGVudCUyRjcuMCUzQisuTkVUNC4wRSUzQisuTkVUNC4wQyUzQisuTkVUK0NMUiszLjUuMzA3MjklM0IrLk5FVCtDTFIrMi4wLjUwNzI3JTNCKy5ORVQrQ0xSKzMuMC4zMDcyOSUzQitHV1glM0FET1dOTE9BREVEJTNCK0dXWCUzQVFVQUxJRklFRCUzQitydiUzQTExLjApK2xpa2UrR2Vja28iIENvcnJlbGF0aW9uQmluZGluZz0iIiBVcmxFbmNvZGU9IkZhbHNlIiBVc2VUb0dyb3VwUmVzdWx0cz0iRmFsc2UiIC8+DQogICAgICAgIDxRdWVyeVN0cmluZ1BhcmFtZXRlciBOYW1lPSJjbGllbnRQcm90b2NvbCIgVmFsdWU9IjEuMyIgUmVjb3JkZWRWYWx1ZT0iMS4zIiBDb3JyZWxhdGlvbkJpbmRpbmc9IiIgVXJsRW5jb2RlPSJGYWxzZSIgVXNlVG9Hcm91cFJlc3VsdHM9IkZhbHNlIiAvPg0KICAgICAgICA8UXVlcnlTdHJpbmdQYXJhbWV0ZXIgTmFtZT0iXyIgVmFsdWU9IjE0NjQ5NzkzMDMwNTYiIFJlY29yZGVkVmFsdWU9IjE0NjQ5NzkzMDMwNTYiIENvcnJlbGF0aW9uQmluZGluZz0iIiBVcmxFbmNvZGU9IkZhbHNlIiBVc2VUb0dyb3VwUmVzdWx0cz0iRmFsc2UiIC8+DQogICAgICA8L1F1ZXJ5U3RyaW5nUGFyYW1ldGVycz4NCiAgICAgIDxGb3JtUG9zdEh0dHBCb2R5IC8+DQogICAgPC9SZXF1ZXN0Pg0KICAgIDxSZXF1ZXN0IE1ldGhvZD0iUE9TVCIgR3VpZD0iMjI3MDI3NTUtZWUxMi00YTZlLThhYWYtMDIwMTc3Mjg0MzRmIiBWZXJzaW9uPSIxLjEiIFVybD0iaHR0cDovL2xvY2FsaG9zdDo1NjEzMy9BdXRoL0xvZ0luIiBUaGlua1RpbWU9IjAiIFRpbWVvdXQ9IjMwMCIgUGFyc2VEZXBlbmRlbnRSZXF1ZXN0cz0iVHJ1ZSIgRm9sbG93UmVkaXJlY3RzPSJUcnVlIiBSZWNvcmRSZXN1bHQ9IlRydWUiIENhY2hlPSJGYWxzZSIgUmVzcG9uc2VUaW1lR29hbD0iMCIgRW5jb2Rpbmc9InV0Zi04IiBFeHBlY3RlZEh0dHBTdGF0dXNDb2RlPSIwIiBFeHBlY3RlZFJlc3BvbnNlVXJsPSIiIFJlcG9ydGluZ05hbWU9IiIgSWdub3JlSHR0cFN0YXR1c0NvZGU9IkZhbHNlIj4NCiAgICAgIDxIZWFkZXJzPg0KICAgICAgICA8SGVhZGVyIE5hbWU9IlJlZmVyZXIiIFZhbHVlPSJodHRwOi8vbG9jYWxob3N0OjU2MTMzL2F1dGgvbG9naW4/UmV0dXJuVXJsPSUyRiIgLz4NCiAgICAgIDwvSGVhZGVycz4NCiAgICAgIDxDb3JyZWxhdGlvbkV4dHJhY3Rpb25SdWxlcz4NCiAgICAgICAgPEV4dHJhY3Rpb25SdWxlIENsYXNzbmFtZT0iTWljcm9zb2Z0LlZpc3VhbFN0dWRpby5UZXN0VG9vbHMuV2ViVGVzdGluZy5SdWxlcy5FeHRyYWN0Rm9ybUZpZWxkLCBNaWNyb3NvZnQuVmlzdWFsU3R1ZGlvLlF1YWxpdHlUb29scy5XZWJUZXN0RnJhbWV3b3JrLCBWZXJzaW9uPTEwLjAuMC4wLCBDdWx0dXJlPW5ldXRyYWwsIFB1YmxpY0tleVRva2VuPWIwM2Y1ZjdmMTFkNTBhM2EiIFZhcmlhYmxlTmFtZT0iRm9ybVBvc3RQYXJhbTEwLmxvZ2luIiBEaXNwbGF5TmFtZT0iIiBEZXNjcmlwdGlvbj0iIj4NCiAgICAgICAgICA8UnVsZVBhcmFtZXRlcnM+DQogICAgICAgICAgICA8UnVsZVBhcmFtZXRlciBOYW1lPSJOYW1lIiBWYWx1ZT0ibG9naW4iIC8+DQogICAgICAgICAgICA8UnVsZVBhcmFtZXRlciBOYW1lPSJIdG1sRGVjb2RlIiBWYWx1ZT0iVHJ1ZSIgLz4NCiAgICAgICAgICAgIDxSdWxlUGFyYW1ldGVyIE5hbWU9IlJlcXVpcmVkIiBWYWx1ZT0iRmFsc2UiIC8+DQogICAgICAgICAgICA8UnVsZVBhcmFtZXRlciBOYW1lPSJJbmRleCIgVmFsdWU9IjAiIC8+DQogICAgICAgICAgPC9SdWxlUGFyYW1ldGVycz4NCiAgICAgICAgPC9FeHRyYWN0aW9uUnVsZT4NCiAgICAgICAgPEV4dHJhY3Rpb25SdWxlIENsYXNzbmFtZT0iTWljcm9zb2Z0LlZpc3VhbFN0dWRpby5UZXN0VG9vbHMuV2ViVGVzdGluZy5SdWxlcy5FeHRyYWN0VGV4dCwgTWljcm9zb2Z0LlZpc3VhbFN0dWRpby5RdWFsaXR5VG9vbHMuV2ViVGVzdEZyYW1ld29yaywgVmVyc2lvbj0xMC4wLjAuMCwgQ3VsdHVyZT1uZXV0cmFsLCBQdWJsaWNLZXlUb2tlbj1iMDNmNWY3ZjExZDUwYTNhIiBWYXJpYWJsZU5hbWU9IkZvcm1Qb3N0UGFyYW0xMS5QYXNzd29yZCIgRGlzcGxheU5hbWU9IiIgRGVzY3JpcHRpb249IiI+DQogICAgICAgICAgPFJ1bGVQYXJhbWV0ZXJzPg0KICAgICAgICAgICAgPFJ1bGVQYXJhbWV0ZXIgTmFtZT0iU3RhcnRzV2l0aCIgVmFsdWU9Imx1ZT0mcXVvdDsiIC8+DQogICAgICAgICAgICA8UnVsZVBhcmFtZXRlciBOYW1lPSJFbmRzV2l0aCIgVmFsdWU9IiZxdW90OyAvJmd0OyYjeEQ7IiAvPg0KICAgICAgICAgICAgPFJ1bGVQYXJhbWV0ZXIgTmFtZT0iSW5kZXgiIFZhbHVlPSIwIiAvPg0KICAgICAgICAgICAgPFJ1bGVQYXJhbWV0ZXIgTmFtZT0iSWdub3JlQ2FzZSIgVmFsdWU9IkZhbHNlIiAvPg0KICAgICAgICAgICAgPFJ1bGVQYXJhbWV0ZXIgTmFtZT0iVXNlUmVndWxhckV4cHJlc3Npb24iIFZhbHVlPSJGYWxzZSIgLz4NCiAgICAgICAgICAgIDxSdWxlUGFyYW1ldGVyIE5hbWU9Ikh0bWxEZWNvZGUiIFZhbHVlPSJUcnVlIiAvPg0KICAgICAgICAgICAgPFJ1bGVQYXJhbWV0ZXIgTmFtZT0iUmVxdWlyZWQiIFZhbHVlPSJGYWxzZSIgLz4NCiAgICAgICAgICA8L1J1bGVQYXJhbWV0ZXJzPg0KICAgICAgICA8L0V4dHJhY3Rpb25SdWxlPg0KICAgICAgPC9Db3JyZWxhdGlvbkV4dHJhY3Rpb25SdWxlcz4NCiAgICAgIDxGb3JtUG9zdEh0dHBCb2R5Pg0KICAgICAgICA8Rm9ybVBvc3RQYXJhbWV0ZXIgTmFtZT0ibG9naW4iIFZhbHVlPSJ0ZXN0IiBSZWNvcmRlZFZhbHVlPSJ0ZXN0IiBDb3JyZWxhdGlvbkJpbmRpbmc9IiIgVXJsRW5jb2RlPSJUcnVlIiAvPg0KICAgICAgICA8Rm9ybVBvc3RQYXJhbWV0ZXIgTmFtZT0iUGFzc3dvcmQiIFZhbHVlPSJ0ZXR0IiBSZWNvcmRlZFZhbHVlPSJ0ZXR0IiBDb3JyZWxhdGlvbkJpbmRpbmc9IiIgVXJsRW5jb2RlPSJUcnVlIiAvPg0KICAgICAgPC9Gb3JtUG9zdEh0dHBCb2R5Pg0KICAgIDwvUmVxdWVzdD4NCiAgICA8UmVxdWVzdCBNZXRob2Q9IkdFVCIgR3VpZD0iZDY5YjYyNWYtY2M2Ni00YWJkLWI3MDItNjQ0MmQ1NzY2YjAzIiBWZXJzaW9uPSIxLjEiIFVybD0iaHR0cDovL2xvY2FsaG9zdDozMjU4NS8wNWZiMTRlMDY4NDc0ZmZiODQyYWI5MWE4ODM1ZmZiNy9icm93c2VyTGlua1NpZ25hbFIvY29ubmVjdCIgVGhpbmtUaW1lPSIwIiBUaW1lb3V0PSIzMDAiIFBhcnNlRGVwZW5kZW50UmVxdWVzdHM9IlRydWUiIEZvbGxvd1JlZGlyZWN0cz0iVHJ1ZSIgUmVjb3JkUmVzdWx0PSJUcnVlIiBDYWNoZT0iRmFsc2UiIFJlc3BvbnNlVGltZUdvYWw9IjAiIEVuY29kaW5nPSJ1dGYtOCIgRXhwZWN0ZWRIdHRwU3RhdHVzQ29kZT0iMCIgRXhwZWN0ZWRSZXNwb25zZVVybD0iIiBSZXBvcnRpbmdOYW1lPSIiIElnbm9yZUh0dHBTdGF0dXNDb2RlPSJGYWxzZSI+DQogICAgICA8UXVlcnlTdHJpbmdQYXJhbWV0ZXJzPg0KICAgICAgICA8UXVlcnlTdHJpbmdQYXJhbWV0ZXIgTmFtZT0idHJhbnNwb3J0IiBWYWx1ZT0id2ViU29ja2V0cyIgUmVjb3JkZWRWYWx1ZT0id2ViU29ja2V0cyIgQ29ycmVsYXRpb25CaW5kaW5nPSIiIFVybEVuY29kZT0iRmFsc2UiIFVzZVRvR3JvdXBSZXN1bHRzPSJGYWxzZSIgLz4NCiAgICAgICAgPFF1ZXJ5U3RyaW5nUGFyYW1ldGVyIE5hbWU9ImNvbm5lY3Rpb25Ub2tlbiIgVmFsdWU9IkFRQUFBTkNNbmQ4QkZkRVJqSG9Bd0UlMkZDbCUyQnNCQUFBQUZhRHpsTSUyRmZURUczR01PTU42SENxd0FBQUFBQ0FBQUFBQUFRWmdBQUFBRUFBQ0FBQUFBQzdiWGNFTURJNEdPcXdhb3hNMUJ2OVU5amN4ckwzWjlXRnp1RFkyVTA4d0FBQUFBT2dBQUFBQUlBQUNBQUFBQ2VGVUlHdktMYUJiS3MxQWFPd0RLZEFVQURZRjJaNVJSVnB0Z0ZyTCUyQjNwVEFBQUFBTGNrZzdIb3VaRndIJTJGWlFGVkc0UnVwSVM0aFdzQWF0Q0JwbVVuUkgzcHFtN3dtWDZ3NGUlMkJXc1JiWmRDSmNDOWxBQUFBQXZQaXpIOHRQTHExY0hlcFVZdFc0cm5VeWZzRFdtQTFMa0JtQUVaMXZpR243YWJLVFNxJTJGdkVEUFZmb0FnSHc3ZXhqODAwJTJGOFU1UUljcHZVZ0c4MkNJZyUzRCUzRCIgUmVjb3JkZWRWYWx1ZT0iQVFBQUFOQ01uZDhCRmRFUmpIb0F3RSUyRkNsJTJCc0JBQUFBRmFEemxNJTJGZlRFRzNHTU9NTjZIQ3F3QUFBQUFDQUFBQUFBQVFaZ0FBQUFFQUFDQUFBQUFDN2JYY0VNREk0R09xd2FveE0xQnY5VTlqY3hyTDNaOVdGenVEWTJVMDh3QUFBQUFPZ0FBQUFBSUFBQ0FBQUFDZUZVSUd2S0xhQmJLczFBYU93REtkQVVBRFlGMlo1UlJWcHRnRnJMJTJCM3BUQUFBQUFMY2tnN0hvdVpGd0glMkZaUUZWRzRSdXBJUzRoV3NBYXRDQnBtVW5SSDNwcW03d21YNnc0ZSUyQldzUmJaZENKY0M5bEFBQUFBdlBpekg4dFBMcTFjSGVwVVl0VzRyblV5ZnNEV21BMUxrQm1BRVoxdmlHbjdhYktUU3ElMkZ2RURQVmZvQWdIdzdleGo4MDAlMkY4VTVRSWNwdlVnRzgyQ0lnJTNEJTNEIiBDb3JyZWxhdGlvbkJpbmRpbmc9IiIgVXJsRW5jb2RlPSJGYWxzZSIgVXNlVG9Hcm91cFJlc3VsdHM9IkZhbHNlIiAvPg0KICAgICAgICA8UXVlcnlTdHJpbmdQYXJhbWV0ZXIgTmFtZT0icmVxdWVzdFVybCIgVmFsdWU9Imh0dHAlM0ElMkYlMkZsb2NhbGhvc3QlM0E1NjEzMyUyRmF1dGglMkZsb2dpbiUzRlJldHVyblVybCUzRCUyNTJGIiBSZWNvcmRlZFZhbHVlPSJodHRwJTNBJTJGJTJGbG9jYWxob3N0JTNBNTYxMzMlMkZhdXRoJTJGbG9naW4lM0ZSZXR1cm5VcmwlM0QlMjUyRiIgQ29ycmVsYXRpb25CaW5kaW5nPSIiIFVybEVuY29kZT0iRmFsc2UiIFVzZVRvR3JvdXBSZXN1bHRzPSJGYWxzZSIgLz4NCiAgICAgICAgPFF1ZXJ5U3RyaW5nUGFyYW1ldGVyIE5hbWU9ImJyb3dzZXJOYW1lIiBWYWx1ZT0iSW50ZXJuZXQrRXhwbG9yZXIiIFJlY29yZGVkVmFsdWU9IkludGVybmV0K0V4cGxvcmVyIiBDb3JyZWxhdGlvbkJpbmRpbmc9IiIgVXJsRW5jb2RlPSJGYWxzZSIgVXNlVG9Hcm91cFJlc3VsdHM9IkZhbHNlIiAvPg0KICAgICAgICA8UXVlcnlTdHJpbmdQYXJhbWV0ZXIgTmFtZT0idXNlckFnZW50IiBWYWx1ZT0iTW96aWxsYSUyRjUuMCsoV2luZG93cytOVCs2LjMlM0IrV09XNjQlM0IrVHJpZGVudCUyRjcuMCUzQisuTkVUNC4wRSUzQisuTkVUNC4wQyUzQisuTkVUK0NMUiszLjUuMzA3MjklM0IrLk5FVCtDTFIrMi4wLjUwNzI3JTNCKy5ORVQrQ0xSKzMuMC4zMDcyOSUzQitHV1glM0FET1dOTE9BREVEJTNCK0dXWCUzQVFVQUxJRklFRCUzQitydiUzQTExLjApK2xpa2UrR2Vja28iIFJlY29yZGVkVmFsdWU9Ik1vemlsbGElMkY1LjArKFdpbmRvd3MrTlQrNi4zJTNCK1dPVzY0JTNCK1RyaWRlbnQlMkY3LjAlM0IrLk5FVDQuMEUlM0IrLk5FVDQuMEMlM0IrLk5FVCtDTFIrMy41LjMwNzI5JTNCKy5ORVQrQ0xSKzIuMC41MDcyNyUzQisuTkVUK0NMUiszLjAuMzA3MjklM0IrR1dYJTNBRE9XTkxPQURFRCUzQitHV1glM0FRVUFMSUZJRUQlM0IrcnYlM0ExMS4wKStsaWtlK0dlY2tvIiBDb3JyZWxhdGlvbkJpbmRpbmc9IiIgVXJsRW5jb2RlPSJGYWxzZSIgVXNlVG9Hcm91cFJlc3VsdHM9IkZhbHNlIiAvPg0KICAgICAgICA8UXVlcnlTdHJpbmdQYXJhbWV0ZXIgTmFtZT0idGlkIiBWYWx1ZT0iOSIgUmVjb3JkZWRWYWx1ZT0iOSIgQ29ycmVsYXRpb25CaW5kaW5nPSIiIFVybEVuY29kZT0iRmFsc2UiIFVzZVRvR3JvdXBSZXN1bHRzPSJGYWxzZSIgLz4NCiAgICAgIDwvUXVlcnlTdHJpbmdQYXJhbWV0ZXJzPg0KICAgIDwvUmVxdWVzdD4NCiAgICA8UmVxdWVzdCBNZXRob2Q9IkdFVCIgR3VpZD0iM2FlNDFiYmEtMmI5My00YzQxLTljNDQtNzI4YTIzM2MxZmJlIiBWZXJzaW9uPSIxLjEiIFVybD0iaHR0cDovL2xvY2FsaG9zdDo1NjEzMy9fX2Jyb3dzZXJMaW5rL3JlcXVlc3REYXRhLzY5ZWZkZjM4ZDAyNDRlODg5ZDlmY2FiZDZiMzcyOGExIiBUaGlua1RpbWU9IjAiIFRpbWVvdXQ9IjMwMCIgUGFyc2VEZXBlbmRlbnRSZXF1ZXN0cz0iVHJ1ZSIgRm9sbG93UmVkaXJlY3RzPSJUcnVlIiBSZWNvcmRSZXN1bHQ9IlRydWUiIENhY2hlPSJGYWxzZSIgUmVzcG9uc2VUaW1lR29hbD0iMCIgRW5jb2Rpbmc9InV0Zi04IiBFeHBlY3RlZEh0dHBTdGF0dXNDb2RlPSIwIiBFeHBlY3RlZFJlc3BvbnNlVXJsPSIiIFJlcG9ydGluZ05hbWU9IiIgSWdub3JlSHR0cFN0YXR1c0NvZGU9IkZhbHNlIj4NCiAgICAgIDxIZWFkZXJzPg0KICAgICAgICA8SGVhZGVyIE5hbWU9IkFjY2VwdCIgVmFsdWU9ImFwcGxpY2F0aW9uL2pzb24sIHRleHQvamF2YXNjcmlwdCwgKi8qOyBxPTAuMDEiIC8+DQogICAgICAgIDxIZWFkZXIgTmFtZT0iWC1SZXF1ZXN0ZWQtV2l0aCIgVmFsdWU9IlhNTEh0dHBSZXF1ZXN0IiAvPg0KICAgICAgICA8SGVhZGVyIE5hbWU9IlJlZmVyZXIiIFZhbHVlPSJodHRwOi8vbG9jYWxob3N0OjU2MTMzL2F1dGgvbG9naW4/UmV0dXJuVXJsPSUyRiIgLz4NCiAgICAgIDwvSGVhZGVycz4NCiAgICAgIDxRdWVyeVN0cmluZ1BhcmFtZXRlcnM+DQogICAgICAgIDxRdWVyeVN0cmluZ1BhcmFtZXRlciBOYW1lPSJ2ZXJzaW9uIiBWYWx1ZT0iMiIgUmVjb3JkZWRWYWx1ZT0iMiIgQ29ycmVsYXRpb25CaW5kaW5nPSIiIFVybEVuY29kZT0iRmFsc2UiIFVzZVRvR3JvdXBSZXN1bHRzPSJGYWxzZSIgLz4NCiAgICAgIDwvUXVlcnlTdHJpbmdQYXJhbWV0ZXJzPg0KICAgIDwvUmVxdWVzdD4NCiAgICA8UmVxdWVzdCBNZXRob2Q9IlBPU1QiIEd1aWQ9Ijc1MWUyMTNjLTMyMGItNDcwNS04YWIwLTcwM2YwNzVjNTc3MiIgVmVyc2lvbj0iMS4xIiBVcmw9Imh0dHA6Ly9sb2NhbGhvc3Q6MzI1ODUvMDVmYjE0ZTA2ODQ3NGZmYjg0MmFiOTFhODgzNWZmYjcvYnJvd3NlckxpbmtTaWduYWxSL2Fib3J0IiBUaGlua1RpbWU9IjAiIFRpbWVvdXQ9IjMwMCIgUGFyc2VEZXBlbmRlbnRSZXF1ZXN0cz0iVHJ1ZSIgRm9sbG93UmVkaXJlY3RzPSJUcnVlIiBSZWNvcmRSZXN1bHQ9IlRydWUiIENhY2hlPSJGYWxzZSIgUmVzcG9uc2VUaW1lR29hbD0iMCIgRW5jb2Rpbmc9InV0Zi04IiBFeHBlY3RlZEh0dHBTdGF0dXNDb2RlPSIwIiBFeHBlY3RlZFJlc3BvbnNlVXJsPSIiIFJlcG9ydGluZ05hbWU9IiIgSWdub3JlSHR0cFN0YXR1c0NvZGU9IkZhbHNlIj4NCiAgICAgIDxIZWFkZXJzPg0KICAgICAgICA8SGVhZGVyIE5hbWU9IkFjY2VwdCIgVmFsdWU9InRleHQvcGxhaW4sICovKjsgcT0wLjAxIiAvPg0KICAgICAgICA8SGVhZGVyIE5hbWU9IlJlZmVyZXIiIFZhbHVlPSJodHRwOi8vbG9jYWxob3N0OjU2MTMzL2F1dGgvbG9naW4/UmV0dXJuVXJsPSUyRiIgLz4NCiAgICAgIDwvSGVhZGVycz4NCiAgICAgIDxRdWVyeVN0cmluZ1BhcmFtZXRlcnM+DQogICAgICAgIDxRdWVyeVN0cmluZ1BhcmFtZXRlciBOYW1lPSJ0cmFuc3BvcnQiIFZhbHVlPSJ3ZWJTb2NrZXRzIiBSZWNvcmRlZFZhbHVlPSJ3ZWJTb2NrZXRzIiBDb3JyZWxhdGlvbkJpbmRpbmc9IiIgVXJsRW5jb2RlPSJGYWxzZSIgVXNlVG9Hcm91cFJlc3VsdHM9IkZhbHNlIiAvPg0KICAgICAgICA8UXVlcnlTdHJpbmdQYXJhbWV0ZXIgTmFtZT0iY29ubmVjdGlvblRva2VuIiBWYWx1ZT0iQVFBQUFOQ01uZDhCRmRFUmpIb0F3RSUyRkNsJTJCc0JBQUFBRmFEemxNJTJGZlRFRzNHTU9NTjZIQ3F3QUFBQUFDQUFBQUFBQVFaZ0FBQUFFQUFDQUFBQUFDN2JYY0VNREk0R09xd2FveE0xQnY5VTlqY3hyTDNaOVdGenVEWTJVMDh3QUFBQUFPZ0FBQUFBSUFBQ0FBQUFDZUZVSUd2S0xhQmJLczFBYU93REtkQVVBRFlGMlo1UlJWcHRnRnJMJTJCM3BUQUFBQUFMY2tnN0hvdVpGd0glMkZaUUZWRzRSdXBJUzRoV3NBYXRDQnBtVW5SSDNwcW03d21YNnc0ZSUyQldzUmJaZENKY0M5bEFBQUFBdlBpekg4dFBMcTFjSGVwVVl0VzRyblV5ZnNEV21BMUxrQm1BRVoxdmlHbjdhYktUU3ElMkZ2RURQVmZvQWdIdzdleGo4MDAlMkY4VTVRSWNwdlVnRzgyQ0lnJTNEJTNEIiBSZWNvcmRlZFZhbHVlPSJBUUFBQU5DTW5kOEJGZEVSakhvQXdFJTJGQ2wlMkJzQkFBQUFGYUR6bE0lMkZmVEVHM0dNT01ONkhDcXdBQUFBQUNBQUFBQUFBUVpnQUFBQUVBQUNBQUFBQUM3YlhjRU1ESTRHT3F3YW94TTFCdjlVOWpjeHJMM1o5V0Z6dURZMlUwOHdBQUFBQU9nQUFBQUFJQUFDQUFBQUNlRlVJR3ZLTGFCYktzMUFhT3dES2RBVUFEWUYyWjVSUlZwdGdGckwlMkIzcFRBQUFBQUxja2c3SG91WkZ3SCUyRlpRRlZHNFJ1cElTNGhXc0FhdENCcG1VblJIM3BxbTd3bVg2dzRlJTJCV3NSYlpkQ0pjQzlsQUFBQUF2UGl6SDh0UExxMWNIZXBVWXRXNHJuVXlmc0RXbUExTGtCbUFFWjF2aUduN2FiS1RTcSUyRnZFRFBWZm9BZ0h3N2V4ajgwMCUyRjhVNVFJY3B2VWdHODJDSWclM0QlM0QiIENvcnJlbGF0aW9uQmluZGluZz0iIiBVcmxFbmNvZGU9IkZhbHNlIiBVc2VUb0dyb3VwUmVzdWx0cz0iRmFsc2UiIC8+DQogICAgICAgIDxRdWVyeVN0cmluZ1BhcmFtZXRlciBOYW1lPSJyZXF1ZXN0VXJsIiBWYWx1ZT0iaHR0cCUzQSUyRiUyRmxvY2FsaG9zdCUzQTU2MTMzJTJGYXV0aCUyRmxvZ2luJTNGUmV0dXJuVXJsJTNEJTI1MkYiIFJlY29yZGVkVmFsdWU9Imh0dHAlM0ElMkYlMkZsb2NhbGhvc3QlM0E1NjEzMyUyRmF1dGglMkZsb2dpbiUzRlJldHVyblVybCUzRCUyNTJGIiBDb3JyZWxhdGlvbkJpbmRpbmc9IiIgVXJsRW5jb2RlPSJGYWxzZSIgVXNlVG9Hcm91cFJlc3VsdHM9IkZhbHNlIiAvPg0KICAgICAgICA8UXVlcnlTdHJpbmdQYXJhbWV0ZXIgTmFtZT0iYnJvd3Nlck5hbWUiIFZhbHVlPSJJbnRlcm5ldCtFeHBsb3JlciIgUmVjb3JkZWRWYWx1ZT0iSW50ZXJuZXQrRXhwbG9yZXIiIENvcnJlbGF0aW9uQmluZGluZz0iIiBVcmxFbmNvZGU9IkZhbHNlIiBVc2VUb0dyb3VwUmVzdWx0cz0iRmFsc2UiIC8+DQogICAgICAgIDxRdWVyeVN0cmluZ1BhcmFtZXRlciBOYW1lPSJ1c2VyQWdlbnQiIFZhbHVlPSJNb3ppbGxhJTJGNS4wKyhXaW5kb3dzK05UKzYuMyUzQitXT1c2NCUzQitUcmlkZW50JTJGNy4wJTNCKy5ORVQ0LjBFJTNCKy5ORVQ0LjBDJTNCKy5ORVQrQ0xSKzMuNS4zMDcyOSUzQisuTkVUK0NMUisyLjAuNTA3MjclM0IrLk5FVCtDTFIrMy4wLjMwNzI5JTNCK0dXWCUzQURPV05MT0FERUQlM0IrR1dYJTNBUVVBTElGSUVEJTNCK3J2JTNBMTEuMCkrbGlrZStHZWNrbyIgUmVjb3JkZWRWYWx1ZT0iTW96aWxsYSUyRjUuMCsoV2luZG93cytOVCs2LjMlM0IrV09XNjQlM0IrVHJpZGVudCUyRjcuMCUzQisuTkVUNC4wRSUzQisuTkVUNC4wQyUzQisuTkVUK0NMUiszLjUuMzA3MjklM0IrLk5FVCtDTFIrMi4wLjUwNzI3JTNCKy5ORVQrQ0xSKzMuMC4zMDcyOSUzQitHV1glM0FET1dOTE9BREVEJTNCK0dXWCUzQVFVQUxJRklFRCUzQitydiUzQTExLjApK2xpa2UrR2Vja28iIENvcnJlbGF0aW9uQmluZGluZz0iIiBVcmxFbmNvZGU9IkZhbHNlIiBVc2VUb0dyb3VwUmVzdWx0cz0iRmFsc2UiIC8+DQogICAgICA8L1F1ZXJ5U3RyaW5nUGFyYW1ldGVycz4NCiAgICAgIDxGb3JtUG9zdEh0dHBCb2R5IC8+DQogICAgPC9SZXF1ZXN0Pg0KICAgIDxSZXF1ZXN0IE1ldGhvZD0iUE9TVCIgR3VpZD0iNzcyZDcxYjMtMDVlNC00MTlhLWFkYzYtNGU4ZmRiNTFmMmEyIiBWZXJzaW9uPSIxLjEiIFVybD0iaHR0cDovL2xvY2FsaG9zdDozMjU4NS8wNWZiMTRlMDY4NDc0ZmZiODQyYWI5MWE4ODM1ZmZiNy9icm93c2VyTGlua1NpZ25hbFIvbmVnb3RpYXRlIiBUaGlua1RpbWU9IjMiIFRpbWVvdXQ9IjMwMCIgUGFyc2VEZXBlbmRlbnRSZXF1ZXN0cz0iVHJ1ZSIgRm9sbG93UmVkaXJlY3RzPSJUcnVlIiBSZWNvcmRSZXN1bHQ9IlRydWUiIENhY2hlPSJGYWxzZSIgUmVzcG9uc2VUaW1lR29hbD0iMCIgRW5jb2Rpbmc9InV0Zi04IiBFeHBlY3RlZEh0dHBTdGF0dXNDb2RlPSIwIiBFeHBlY3RlZFJlc3BvbnNlVXJsPSIiIFJlcG9ydGluZ05hbWU9IiIgSWdub3JlSHR0cFN0YXR1c0NvZGU9IkZhbHNlIj4NCiAgICAgIDxIZWFkZXJzPg0KICAgICAgICA8SGVhZGVyIE5hbWU9IkNvbnRlbnQtVHlwZSIgVmFsdWU9ImFwcGxpY2F0aW9uL3gtd3d3LWZvcm0tdXJsZW5jb2RlZDsgY2hhcnNldD1VVEYtOCIgLz4NCiAgICAgICAgPEhlYWRlciBOYW1lPSJBY2NlcHQiIFZhbHVlPSJ0ZXh0L3BsYWluLCAqLyo7IHE9MC4wMSIgLz4NCiAgICAgICAgPEhlYWRlciBOYW1lPSJSZWZlcmVyIiBWYWx1ZT0iaHR0cDovL2xvY2FsaG9zdDo1NjEzMy9BdXRoL0xvZ0luIiAvPg0KICAgICAgPC9IZWFkZXJzPg0KICAgICAgPFF1ZXJ5U3RyaW5nUGFyYW1ldGVycz4NCiAgICAgICAgPFF1ZXJ5U3RyaW5nUGFyYW1ldGVyIE5hbWU9InJlcXVlc3RVcmwiIFZhbHVlPSJodHRwJTNBJTJGJTJGbG9jYWxob3N0JTNBNTYxMzMlMkZBdXRoJTJGTG9nSW4iIFJlY29yZGVkVmFsdWU9Imh0dHAlM0ElMkYlMkZsb2NhbGhvc3QlM0E1NjEzMyUyRkF1dGglMkZMb2dJbiIgQ29ycmVsYXRpb25CaW5kaW5nPSIiIFVybEVuY29kZT0iRmFsc2UiIFVzZVRvR3JvdXBSZXN1bHRzPSJGYWxzZSIgLz4NCiAgICAgICAgPFF1ZXJ5U3RyaW5nUGFyYW1ldGVyIE5hbWU9ImJyb3dzZXJOYW1lIiBWYWx1ZT0iSW50ZXJuZXQrRXhwbG9yZXIiIFJlY29yZGVkVmFsdWU9IkludGVybmV0K0V4cGxvcmVyIiBDb3JyZWxhdGlvbkJpbmRpbmc9IiIgVXJsRW5jb2RlPSJGYWxzZSIgVXNlVG9Hcm91cFJlc3VsdHM9IkZhbHNlIiAvPg0KICAgICAgICA8UXVlcnlTdHJpbmdQYXJhbWV0ZXIgTmFtZT0idXNlckFnZW50IiBWYWx1ZT0iTW96aWxsYSUyRjUuMCsoV2luZG93cytOVCs2LjMlM0IrV09XNjQlM0IrVHJpZGVudCUyRjcuMCUzQisuTkVUNC4wRSUzQisuTkVUNC4wQyUzQisuTkVUK0NMUiszLjUuMzA3MjklM0IrLk5FVCtDTFIrMi4wLjUwNzI3JTNCKy5ORVQrQ0xSKzMuMC4zMDcyOSUzQitHV1glM0FET1dOTE9BREVEJTNCK0dXWCUzQVFVQUxJRklFRCUzQitydiUzQTExLjApK2xpa2UrR2Vja28iIFJlY29yZGVkVmFsdWU9Ik1vemlsbGElMkY1LjArKFdpbmRvd3MrTlQrNi4zJTNCK1dPVzY0JTNCK1RyaWRlbnQlMkY3LjAlM0IrLk5FVDQuMEUlM0IrLk5FVDQuMEMlM0IrLk5FVCtDTFIrMy41LjMwNzI5JTNCKy5ORVQrQ0xSKzIuMC41MDcyNyUzQisuTkVUK0NMUiszLjAuMzA3MjklM0IrR1dYJTNBRE9XTkxPQURFRCUzQitHV1glM0FRVUFMSUZJRUQlM0IrcnYlM0ExMS4wKStsaWtlK0dlY2tvIiBDb3JyZWxhdGlvbkJpbmRpbmc9IiIgVXJsRW5jb2RlPSJGYWxzZSIgVXNlVG9Hcm91cFJlc3VsdHM9IkZhbHNlIiAvPg0KICAgICAgICA8UXVlcnlTdHJpbmdQYXJhbWV0ZXIgTmFtZT0iY2xpZW50UHJvdG9jb2wiIFZhbHVlPSIxLjMiIFJlY29yZGVkVmFsdWU9IjEuMyIgQ29ycmVsYXRpb25CaW5kaW5nPSIiIFVybEVuY29kZT0iRmFsc2UiIFVzZVRvR3JvdXBSZXN1bHRzPSJGYWxzZSIgLz4NCiAgICAgICAgPFF1ZXJ5U3RyaW5nUGFyYW1ldGVyIE5hbWU9Il8iIFZhbHVlPSIxNDY0OTc5MzA3NDIwIiBSZWNvcmRlZFZhbHVlPSIxNDY0OTc5MzA3NDIwIiBDb3JyZWxhdGlvbkJpbmRpbmc9IiIgVXJsRW5jb2RlPSJGYWxzZSIgVXNlVG9Hcm91cFJlc3VsdHM9IkZhbHNlIiAvPg0KICAgICAgPC9RdWVyeVN0cmluZ1BhcmFtZXRlcnM+DQogICAgICA8Rm9ybVBvc3RIdHRwQm9keSAvPg0KICAgIDwvUmVxdWVzdD4NCiAgICA8UmVxdWVzdCBNZXRob2Q9IlBPU1QiIEd1aWQ9ImUzZmY3NzI0LWMwMWItNGQxOC04Zjk4LTc2MWIwYWViODE0NyIgVmVyc2lvbj0iMS4xIiBVcmw9Imh0dHA6Ly9sb2NhbGhvc3Q6NTYxMzMvQXV0aC9Mb2dJbiIgVGhpbmtUaW1lPSIwIiBUaW1lb3V0PSIzMDAiIFBhcnNlRGVwZW5kZW50UmVxdWVzdHM9IlRydWUiIEZvbGxvd1JlZGlyZWN0cz0iVHJ1ZSIgUmVjb3JkUmVzdWx0PSJUcnVlIiBDYWNoZT0iRmFsc2UiIFJlc3BvbnNlVGltZUdvYWw9IjAiIEVuY29kaW5nPSJ1dGYtOCIgRXhwZWN0ZWRIdHRwU3RhdHVzQ29kZT0iMCIgRXhwZWN0ZWRSZXNwb25zZVVybD0iIiBSZXBvcnRpbmdOYW1lPSIiIElnbm9yZUh0dHBTdGF0dXNDb2RlPSJGYWxzZSI+DQogICAgICA8RGVwZW5kZW50UmVxdWVzdHM+DQogICAgICAgIDxSZXF1ZXN0IE1ldGhvZD0iUE9TVCIgR3VpZD0iNzI3YTI4MWUtMzhmNS00NDM3LThlYmEtOGYyMDE5NWQxYmVlIiBWZXJzaW9uPSIxLjEiIFVybD0iaHR0cDovL2xvY2FsaG9zdDozMjU4NS8wNWZiMTRlMDY4NDc0ZmZiODQyYWI5MWE4ODM1ZmZiNy9icm93c2VyTGlua1NpZ25hbFIvYWJvcnQiIFRoaW5rVGltZT0iMCIgVGltZW91dD0iMzAwIiBQYXJzZURlcGVuZGVudFJlcXVlc3RzPSJUcnVlIiBGb2xsb3dSZWRpcmVjdHM9IlRydWUiIFJlY29yZFJlc3VsdD0iVHJ1ZSIgQ2FjaGU9IkZhbHNlIiBSZXNwb25zZVRpbWVHb2FsPSIwIiBFbmNvZGluZz0idXRmLTgiIEV4cGVjdGVkSHR0cFN0YXR1c0NvZGU9IjAiIEV4cGVjdGVkUmVzcG9uc2VVcmw9IiIgUmVwb3J0aW5nTmFtZT0iIiBJZ25vcmVIdHRwU3RhdHVzQ29kZT0iRmFsc2UiPg0KICAgICAgICAgIDxIZWFkZXJzPg0KICAgICAgICAgICAgPEhlYWRlciBOYW1lPSJBY2NlcHQiIFZhbHVlPSJ0ZXh0L3BsYWluLCAqLyo7IHE9MC4wMSIgLz4NCiAgICAgICAgICAgIDxIZWFkZXIgTmFtZT0iUmVmZXJlciIgVmFsdWU9Imh0dHA6Ly9sb2NhbGhvc3Q6NTYxMzMvQXV0aC9Mb2dJbiIgLz4NCiAgICAgICAgICA8L0hlYWRlcnM+DQogICAgICAgICAgPFF1ZXJ5U3RyaW5nUGFyYW1ldGVycz4NCiAgICAgICAgICAgIDxRdWVyeVN0cmluZ1BhcmFtZXRlciBOYW1lPSJ0cmFuc3BvcnQiIFZhbHVlPSJ3ZWJTb2NrZXRzIiBSZWNvcmRlZFZhbHVlPSJ3ZWJTb2NrZXRzIiBDb3JyZWxhdGlvbkJpbmRpbmc9IiIgVXJsRW5jb2RlPSJGYWxzZSIgVXNlVG9Hcm91cFJlc3VsdHM9IkZhbHNlIiAvPg0KICAgICAgICAgICAgPFF1ZXJ5U3RyaW5nUGFyYW1ldGVyIE5hbWU9ImNvbm5lY3Rpb25Ub2tlbiIgVmFsdWU9IkFRQUFBTkNNbmQ4QkZkRVJqSG9Bd0UlMkZDbCUyQnNCQUFBQUZhRHpsTSUyRmZURUczR01PTU42SENxd0FBQUFBQ0FBQUFBQUFRWmdBQUFBRUFBQ0FBQUFCWWI5ZDdtUFhSdyUyQndveGFjMXppb0lmdG41RFR1RzJRVFA4c1FQSHNNc2dnQUFBQUFPZ0FBQUFBSUFBQ0FBQUFESUZia0FPWXR2Uk1sUW8wQyUyQjVJTXpaSTdoTDcxNVphbjl3ZVYlMkZoc0NDYWpBQUFBRHhBQUxza05RT0lQJTJCWWJoUnQydzczUXJZNFkwc2RzJTJGVUJJMEQlMkJZdEhSeFA4MEVPNzNVZVRkJTJCalRldml6UmM5OUFBQUFBYXNTNnBkOU0yUVZ0WlJIMnhJMFNnTk1PZ2dBTDRad1JSbWpqS29HeUdVejFmZTZycVlaVVJXRXZsMDl1VGp5Zm10cmhCdGZrUTFwbTVwaGpmdmF6bVElM0QlM0QiIFJlY29yZGVkVmFsdWU9IkFRQUFBTkNNbmQ4QkZkRVJqSG9Bd0UlMkZDbCUyQnNCQUFBQUZhRHpsTSUyRmZURUczR01PTU42SENxd0FBQUFBQ0FBQUFBQUFRWmdBQUFBRUFBQ0FBQUFCWWI5ZDdtUFhSdyUyQndveGFjMXppb0lmdG41RFR1RzJRVFA4c1FQSHNNc2dnQUFBQUFPZ0FBQUFBSUFBQ0FBQUFESUZia0FPWXR2Uk1sUW8wQyUyQjVJTXpaSTdoTDcxNVphbjl3ZVYlMkZoc0NDYWpBQUFBRHhBQUxza05RT0lQJTJCWWJoUnQydzczUXJZNFkwc2RzJTJGVUJJMEQlMkJZdEhSeFA4MEVPNzNVZVRkJTJCalRldml6UmM5OUFBQUFBYXNTNnBkOU0yUVZ0WlJIMnhJMFNnTk1PZ2dBTDRad1JSbWpqS29HeUdVejFmZTZycVlaVVJXRXZsMDl1VGp5Zm10cmhCdGZrUTFwbTVwaGpmdmF6bVElM0QlM0QiIENvcnJlbGF0aW9uQmluZGluZz0iIiBVcmxFbmNvZGU9IkZhbHNlIiBVc2VUb0dyb3VwUmVzdWx0cz0iRmFsc2UiIC8+DQogICAgICAgICAgICA8UXVlcnlTdHJpbmdQYXJhbWV0ZXIgTmFtZT0icmVxdWVzdFVybCIgVmFsdWU9Imh0dHAlM0ElMkYlMkZsb2NhbGhvc3QlM0E1NjEzMyUyRkF1dGglMkZMb2dJbiIgUmVjb3JkZWRWYWx1ZT0iaHR0cCUzQSUyRiUyRmxvY2FsaG9zdCUzQTU2MTMzJTJGQXV0aCUyRkxvZ0luIiBDb3JyZWxhdGlvbkJpbmRpbmc9IiIgVXJsRW5jb2RlPSJGYWxzZSIgVXNlVG9Hcm91cFJlc3VsdHM9IkZhbHNlIiAvPg0KICAgICAgICAgICAgPFF1ZXJ5U3RyaW5nUGFyYW1ldGVyIE5hbWU9ImJyb3dzZXJOYW1lIiBWYWx1ZT0iSW50ZXJuZXQrRXhwbG9yZXIiIFJlY29yZGVkVmFsdWU9IkludGVybmV0K0V4cGxvcmVyIiBDb3JyZWxhdGlvbkJpbmRpbmc9IiIgVXJsRW5jb2RlPSJGYWxzZSIgVXNlVG9Hcm91cFJlc3VsdHM9IkZhbHNlIiAvPg0KICAgICAgICAgICAgPFF1ZXJ5U3RyaW5nUGFyYW1ldGVyIE5hbWU9InVzZXJBZ2VudCIgVmFsdWU9Ik1vemlsbGElMkY1LjArKFdpbmRvd3MrTlQrNi4zJTNCK1dPVzY0JTNCK1RyaWRlbnQlMkY3LjAlM0IrLk5FVDQuMEUlM0IrLk5FVDQuMEMlM0IrLk5FVCtDTFIrMy41LjMwNzI5JTNCKy5ORVQrQ0xSKzIuMC41MDcyNyUzQisuTkVUK0NMUiszLjAuMzA3MjklM0IrR1dYJTNBRE9XTkxPQURFRCUzQitHV1glM0FRVUFMSUZJRUQlM0IrcnYlM0ExMS4wKStsaWtlK0dlY2tvIiBSZWNvcmRlZFZhbHVlPSJNb3ppbGxhJTJGNS4wKyhXaW5kb3dzK05UKzYuMyUzQitXT1c2NCUzQitUcmlkZW50JTJGNy4wJTNCKy5ORVQ0LjBFJTNCKy5ORVQ0LjBDJTNCKy5ORVQrQ0xSKzMuNS4zMDcyOSUzQisuTkVUK0NMUisyLjAuNTA3MjclM0IrLk5FVCtDTFIrMy4wLjMwNzI5JTNCK0dXWCUzQURPV05MT0FERUQlM0IrR1dYJTNBUVVBTElGSUVEJTNCK3J2JTNBMTEuMCkrbGlrZStHZWNrbyIgQ29ycmVsYXRpb25CaW5kaW5nPSIiIFVybEVuY29kZT0iRmFsc2UiIFVzZVRvR3JvdXBSZXN1bHRzPSJGYWxzZSIgLz4NCiAgICAgICAgICA8L1F1ZXJ5U3RyaW5nUGFyYW1ldGVycz4NCiAgICAgICAgICA8Rm9ybVBvc3RIdHRwQm9keSAvPg0KICAgICAgICA8L1JlcXVlc3Q+DQogICAgICA8L0RlcGVuZGVudFJlcXVlc3RzPg0KICAgICAgPEhlYWRlcnM+DQogICAgICAgIDxIZWFkZXIgTmFtZT0iUmVmZXJlciIgVmFsdWU9Imh0dHA6Ly9sb2NhbGhvc3Q6NTYxMzMvQXV0aC9Mb2dJbiIgLz4NCiAgICAgIDwvSGVhZGVycz4NCiAgICAgIDxDb3JyZWxhdGlvbkV4dHJhY3Rpb25SdWxlcz4NCiAgICAgICAgPEV4dHJhY3Rpb25SdWxlIENsYXNzbmFtZT0iTWljcm9zb2Z0LlZpc3VhbFN0dWRpby5UZXN0VG9vbHMuV2ViVGVzdGluZy5SdWxlcy5FeHRyYWN0Rm9ybUZpZWxkLCBNaWNyb3NvZnQuVmlzdWFsU3R1ZGlvLlF1YWxpdHlUb29scy5XZWJUZXN0RnJhbWV3b3JrLCBWZXJzaW9uPTEwLjAuMC4wLCBDdWx0dXJlPW5ldXRyYWwsIFB1YmxpY0tleVRva2VuPWIwM2Y1ZjdmMTFkNTBhM2EiIFZhcmlhYmxlTmFtZT0iRm9ybVBvc3RQYXJhbTgubG9naW4iIERpc3BsYXlOYW1lPSIiIERlc2NyaXB0aW9uPSIiPg0KICAgICAgICAgIDxSdWxlUGFyYW1ldGVycz4NCiAgICAgICAgICAgIDxSdWxlUGFyYW1ldGVyIE5hbWU9Ik5hbWUiIFZhbHVlPSJsb2dpbiIgLz4NCiAgICAgICAgICAgIDxSdWxlUGFyYW1ldGVyIE5hbWU9Ikh0bWxEZWNvZGUiIFZhbHVlPSJUcnVlIiAvPg0KICAgICAgICAgICAgPFJ1bGVQYXJhbWV0ZXIgTmFtZT0iUmVxdWlyZWQiIFZhbHVlPSJGYWxzZSIgLz4NCiAgICAgICAgICAgIDxSdWxlUGFyYW1ldGVyIE5hbWU9IkluZGV4IiBWYWx1ZT0iMCIgLz4NCiAgICAgICAgICA8L1J1bGVQYXJhbWV0ZXJzPg0KICAgICAgICA8L0V4dHJhY3Rpb25SdWxlPg0KICAgICAgICA8RXh0cmFjdGlvblJ1bGUgQ2xhc3NuYW1lPSJNaWNyb3NvZnQuVmlzdWFsU3R1ZGlvLlRlc3RUb29scy5XZWJUZXN0aW5nLlJ1bGVzLkV4dHJhY3RUZXh0LCBNaWNyb3NvZnQuVmlzdWFsU3R1ZGlvLlF1YWxpdHlUb29scy5XZWJUZXN0RnJhbWV3b3JrLCBWZXJzaW9uPTEwLjAuMC4wLCBDdWx0dXJlPW5ldXRyYWwsIFB1YmxpY0tleVRva2VuPWIwM2Y1ZjdmMTFkNTBhM2EiIFZhcmlhYmxlTmFtZT0iRm9ybVBvc3RQYXJhbTkuUGFzc3dvcmQiIERpc3BsYXlOYW1lPSIiIERlc2NyaXB0aW9uPSIiPg0KICAgICAgICAgIDxSdWxlUGFyYW1ldGVycz4NCiAgICAgICAgICAgIDxSdWxlUGFyYW1ldGVyIE5hbWU9IlN0YXJ0c1dpdGgiIFZhbHVlPSJsdWU9JnF1b3Q7IiAvPg0KICAgICAgICAgICAgPFJ1bGVQYXJhbWV0ZXIgTmFtZT0iRW5kc1dpdGgiIFZhbHVlPSImcXVvdDsgLyZndDsmI3hEOyIgLz4NCiAgICAgICAgICAgIDxSdWxlUGFyYW1ldGVyIE5hbWU9IkluZGV4IiBWYWx1ZT0iMCIgLz4NCiAgICAgICAgICAgIDxSdWxlUGFyYW1ldGVyIE5hbWU9Iklnbm9yZUNhc2UiIFZhbHVlPSJGYWxzZSIgLz4NCiAgICAgICAgICAgIDxSdWxlUGFyYW1ldGVyIE5hbWU9IlVzZVJlZ3VsYXJFeHByZXNzaW9uIiBWYWx1ZT0iRmFsc2UiIC8+DQogICAgICAgICAgICA8UnVsZVBhcmFtZXRlciBOYW1lPSJIdG1sRGVjb2RlIiBWYWx1ZT0iVHJ1ZSIgLz4NCiAgICAgICAgICAgIDxSdWxlUGFyYW1ldGVyIE5hbWU9IlJlcXVpcmVkIiBWYWx1ZT0iRmFsc2UiIC8+DQogICAgICAgICAgPC9SdWxlUGFyYW1ldGVycz4NCiAgICAgICAgPC9FeHRyYWN0aW9uUnVsZT4NCiAgICAgIDwvQ29ycmVsYXRpb25FeHRyYWN0aW9uUnVsZXM+DQogICAgICA8Rm9ybVBvc3RIdHRwQm9keT4NCiAgICAgICAgPEZvcm1Qb3N0UGFyYW1ldGVyIE5hbWU9ImxvZ2luIiBWYWx1ZT0idGVzdCIgUmVjb3JkZWRWYWx1ZT0idGVzdCIgQ29ycmVsYXRpb25CaW5kaW5nPSJ7e0Zvcm1Qb3N0UGFyYW0xMC5sb2dpbn19IiBVcmxFbmNvZGU9IlRydWUiIC8+DQogICAgICAgIDxGb3JtUG9zdFBhcmFtZXRlciBOYW1lPSJQYXNzd29yZCIgVmFsdWU9InRlc3QiIFJlY29yZGVkVmFsdWU9InRlc3QiIENvcnJlbGF0aW9uQmluZGluZz0ie3tGb3JtUG9zdFBhcmFtMTEuUGFzc3dvcmR9fSIgVXJsRW5jb2RlPSJUcnVlIiAvPg0KICAgICAgPC9Gb3JtUG9zdEh0dHBCb2R5Pg0KICAgIDwvUmVxdWVzdD4NCiAgICA8UmVxdWVzdCBNZXRob2Q9IkdFVCIgR3VpZD0iZjMwZTU2MjMtYWU2OC00M2JkLThkYjEtYzk5Nzg3MTUxZDY0IiBWZXJzaW9uPSIxLjEiIFVybD0iaHR0cDovL2xvY2FsaG9zdDozMjU4NS8wNWZiMTRlMDY4NDc0ZmZiODQyYWI5MWE4ODM1ZmZiNy9icm93c2VyTGlua1NpZ25hbFIvY29ubmVjdCIgVGhpbmtUaW1lPSIwIiBUaW1lb3V0PSIzMDAiIFBhcnNlRGVwZW5kZW50UmVxdWVzdHM9IlRydWUiIEZvbGxvd1JlZGlyZWN0cz0iVHJ1ZSIgUmVjb3JkUmVzdWx0PSJUcnVlIiBDYWNoZT0iRmFsc2UiIFJlc3BvbnNlVGltZUdvYWw9IjAiIEVuY29kaW5nPSJ1dGYtOCIgRXhwZWN0ZWRIdHRwU3RhdHVzQ29kZT0iMCIgRXhwZWN0ZWRSZXNwb25zZVVybD0iIiBSZXBvcnRpbmdOYW1lPSIiIElnbm9yZUh0dHBTdGF0dXNDb2RlPSJGYWxzZSI+DQogICAgICA8UXVlcnlTdHJpbmdQYXJhbWV0ZXJzPg0KICAgICAgICA8UXVlcnlTdHJpbmdQYXJhbWV0ZXIgTmFtZT0idHJhbnNwb3J0IiBWYWx1ZT0id2ViU29ja2V0cyIgUmVjb3JkZWRWYWx1ZT0id2ViU29ja2V0cyIgQ29ycmVsYXRpb25CaW5kaW5nPSIiIFVybEVuY29kZT0iRmFsc2UiIFVzZVRvR3JvdXBSZXN1bHRzPSJGYWxzZSIgLz4NCiAgICAgICAgPFF1ZXJ5U3RyaW5nUGFyYW1ldGVyIE5hbWU9ImNvbm5lY3Rpb25Ub2tlbiIgVmFsdWU9IkFRQUFBTkNNbmQ4QkZkRVJqSG9Bd0UlMkZDbCUyQnNCQUFBQUZhRHpsTSUyRmZURUczR01PTU42SENxd0FBQUFBQ0FBQUFBQUFRWmdBQUFBRUFBQ0FBQUFCWWI5ZDdtUFhSdyUyQndveGFjMXppb0lmdG41RFR1RzJRVFA4c1FQSHNNc2dnQUFBQUFPZ0FBQUFBSUFBQ0FBQUFESUZia0FPWXR2Uk1sUW8wQyUyQjVJTXpaSTdoTDcxNVphbjl3ZVYlMkZoc0NDYWpBQUFBRHhBQUxza05RT0lQJTJCWWJoUnQydzczUXJZNFkwc2RzJTJGVUJJMEQlMkJZdEhSeFA4MEVPNzNVZVRkJTJCalRldml6UmM5OUFBQUFBYXNTNnBkOU0yUVZ0WlJIMnhJMFNnTk1PZ2dBTDRad1JSbWpqS29HeUdVejFmZTZycVlaVVJXRXZsMDl1VGp5Zm10cmhCdGZrUTFwbTVwaGpmdmF6bVElM0QlM0QiIFJlY29yZGVkVmFsdWU9IkFRQUFBTkNNbmQ4QkZkRVJqSG9Bd0UlMkZDbCUyQnNCQUFBQUZhRHpsTSUyRmZURUczR01PTU42SENxd0FBQUFBQ0FBQUFBQUFRWmdBQUFBRUFBQ0FBQUFCWWI5ZDdtUFhSdyUyQndveGFjMXppb0lmdG41RFR1RzJRVFA4c1FQSHNNc2dnQUFBQUFPZ0FBQUFBSUFBQ0FBQUFESUZia0FPWXR2Uk1sUW8wQyUyQjVJTXpaSTdoTDcxNVphbjl3ZVYlMkZoc0NDYWpBQUFBRHhBQUxza05RT0lQJTJCWWJoUnQydzczUXJZNFkwc2RzJTJGVUJJMEQlMkJZdEhSeFA4MEVPNzNVZVRkJTJCalRldml6UmM5OUFBQUFBYXNTNnBkOU0yUVZ0WlJIMnhJMFNnTk1PZ2dBTDRad1JSbWpqS29HeUdVejFmZTZycVlaVVJXRXZsMDl1VGp5Zm10cmhCdGZrUTFwbTVwaGpmdmF6bVElM0QlM0QiIENvcnJlbGF0aW9uQmluZGluZz0iIiBVcmxFbmNvZGU9IkZhbHNlIiBVc2VUb0dyb3VwUmVzdWx0cz0iRmFsc2UiIC8+DQogICAgICAgIDxRdWVyeVN0cmluZ1BhcmFtZXRlciBOYW1lPSJyZXF1ZXN0VXJsIiBWYWx1ZT0iaHR0cCUzQSUyRiUyRmxvY2FsaG9zdCUzQTU2MTMzJTJGQXV0aCUyRkxvZ0luIiBSZWNvcmRlZFZhbHVlPSJodHRwJTNBJTJGJTJGbG9jYWxob3N0JTNBNTYxMzMlMkZBdXRoJTJGTG9nSW4iIENvcnJlbGF0aW9uQmluZGluZz0iIiBVcmxFbmNvZGU9IkZhbHNlIiBVc2VUb0dyb3VwUmVzdWx0cz0iRmFsc2UiIC8+DQogICAgICAgIDxRdWVyeVN0cmluZ1BhcmFtZXRlciBOYW1lPSJicm93c2VyTmFtZSIgVmFsdWU9IkludGVybmV0K0V4cGxvcmVyIiBSZWNvcmRlZFZhbHVlPSJJbnRlcm5ldCtFeHBsb3JlciIgQ29ycmVsYXRpb25CaW5kaW5nPSIiIFVybEVuY29kZT0iRmFsc2UiIFVzZVRvR3JvdXBSZXN1bHRzPSJGYWxzZSIgLz4NCiAgICAgICAgPFF1ZXJ5U3RyaW5nUGFyYW1ldGVyIE5hbWU9InVzZXJBZ2VudCIgVmFsdWU9Ik1vemlsbGElMkY1LjArKFdpbmRvd3MrTlQrNi4zJTNCK1dPVzY0JTNCK1RyaWRlbnQlMkY3LjAlM0IrLk5FVDQuMEUlM0IrLk5FVDQuMEMlM0IrLk5FVCtDTFIrMy41LjMwNzI5JTNCKy5ORVQrQ0xSKzIuMC41MDcyNyUzQisuTkVUK0NMUiszLjAuMzA3MjklM0IrR1dYJTNBRE9XTkxPQURFRCUzQitHV1glM0FRVUFMSUZJRUQlM0IrcnYlM0ExMS4wKStsaWtlK0dlY2tvIiBSZWNvcmRlZFZhbHVlPSJNb3ppbGxhJTJGNS4wKyhXaW5kb3dzK05UKzYuMyUzQitXT1c2NCUzQitUcmlkZW50JTJGNy4wJTNCKy5ORVQ0LjBFJTNCKy5ORVQ0LjBDJTNCKy5ORVQrQ0xSKzMuNS4zMDcyOSUzQisuTkVUK0NMUisyLjAuNTA3MjclM0IrLk5FVCtDTFIrMy4wLjMwNzI5JTNCK0dXWCUzQURPV05MT0FERUQlM0IrR1dYJTNBUVVBTElGSUVEJTNCK3J2JTNBMTEuMCkrbGlrZStHZWNrbyIgQ29ycmVsYXRpb25CaW5kaW5nPSIiIFVybEVuY29kZT0iRmFsc2UiIFVzZVRvR3JvdXBSZXN1bHRzPSJGYWxzZSIgLz4NCiAgICAgICAgPFF1ZXJ5U3RyaW5nUGFyYW1ldGVyIE5hbWU9InRpZCIgVmFsdWU9IjIiIFJlY29yZGVkVmFsdWU9IjIiIENvcnJlbGF0aW9uQmluZGluZz0iIiBVcmxFbmNvZGU9IkZhbHNlIiBVc2VUb0dyb3VwUmVzdWx0cz0iRmFsc2UiIC8+DQogICAgICA8L1F1ZXJ5U3RyaW5nUGFyYW1ldGVycz4NCiAgICA8L1JlcXVlc3Q+DQogICAgPFJlcXVlc3QgTWV0aG9kPSJHRVQiIEd1aWQ9IjU1Y2ZiYjI3LTY2NGYtNDQ2Mi05OWEwLWYwYzc4ODY1YmJmMiIgVmVyc2lvbj0iMS4xIiBVcmw9Imh0dHA6Ly9sb2NhbGhvc3Q6NTYxMzMvX19icm93c2VyTGluay9yZXF1ZXN0RGF0YS82N2ZmNmQ3MWY1MzU0ZjIxODQ5NjAxYTQ0ZGYxYzBlNSIgVGhpbmtUaW1lPSIwIiBUaW1lb3V0PSIzMDAiIFBhcnNlRGVwZW5kZW50UmVxdWVzdHM9IlRydWUiIEZvbGxvd1JlZGlyZWN0cz0iVHJ1ZSIgUmVjb3JkUmVzdWx0PSJUcnVlIiBDYWNoZT0iRmFsc2UiIFJlc3BvbnNlVGltZUdvYWw9IjAiIEVuY29kaW5nPSJ1dGYtOCIgRXhwZWN0ZWRIdHRwU3RhdHVzQ29kZT0iMCIgRXhwZWN0ZWRSZXNwb25zZVVybD0iIiBSZXBvcnRpbmdOYW1lPSIiIElnbm9yZUh0dHBTdGF0dXNDb2RlPSJGYWxzZSI+DQogICAgICA8SGVhZGVycz4NCiAgICAgICAgPEhlYWRlciBOYW1lPSJBY2NlcHQiIFZhbHVlPSJhcHBsaWNhdGlvbi9qc29uLCB0ZXh0L2phdmFzY3JpcHQsICovKjsgcT0wLjAxIiAvPg0KICAgICAgICA8SGVhZGVyIE5hbWU9IlgtUmVxdWVzdGVkLVdpdGgiIFZhbHVlPSJYTUxIdHRwUmVxdWVzdCIgLz4NCiAgICAgICAgPEhlYWRlciBOYW1lPSJSZWZlcmVyIiBWYWx1ZT0iaHR0cDovL2xvY2FsaG9zdDo1NjEzMy9BdXRoL0xvZ0luIiAvPg0KICAgICAgPC9IZWFkZXJzPg0KICAgICAgPFF1ZXJ5U3RyaW5nUGFyYW1ldGVycz4NCiAgICAgICAgPFF1ZXJ5U3RyaW5nUGFyYW1ldGVyIE5hbWU9InZlcnNpb24iIFZhbHVlPSIyIiBSZWNvcmRlZFZhbHVlPSIyIiBDb3JyZWxhdGlvbkJpbmRpbmc9IiIgVXJsRW5jb2RlPSJGYWxzZSIgVXNlVG9Hcm91cFJlc3VsdHM9IkZhbHNlIiAvPg0KICAgICAgPC9RdWVyeVN0cmluZ1BhcmFtZXRlcnM+DQogICAgPC9SZXF1ZXN0Pg0KICAgIDxSZXF1ZXN0IE1ldGhvZD0iUE9TVCIgR3VpZD0iYmMwZmVjMTAtZTAwNC00YmNiLWIwNDEtMDQ4MWE5M2ViYWUxIiBWZXJzaW9uPSIxLjEiIFVybD0iaHR0cDovL2xvY2FsaG9zdDozMjU4NS8wNWZiMTRlMDY4NDc0ZmZiODQyYWI5MWE4ODM1ZmZiNy9icm93c2VyTGlua1NpZ25hbFIvbmVnb3RpYXRlIiBUaGlua1RpbWU9IjEwIiBUaW1lb3V0PSIzMDAiIFBhcnNlRGVwZW5kZW50UmVxdWVzdHM9IlRydWUiIEZvbGxvd1JlZGlyZWN0cz0iVHJ1ZSIgUmVjb3JkUmVzdWx0PSJUcnVlIiBDYWNoZT0iRmFsc2UiIFJlc3BvbnNlVGltZUdvYWw9IjAiIEVuY29kaW5nPSJ1dGYtOCIgRXhwZWN0ZWRIdHRwU3RhdHVzQ29kZT0iMCIgRXhwZWN0ZWRSZXNwb25zZVVybD0iIiBSZXBvcnRpbmdOYW1lPSIiIElnbm9yZUh0dHBTdGF0dXNDb2RlPSJGYWxzZSI+DQogICAgICA8SGVhZGVycz4NCiAgICAgICAgPEhlYWRlciBOYW1lPSJDb250ZW50LVR5cGUiIFZhbHVlPSJhcHBsaWNhdGlvbi94LXd3dy1mb3JtLXVybGVuY29kZWQ7IGNoYXJzZXQ9VVRGLTgiIC8+DQogICAgICAgIDxIZWFkZXIgTmFtZT0iQWNjZXB0IiBWYWx1ZT0idGV4dC9wbGFpbiwgKi8qOyBxPTAuMDEiIC8+DQogICAgICAgIDxIZWFkZXIgTmFtZT0iUmVmZXJlciIgVmFsdWU9Imh0dHA6Ly9sb2NhbGhvc3Q6NTYxMzMvQXV0aC9Mb2dJbiIgLz4NCiAgICAgIDwvSGVhZGVycz4NCiAgICAgIDxRdWVyeVN0cmluZ1BhcmFtZXRlcnM+DQogICAgICAgIDxRdWVyeVN0cmluZ1BhcmFtZXRlciBOYW1lPSJyZXF1ZXN0VXJsIiBWYWx1ZT0iaHR0cCUzQSUyRiUyRmxvY2FsaG9zdCUzQTU2MTMzJTJGQXV0aCUyRkxvZ0luIiBSZWNvcmRlZFZhbHVlPSJodHRwJTNBJTJGJTJGbG9jYWxob3N0JTNBNTYxMzMlMkZBdXRoJTJGTG9nSW4iIENvcnJlbGF0aW9uQmluZGluZz0iIiBVcmxFbmNvZGU9IkZhbHNlIiBVc2VUb0dyb3VwUmVzdWx0cz0iRmFsc2UiIC8+DQogICAgICAgIDxRdWVyeVN0cmluZ1BhcmFtZXRlciBOYW1lPSJicm93c2VyTmFtZSIgVmFsdWU9IkludGVybmV0K0V4cGxvcmVyIiBSZWNvcmRlZFZhbHVlPSJJbnRlcm5ldCtFeHBsb3JlciIgQ29ycmVsYXRpb25CaW5kaW5nPSIiIFVybEVuY29kZT0iRmFsc2UiIFVzZVRvR3JvdXBSZXN1bHRzPSJGYWxzZSIgLz4NCiAgICAgICAgPFF1ZXJ5U3RyaW5nUGFyYW1ldGVyIE5hbWU9InVzZXJBZ2VudCIgVmFsdWU9Ik1vemlsbGElMkY1LjArKFdpbmRvd3MrTlQrNi4zJTNCK1dPVzY0JTNCK1RyaWRlbnQlMkY3LjAlM0IrLk5FVDQuMEUlM0IrLk5FVDQuMEMlM0IrLk5FVCtDTFIrMy41LjMwNzI5JTNCKy5ORVQrQ0xSKzIuMC41MDcyNyUzQisuTkVUK0NMUiszLjAuMzA3MjklM0IrR1dYJTNBRE9XTkxPQURFRCUzQitHV1glM0FRVUFMSUZJRUQlM0IrcnYlM0ExMS4wKStsaWtlK0dlY2tvIiBSZWNvcmRlZFZhbHVlPSJNb3ppbGxhJTJGNS4wKyhXaW5kb3dzK05UKzYuMyUzQitXT1c2NCUzQitUcmlkZW50JTJGNy4wJTNCKy5ORVQ0LjBFJTNCKy5ORVQ0LjBDJTNCKy5ORVQrQ0xSKzMuNS4zMDcyOSUzQisuTkVUK0NMUisyLjAuNTA3MjclM0IrLk5FVCtDTFIrMy4wLjMwNzI5JTNCK0dXWCUzQURPV05MT0FERUQlM0IrR1dYJTNBUVVBTElGSUVEJTNCK3J2JTNBMTEuMCkrbGlrZStHZWNrbyIgQ29ycmVsYXRpb25CaW5kaW5nPSIiIFVybEVuY29kZT0iRmFsc2UiIFVzZVRvR3JvdXBSZXN1bHRzPSJGYWxzZSIgLz4NCiAgICAgICAgPFF1ZXJ5U3RyaW5nUGFyYW1ldGVyIE5hbWU9ImNsaWVudFByb3RvY29sIiBWYWx1ZT0iMS4zIiBSZWNvcmRlZFZhbHVlPSIxLjMiIENvcnJlbGF0aW9uQmluZGluZz0iIiBVcmxFbmNvZGU9IkZhbHNlIiBVc2VUb0dyb3VwUmVzdWx0cz0iRmFsc2UiIC8+DQogICAgICAgIDxRdWVyeVN0cmluZ1BhcmFtZXRlciBOYW1lPSJfIiBWYWx1ZT0iMTQ2NDk3OTMxMDI0NSIgUmVjb3JkZWRWYWx1ZT0iMTQ2NDk3OTMxMDI0NSIgQ29ycmVsYXRpb25CaW5kaW5nPSIiIFVybEVuY29kZT0iRmFsc2UiIFVzZVRvR3JvdXBSZXN1bHRzPSJGYWxzZSIgLz4NCiAgICAgIDwvUXVlcnlTdHJpbmdQYXJhbWV0ZXJzPg0KICAgICAgPEZvcm1Qb3N0SHR0cEJvZHkgLz4NCiAgICA8L1JlcXVlc3Q+DQogICAgPFJlcXVlc3QgTWV0aG9kPSJQT1NUIiBHdWlkPSIzMjVhMDIxOC0wODJmLTQ4ZjktOThhZC0yMmM4MzMyNWE3MGMiIFZlcnNpb249IjEuMSIgVXJsPSJodHRwOi8vbG9jYWxob3N0OjU2MTMzL0F1dGgvTG9nSW4iIFRoaW5rVGltZT0iMCIgVGltZW91dD0iMzAwIiBQYXJzZURlcGVuZGVudFJlcXVlc3RzPSJUcnVlIiBGb2xsb3dSZWRpcmVjdHM9IlRydWUiIFJlY29yZFJlc3VsdD0iVHJ1ZSIgQ2FjaGU9IkZhbHNlIiBSZXNwb25zZVRpbWVHb2FsPSIwIiBFbmNvZGluZz0idXRmLTgiIEV4cGVjdGVkSHR0cFN0YXR1c0NvZGU9IjAiIEV4cGVjdGVkUmVzcG9uc2VVcmw9Imh0dHA6Ly9sb2NhbGhvc3Q6NTYxMzMvIiBSZXBvcnRpbmdOYW1lPSIiIElnbm9yZUh0dHBTdGF0dXNDb2RlPSJGYWxzZSI+DQogICAgICA8SGVhZGVycz4NCiAgICAgICAgPEhlYWRlciBOYW1lPSJSZWZlcmVyIiBWYWx1ZT0iaHR0cDovL2xvY2FsaG9zdDo1NjEzMy9BdXRoL0xvZ0luIiAvPg0KICAgICAgPC9IZWFkZXJzPg0KICAgICAgPEZvcm1Qb3N0SHR0cEJvZHk+DQogICAgICAgIDxGb3JtUG9zdFBhcmFtZXRlciBOYW1lPSJsb2dpbiIgVmFsdWU9InRlc3QiIFJlY29yZGVkVmFsdWU9InRlc3QiIENvcnJlbGF0aW9uQmluZGluZz0ie3tGb3JtUG9zdFBhcmFtOC5sb2dpbn19IiBVcmxFbmNvZGU9IlRydWUiIC8+DQogICAgICAgIDxGb3JtUG9zdFBhcmFtZXRlciBOYW1lPSJQYXNzd29yZCIgVmFsdWU9InRlc3QiIFJlY29yZGVkVmFsdWU9InRlc3QiIENvcnJlbGF0aW9uQmluZGluZz0ie3tGb3JtUG9zdFBhcmFtOS5QYXNzd29yZH19IiBVcmxFbmNvZGU9IlRydWUiIC8+DQogICAgICA8L0Zvcm1Qb3N0SHR0cEJvZHk+DQogICAgPC9SZXF1ZXN0Pg0KICAgIDxSZXF1ZXN0IE1ldGhvZD0iR0VUIiBHdWlkPSJkM2Q5MGYzYi05OGE4LTQ1MjMtYTVlMS1lNGQzMmZmNzMxNjYiIFZlcnNpb249IjEuMSIgVXJsPSJodHRwOi8vbG9jYWxob3N0OjMyNTg1LzA1ZmIxNGUwNjg0NzRmZmI4NDJhYjkxYTg4MzVmZmI3L2Jyb3dzZXJMaW5rU2lnbmFsUi9jb25uZWN0IiBUaGlua1RpbWU9IjAiIFRpbWVvdXQ9IjMwMCIgUGFyc2VEZXBlbmRlbnRSZXF1ZXN0cz0iVHJ1ZSIgRm9sbG93UmVkaXJlY3RzPSJUcnVlIiBSZWNvcmRSZXN1bHQ9IlRydWUiIENhY2hlPSJGYWxzZSIgUmVzcG9uc2VUaW1lR29hbD0iMCIgRW5jb2Rpbmc9InV0Zi04IiBFeHBlY3RlZEh0dHBTdGF0dXNDb2RlPSIwIiBFeHBlY3RlZFJlc3BvbnNlVXJsPSIiIFJlcG9ydGluZ05hbWU9IiIgSWdub3JlSHR0cFN0YXR1c0NvZGU9IkZhbHNlIj4NCiAgICAgIDxRdWVyeVN0cmluZ1BhcmFtZXRlcnM+DQogICAgICAgIDxRdWVyeVN0cmluZ1BhcmFtZXRlciBOYW1lPSJ0cmFuc3BvcnQiIFZhbHVlPSJ3ZWJTb2NrZXRzIiBSZWNvcmRlZFZhbHVlPSJ3ZWJTb2NrZXRzIiBDb3JyZWxhdGlvbkJpbmRpbmc9IiIgVXJsRW5jb2RlPSJGYWxzZSIgVXNlVG9Hcm91cFJlc3VsdHM9IkZhbHNlIiAvPg0KICAgICAgICA8UXVlcnlTdHJpbmdQYXJhbWV0ZXIgTmFtZT0iY29ubmVjdGlvblRva2VuIiBWYWx1ZT0iQVFBQUFOQ01uZDhCRmRFUmpIb0F3RSUyRkNsJTJCc0JBQUFBRmFEemxNJTJGZlRFRzNHTU9NTjZIQ3F3QUFBQUFDQUFBQUFBQVFaZ0FBQUFFQUFDQUFBQUI3RDFGVTFtMWwlMkJibXpiYTlnVzAlMkZINkxIUGJXNGNjUjI5SGp4ZTFqcFNmZ0FBQUFBT2dBQUFBQUlBQUNBQUFBQXdpYThPM244WGhGRGZiNEl5Z2pCVEhicjZPN1ZaWkI3dElEZGZRekIlMkZyekFBQUFDaFB6TWMyTE1KUkIxWWNlZWZhbDhPN0ZoMlY2SllpUHc3RXJySGV6R2NPaXY4WnpTMnZFcWNJakJMZFBXMGRnQkFBQUFBN2dqU0FORTl5cnVNSXQxcldkWGN5WGd1SjhuVmh4b2lvcVh0T1gzOUtQSEZlV2VZeG5pYXlxWEh3SFgwbkF3ckpqRmhwUGFGa0MlMkZnRUVqdWpTVHNFZyUzRCUzRCIgUmVjb3JkZWRWYWx1ZT0iQVFBQUFOQ01uZDhCRmRFUmpIb0F3RSUyRkNsJTJCc0JBQUFBRmFEemxNJTJGZlRFRzNHTU9NTjZIQ3F3QUFBQUFDQUFBQUFBQVFaZ0FBQUFFQUFDQUFBQUI3RDFGVTFtMWwlMkJibXpiYTlnVzAlMkZINkxIUGJXNGNjUjI5SGp4ZTFqcFNmZ0FBQUFBT2dBQUFBQUlBQUNBQUFBQXdpYThPM244WGhGRGZiNEl5Z2pCVEhicjZPN1ZaWkI3dElEZGZRekIlMkZyekFBQUFDaFB6TWMyTE1KUkIxWWNlZWZhbDhPN0ZoMlY2SllpUHc3RXJySGV6R2NPaXY4WnpTMnZFcWNJakJMZFBXMGRnQkFBQUFBN2dqU0FORTl5cnVNSXQxcldkWGN5WGd1SjhuVmh4b2lvcVh0T1gzOUtQSEZlV2VZeG5pYXlxWEh3SFgwbkF3ckpqRmhwUGFGa0MlMkZnRUVqdWpTVHNFZyUzRCUzRCIgQ29ycmVsYXRpb25CaW5kaW5nPSIiIFVybEVuY29kZT0iRmFsc2UiIFVzZVRvR3JvdXBSZXN1bHRzPSJGYWxzZSIgLz4NCiAgICAgICAgPFF1ZXJ5U3RyaW5nUGFyYW1ldGVyIE5hbWU9InJlcXVlc3RVcmwiIFZhbHVlPSJodHRwJTNBJTJGJTJGbG9jYWxob3N0JTNBNTYxMzMlMkZBdXRoJTJGTG9nSW4iIFJlY29yZGVkVmFsdWU9Imh0dHAlM0ElMkYlMkZsb2NhbGhvc3QlM0E1NjEzMyUyRkF1dGglMkZMb2dJbiIgQ29ycmVsYXRpb25CaW5kaW5nPSIiIFVybEVuY29kZT0iRmFsc2UiIFVzZVRvR3JvdXBSZXN1bHRzPSJGYWxzZSIgLz4NCiAgICAgICAgPFF1ZXJ5U3RyaW5nUGFyYW1ldGVyIE5hbWU9ImJyb3dzZXJOYW1lIiBWYWx1ZT0iSW50ZXJuZXQrRXhwbG9yZXIiIFJlY29yZGVkVmFsdWU9IkludGVybmV0K0V4cGxvcmVyIiBDb3JyZWxhdGlvbkJpbmRpbmc9IiIgVXJsRW5jb2RlPSJGYWxzZSIgVXNlVG9Hcm91cFJlc3VsdHM9IkZhbHNlIiAvPg0KICAgICAgICA8UXVlcnlTdHJpbmdQYXJhbWV0ZXIgTmFtZT0idXNlckFnZW50IiBWYWx1ZT0iTW96aWxsYSUyRjUuMCsoV2luZG93cytOVCs2LjMlM0IrV09XNjQlM0IrVHJpZGVudCUyRjcuMCUzQisuTkVUNC4wRSUzQisuTkVUNC4wQyUzQisuTkVUK0NMUiszLjUuMzA3MjklM0IrLk5FVCtDTFIrMi4wLjUwNzI3JTNCKy5ORVQrQ0xSKzMuMC4zMDcyOSUzQitHV1glM0FET1dOTE9BREVEJTNCK0dXWCUzQVFVQUxJRklFRCUzQitydiUzQTExLjApK2xpa2UrR2Vja28iIFJlY29yZGVkVmFsdWU9Ik1vemlsbGElMkY1LjArKFdpbmRvd3MrTlQrNi4zJTNCK1dPVzY0JTNCK1RyaWRlbnQlMkY3LjAlM0IrLk5FVDQuMEUlM0IrLk5FVDQuMEMlM0IrLk5FVCtDTFIrMy41LjMwNzI5JTNCKy5ORVQrQ0xSKzIuMC41MDcyNyUzQisuTkVUK0NMUiszLjAuMzA3MjklM0IrR1dYJTNBRE9XTkxPQURFRCUzQitHV1glM0FRVUFMSUZJRUQlM0IrcnYlM0ExMS4wKStsaWtlK0dlY2tvIiBDb3JyZWxhdGlvbkJpbmRpbmc9IiIgVXJsRW5jb2RlPSJGYWxzZSIgVXNlVG9Hcm91cFJlc3VsdHM9IkZhbHNlIiAvPg0KICAgICAgICA8UXVlcnlTdHJpbmdQYXJhbWV0ZXIgTmFtZT0idGlkIiBWYWx1ZT0iMCIgUmVjb3JkZWRWYWx1ZT0iMCIgQ29ycmVsYXRpb25CaW5kaW5nPSIiIFVybEVuY29kZT0iRmFsc2UiIFVzZVRvR3JvdXBSZXN1bHRzPSJGYWxzZSIgLz4NCiAgICAgIDwvUXVlcnlTdHJpbmdQYXJhbWV0ZXJzPg0KICAgIDwvUmVxdWVzdD4NCiAgICA8UmVxdWVzdCBNZXRob2Q9IkdFVCIgR3VpZD0iYzNhODg2MmQtM2UwZi00ZDk2LWExMmUtZmRhNDU3NjgyNmRiIiBWZXJzaW9uPSIxLjEiIFVybD0iaHR0cDovL2xvY2FsaG9zdDo1NjEzMy9fX2Jyb3dzZXJMaW5rL3JlcXVlc3REYXRhL2MxZjUyYTQ1MTczYzRkOTg5ZTAwMGU1ZGJlZWRmMWUwIiBUaGlua1RpbWU9IjAiIFRpbWVvdXQ9IjMwMCIgUGFyc2VEZXBlbmRlbnRSZXF1ZXN0cz0iVHJ1ZSIgRm9sbG93UmVkaXJlY3RzPSJUcnVlIiBSZWNvcmRSZXN1bHQ9IlRydWUiIENhY2hlPSJGYWxzZSIgUmVzcG9uc2VUaW1lR29hbD0iMCIgRW5jb2Rpbmc9InV0Zi04IiBFeHBlY3RlZEh0dHBTdGF0dXNDb2RlPSIwIiBFeHBlY3RlZFJlc3BvbnNlVXJsPSIiIFJlcG9ydGluZ05hbWU9IiIgSWdub3JlSHR0cFN0YXR1c0NvZGU9IkZhbHNlIj4NCiAgICAgIDxIZWFkZXJzPg0KICAgICAgICA8SGVhZGVyIE5hbWU9IkFjY2VwdCIgVmFsdWU9ImFwcGxpY2F0aW9uL2pzb24sIHRleHQvamF2YXNjcmlwdCwgKi8qOyBxPTAuMDEiIC8+DQogICAgICAgIDxIZWFkZXIgTmFtZT0iWC1SZXF1ZXN0ZWQtV2l0aCIgVmFsdWU9IlhNTEh0dHBSZXF1ZXN0IiAvPg0KICAgICAgICA8SGVhZGVyIE5hbWU9IlJlZmVyZXIiIFZhbHVlPSJodHRwOi8vbG9jYWxob3N0OjU2MTMzL0F1dGgvTG9nSW4iIC8+DQogICAgICA8L0hlYWRlcnM+DQogICAgICA8UXVlcnlTdHJpbmdQYXJhbWV0ZXJzPg0KICAgICAgICA8UXVlcnlTdHJpbmdQYXJhbWV0ZXIgTmFtZT0idmVyc2lvbiIgVmFsdWU9IjIiIFJlY29yZGVkVmFsdWU9IjIiIENvcnJlbGF0aW9uQmluZGluZz0iIiBVcmxFbmNvZGU9IkZhbHNlIiBVc2VUb0dyb3VwUmVzdWx0cz0iRmFsc2UiIC8+DQogICAgICA8L1F1ZXJ5U3RyaW5nUGFyYW1ldGVycz4NCiAgICA8L1JlcXVlc3Q+DQogICAgPFJlcXVlc3QgTWV0aG9kPSJQT1NUIiBHdWlkPSIxYTUyYjk1NC1jYjllLTRlNzItOTE5ZS0xMWJiNjFiZDVkNmIiIFZlcnNpb249IjEuMSIgVXJsPSJodHRwOi8vbG9jYWxob3N0OjMyNTg1LzA1ZmIxNGUwNjg0NzRmZmI4NDJhYjkxYTg4MzVmZmI3L2Jyb3dzZXJMaW5rU2lnbmFsUi9hYm9ydCIgVGhpbmtUaW1lPSIwIiBUaW1lb3V0PSIzMDAiIFBhcnNlRGVwZW5kZW50UmVxdWVzdHM9IlRydWUiIEZvbGxvd1JlZGlyZWN0cz0iVHJ1ZSIgUmVjb3JkUmVzdWx0PSJUcnVlIiBDYWNoZT0iRmFsc2UiIFJlc3BvbnNlVGltZUdvYWw9IjAiIEVuY29kaW5nPSJ1dGYtOCIgRXhwZWN0ZWRIdHRwU3RhdHVzQ29kZT0iMCIgRXhwZWN0ZWRSZXNwb25zZVVybD0iIiBSZXBvcnRpbmdOYW1lPSIiIElnbm9yZUh0dHBTdGF0dXNDb2RlPSJGYWxzZSI+DQogICAgICA8SGVhZGVycz4NCiAgICAgICAgPEhlYWRlciBOYW1lPSJBY2NlcHQiIFZhbHVlPSJ0ZXh0L3BsYWluLCAqLyo7IHE9MC4wMSIgLz4NCiAgICAgICAgPEhlYWRlciBOYW1lPSJSZWZlcmVyIiBWYWx1ZT0iaHR0cDovL2xvY2FsaG9zdDo1NjEzMy9BdXRoL0xvZ0luIiAvPg0KICAgICAgPC9IZWFkZXJzPg0KICAgICAgPFF1ZXJ5U3RyaW5nUGFyYW1ldGVycz4NCiAgICAgICAgPFF1ZXJ5U3RyaW5nUGFyYW1ldGVyIE5hbWU9InRyYW5zcG9ydCIgVmFsdWU9IndlYlNvY2tldHMiIFJlY29yZGVkVmFsdWU9IndlYlNvY2tldHMiIENvcnJlbGF0aW9uQmluZGluZz0iIiBVcmxFbmNvZGU9IkZhbHNlIiBVc2VUb0dyb3VwUmVzdWx0cz0iRmFsc2UiIC8+DQogICAgICAgIDxRdWVyeVN0cmluZ1BhcmFtZXRlciBOYW1lPSJjb25uZWN0aW9uVG9rZW4iIFZhbHVlPSJBUUFBQU5DTW5kOEJGZEVSakhvQXdFJTJGQ2wlMkJzQkFBQUFGYUR6bE0lMkZmVEVHM0dNT01ONkhDcXdBQUFBQUNBQUFBQUFBUVpnQUFBQUVBQUNBQUFBQjdEMUZVMW0xbCUyQmJtemJhOWdXMCUyRkg2TEhQYlc0Y2NSMjlIanhlMWpwU2ZnQUFBQUFPZ0FBQUFBSUFBQ0FBQUFBd2lhOE8zbjhYaEZEZmI0SXlnakJUSGJyNk83VlpaQjd0SURkZlF6QiUyRnJ6QUFBQUNoUHpNYzJMTUpSQjFZY2VlZmFsOE83RmgyVjZKWWlQdzdFcnJIZXpHY09pdjhaelMydkVxY0lqQkxkUFcwZGdCQUFBQUE3Z2pTQU5FOXlydU1JdDFyV2RYY3lYZ3VKOG5WaHhvaW9xWHRPWDM5S1BIRmVXZVl4bmlheXFYSHdIWDBuQXdySmpGaHBQYUZrQyUyRmdFRWp1alNUc0VnJTNEJTNEIiBSZWNvcmRlZFZhbHVlPSJBUUFBQU5DTW5kOEJGZEVSakhvQXdFJTJGQ2wlMkJzQkFBQUFGYUR6bE0lMkZmVEVHM0dNT01ONkhDcXdBQUFBQUNBQUFBQUFBUVpnQUFBQUVBQUNBQUFBQjdEMUZVMW0xbCUyQmJtemJhOWdXMCUyRkg2TEhQYlc0Y2NSMjlIanhlMWpwU2ZnQUFBQUFPZ0FBQUFBSUFBQ0FBQUFBd2lhOE8zbjhYaEZEZmI0SXlnakJUSGJyNk83VlpaQjd0SURkZlF6QiUyRnJ6QUFBQUNoUHpNYzJMTUpSQjFZY2VlZmFsOE83RmgyVjZKWWlQdzdFcnJIZXpHY09pdjhaelMydkVxY0lqQkxkUFcwZGdCQUFBQUE3Z2pTQU5FOXlydU1JdDFyV2RYY3lYZ3VKOG5WaHhvaW9xWHRPWDM5S1BIRmVXZVl4bmlheXFYSHdIWDBuQXdySmpGaHBQYUZrQyUyRmdFRWp1alNUc0VnJTNEJTNEIiBDb3JyZWxhdGlvbkJpbmRpbmc9IiIgVXJsRW5jb2RlPSJGYWxzZSIgVXNlVG9Hcm91cFJlc3VsdHM9IkZhbHNlIiAvPg0KICAgICAgICA8UXVlcnlTdHJpbmdQYXJhbWV0ZXIgTmFtZT0icmVxdWVzdFVybCIgVmFsdWU9Imh0dHAlM0ElMkYlMkZsb2NhbGhvc3QlM0E1NjEzMyUyRkF1dGglMkZMb2dJbiIgUmVjb3JkZWRWYWx1ZT0iaHR0cCUzQSUyRiUyRmxvY2FsaG9zdCUzQTU2MTMzJTJGQXV0aCUyRkxvZ0luIiBDb3JyZWxhdGlvbkJpbmRpbmc9IiIgVXJsRW5jb2RlPSJGYWxzZSIgVXNlVG9Hcm91cFJlc3VsdHM9IkZhbHNlIiAvPg0KICAgICAgICA8UXVlcnlTdHJpbmdQYXJhbWV0ZXIgTmFtZT0iYnJvd3Nlck5hbWUiIFZhbHVlPSJJbnRlcm5ldCtFeHBsb3JlciIgUmVjb3JkZWRWYWx1ZT0iSW50ZXJuZXQrRXhwbG9yZXIiIENvcnJlbGF0aW9uQmluZGluZz0iIiBVcmxFbmNvZGU9IkZhbHNlIiBVc2VUb0dyb3VwUmVzdWx0cz0iRmFsc2UiIC8+DQogICAgICAgIDxRdWVyeVN0cmluZ1BhcmFtZXRlciBOYW1lPSJ1c2VyQWdlbnQiIFZhbHVlPSJNb3ppbGxhJTJGNS4wKyhXaW5kb3dzK05UKzYuMyUzQitXT1c2NCUzQitUcmlkZW50JTJGNy4wJTNCKy5ORVQ0LjBFJTNCKy5ORVQ0LjBDJTNCKy5ORVQrQ0xSKzMuNS4zMDcyOSUzQisuTkVUK0NMUisyLjAuNTA3MjclM0IrLk5FVCtDTFIrMy4wLjMwNzI5JTNCK0dXWCUzQURPV05MT0FERUQlM0IrR1dYJTNBUVVBTElGSUVEJTNCK3J2JTNBMTEuMCkrbGlrZStHZWNrbyIgUmVjb3JkZWRWYWx1ZT0iTW96aWxsYSUyRjUuMCsoV2luZG93cytOVCs2LjMlM0IrV09XNjQlM0IrVHJpZGVudCUyRjcuMCUzQisuTkVUNC4wRSUzQisuTkVUNC4wQyUzQisuTkVUK0NMUiszLjUuMzA3MjklM0IrLk5FVCtDTFIrMi4wLjUwNzI3JTNCKy5ORVQrQ0xSKzMuMC4zMDcyOSUzQitHV1glM0FET1dOTE9BREVEJTNCK0dXWCUzQVFVQUxJRklFRCUzQitydiUzQTExLjApK2xpa2UrR2Vja28iIENvcnJlbGF0aW9uQmluZGluZz0iIiBVcmxFbmNvZGU9IkZhbHNlIiBVc2VUb0dyb3VwUmVzdWx0cz0iRmFsc2UiIC8+DQogICAgICA8L1F1ZXJ5U3RyaW5nUGFyYW1ldGVycz4NCiAgICAgIDxGb3JtUG9zdEh0dHBCb2R5IC8+DQogICAgPC9SZXF1ZXN0Pg0KICAgIDxSZXF1ZXN0IE1ldGhvZD0iUE9TVCIgR3VpZD0iZjZiYzAwMzgtMTVjYS00NjM3LWJkNzEtZTM1YTBmZTQ2NmJhIiBWZXJzaW9uPSIxLjEiIFVybD0iaHR0cDovL2xvY2FsaG9zdDozMjU4NS8wNWZiMTRlMDY4NDc0ZmZiODQyYWI5MWE4ODM1ZmZiNy9icm93c2VyTGlua1NpZ25hbFIvbmVnb3RpYXRlIiBUaGlua1RpbWU9IjciIFRpbWVvdXQ9IjMwMCIgUGFyc2VEZXBlbmRlbnRSZXF1ZXN0cz0iVHJ1ZSIgRm9sbG93UmVkaXJlY3RzPSJUcnVlIiBSZWNvcmRSZXN1bHQ9IlRydWUiIENhY2hlPSJGYWxzZSIgUmVzcG9uc2VUaW1lR29hbD0iMCIgRW5jb2Rpbmc9InV0Zi04IiBFeHBlY3RlZEh0dHBTdGF0dXNDb2RlPSIwIiBFeHBlY3RlZFJlc3BvbnNlVXJsPSIiIFJlcG9ydGluZ05hbWU9IiIgSWdub3JlSHR0cFN0YXR1c0NvZGU9IkZhbHNlIj4NCiAgICAgIDxIZWFkZXJzPg0KICAgICAgICA8SGVhZGVyIE5hbWU9IkNvbnRlbnQtVHlwZSIgVmFsdWU9ImFwcGxpY2F0aW9uL3gtd3d3LWZvcm0tdXJsZW5jb2RlZDsgY2hhcnNldD1VVEYtOCIgLz4NCiAgICAgICAgPEhlYWRlciBOYW1lPSJBY2NlcHQiIFZhbHVlPSJ0ZXh0L3BsYWluLCAqLyo7IHE9MC4wMSIgLz4NCiAgICAgICAgPEhlYWRlciBOYW1lPSJSZWZlcmVyIiBWYWx1ZT0iaHR0cDovL2xvY2FsaG9zdDo1NjEzMy8iIC8+DQogICAgICA8L0hlYWRlcnM+DQogICAgICA8UXVlcnlTdHJpbmdQYXJhbWV0ZXJzPg0KICAgICAgICA8UXVlcnlTdHJpbmdQYXJhbWV0ZXIgTmFtZT0icmVxdWVzdFVybCIgVmFsdWU9Imh0dHAlM0ElMkYlMkZsb2NhbGhvc3QlM0E1NjEzMyUyRiIgUmVjb3JkZWRWYWx1ZT0iaHR0cCUzQSUyRiUyRmxvY2FsaG9zdCUzQTU2MTMzJTJGIiBDb3JyZWxhdGlvbkJpbmRpbmc9IiIgVXJsRW5jb2RlPSJGYWxzZSIgVXNlVG9Hcm91cFJlc3VsdHM9IkZhbHNlIiAvPg0KICAgICAgICA8UXVlcnlTdHJpbmdQYXJhbWV0ZXIgTmFtZT0iYnJvd3Nlck5hbWUiIFZhbHVlPSJJbnRlcm5ldCtFeHBsb3JlciIgUmVjb3JkZWRWYWx1ZT0iSW50ZXJuZXQrRXhwbG9yZXIiIENvcnJlbGF0aW9uQmluZGluZz0iIiBVcmxFbmNvZGU9IkZhbHNlIiBVc2VUb0dyb3VwUmVzdWx0cz0iRmFsc2UiIC8+DQogICAgICAgIDxRdWVyeVN0cmluZ1BhcmFtZXRlciBOYW1lPSJ1c2VyQWdlbnQiIFZhbHVlPSJNb3ppbGxhJTJGNS4wKyhXaW5kb3dzK05UKzYuMyUzQitXT1c2NCUzQitUcmlkZW50JTJGNy4wJTNCKy5ORVQ0LjBFJTNCKy5ORVQ0LjBDJTNCKy5ORVQrQ0xSKzMuNS4zMDcyOSUzQisuTkVUK0NMUisyLjAuNTA3MjclM0IrLk5FVCtDTFIrMy4wLjMwNzI5JTNCK0dXWCUzQURPV05MT0FERUQlM0IrR1dYJTNBUVVBTElGSUVEJTNCK3J2JTNBMTEuMCkrbGlrZStHZWNrbyIgUmVjb3JkZWRWYWx1ZT0iTW96aWxsYSUyRjUuMCsoV2luZG93cytOVCs2LjMlM0IrV09XNjQlM0IrVHJpZGVudCUyRjcuMCUzQisuTkVUNC4wRSUzQisuTkVUNC4wQyUzQisuTkVUK0NMUiszLjUuMzA3MjklM0IrLk5FVCtDTFIrMi4wLjUwNzI3JTNCKy5ORVQrQ0xSKzMuMC4zMDcyOSUzQitHV1glM0FET1dOTE9BREVEJTNCK0dXWCUzQVFVQUxJRklFRCUzQitydiUzQTExLjApK2xpa2UrR2Vja28iIENvcnJlbGF0aW9uQmluZGluZz0iIiBVcmxFbmNvZGU9IkZhbHNlIiBVc2VUb0dyb3VwUmVzdWx0cz0iRmFsc2UiIC8+DQogICAgICAgIDxRdWVyeVN0cmluZ1BhcmFtZXRlciBOYW1lPSJjbGllbnRQcm90b2NvbCIgVmFsdWU9IjEuMyIgUmVjb3JkZWRWYWx1ZT0iMS4zIiBDb3JyZWxhdGlvbkJpbmRpbmc9IiIgVXJsRW5jb2RlPSJGYWxzZSIgVXNlVG9Hcm91cFJlc3VsdHM9IkZhbHNlIiAvPg0KICAgICAgICA8UXVlcnlTdHJpbmdQYXJhbWV0ZXIgTmFtZT0iXyIgVmFsdWU9IjE0NjQ5NzkzMjA1NjQiIFJlY29yZGVkVmFsdWU9IjE0NjQ5NzkzMjA1NjQiIENvcnJlbGF0aW9uQmluZGluZz0iIiBVcmxFbmNvZGU9IkZhbHNlIiBVc2VUb0dyb3VwUmVzdWx0cz0iRmFsc2UiIC8+DQogICAgICA8L1F1ZXJ5U3RyaW5nUGFyYW1ldGVycz4NCiAgICAgIDxGb3JtUG9zdEh0dHBCb2R5IC8+DQogICAgPC9SZXF1ZXN0Pg0KICAgIDxSZXF1ZXN0IE1ldGhvZD0iR0VUIiBHdWlkPSIyMjAxNDc4MS05NmNhLTRiMzQtYWNiMS00NmQ4MmQyMmQ2MzYiIFZlcnNpb249IjEuMSIgVXJsPSJodHRwOi8vbG9jYWxob3N0OjU2MTMzL0hvbWUvQWRkSW52b2ljZSIgVGhpbmtUaW1lPSIwIiBUaW1lb3V0PSIzMDAiIFBhcnNlRGVwZW5kZW50UmVxdWVzdHM9IlRydWUiIEZvbGxvd1JlZGlyZWN0cz0iVHJ1ZSIgUmVjb3JkUmVzdWx0PSJUcnVlIiBDYWNoZT0iRmFsc2UiIFJlc3BvbnNlVGltZUdvYWw9IjAiIEVuY29kaW5nPSJ1dGYtOCIgRXhwZWN0ZWRIdHRwU3RhdHVzQ29kZT0iMCIgRXhwZWN0ZWRSZXNwb25zZVVybD0iIiBSZXBvcnRpbmdOYW1lPSIiIElnbm9yZUh0dHBTdGF0dXNDb2RlPSJGYWxzZSI+DQogICAgICA8SGVhZGVycz4NCiAgICAgICAgPEhlYWRlciBOYW1lPSJSZWZlcmVyIiBWYWx1ZT0iaHR0cDovL2xvY2FsaG9zdDo1NjEzMy8iIC8+DQogICAgICA8L0hlYWRlcnM+DQogICAgICA8Q29ycmVsYXRpb25FeHRyYWN0aW9uUnVsZXM+DQogICAgICAgIDxFeHRyYWN0aW9uUnVsZSBDbGFzc25hbWU9Ik1pY3Jvc29mdC5WaXN1YWxTdHVkaW8uVGVzdFRvb2xzLldlYlRlc3RpbmcuUnVsZXMuRXh0cmFjdEZvcm1GaWVsZCwgTWljcm9zb2Z0LlZpc3VhbFN0dWRpby5RdWFsaXR5VG9vbHMuV2ViVGVzdEZyYW1ld29yaywgVmVyc2lvbj0xMC4wLjAuMCwgQ3VsdHVyZT1uZXV0cmFsLCBQdWJsaWNLZXlUb2tlbj1iMDNmNWY3ZjExZDUwYTNhIiBWYXJpYWJsZU5hbWU9IkZvcm1Qb3N0UGFyYW0xLmludk51bWJlciIgRGlzcGxheU5hbWU9IiIgRGVzY3JpcHRpb249IiI+DQogICAgICAgICAgPFJ1bGVQYXJhbWV0ZXJzPg0KICAgICAgICAgICAgPFJ1bGVQYXJhbWV0ZXIgTmFtZT0iTmFtZSIgVmFsdWU9Imludk51bWJlciIgLz4NCiAgICAgICAgICAgIDxSdWxlUGFyYW1ldGVyIE5hbWU9Ikh0bWxEZWNvZGUiIFZhbHVlPSJUcnVlIiAvPg0KICAgICAgICAgICAgPFJ1bGVQYXJhbWV0ZXIgTmFtZT0iUmVxdWlyZWQiIFZhbHVlPSJGYWxzZSIgLz4NCiAgICAgICAgICAgIDxSdWxlUGFyYW1ldGVyIE5hbWU9IkluZGV4IiBWYWx1ZT0iMCIgLz4NCiAgICAgICAgICA8L1J1bGVQYXJhbWV0ZXJzPg0KICAgICAgICA8L0V4dHJhY3Rpb25SdWxlPg0KICAgICAgICA8RXh0cmFjdGlvblJ1bGUgQ2xhc3NuYW1lPSJNaWNyb3NvZnQuVmlzdWFsU3R1ZGlvLlRlc3RUb29scy5XZWJUZXN0aW5nLlJ1bGVzLkV4dHJhY3RGb3JtRmllbGQsIE1pY3Jvc29mdC5WaXN1YWxTdHVkaW8uUXVhbGl0eVRvb2xzLldlYlRlc3RGcmFtZXdvcmssIFZlcnNpb249MTAuMC4wLjAsIEN1bHR1cmU9bmV1dHJhbCwgUHVibGljS2V5VG9rZW49YjAzZjVmN2YxMWQ1MGEzYSIgVmFyaWFibGVOYW1lPSJGb3JtUG9zdFBhcmFtMi5kYXRlIiBEaXNwbGF5TmFtZT0iIiBEZXNjcmlwdGlvbj0iIj4NCiAgICAgICAgICA8UnVsZVBhcmFtZXRlcnM+DQogICAgICAgICAgICA8UnVsZVBhcmFtZXRlciBOYW1lPSJOYW1lIiBWYWx1ZT0iZGF0ZSIgLz4NCiAgICAgICAgICAgIDxSdWxlUGFyYW1ldGVyIE5hbWU9Ikh0bWxEZWNvZGUiIFZhbHVlPSJUcnVlIiAvPg0KICAgICAgICAgICAgPFJ1bGVQYXJhbWV0ZXIgTmFtZT0iUmVxdWlyZWQiIFZhbHVlPSJGYWxzZSIgLz4NCiAgICAgICAgICAgIDxSdWxlUGFyYW1ldGVyIE5hbWU9IkluZGV4IiBWYWx1ZT0iMCIgLz4NCiAgICAgICAgICA8L1J1bGVQYXJhbWV0ZXJzPg0KICAgICAgICA8L0V4dHJhY3Rpb25SdWxlPg0KICAgICAgICA8RXh0cmFjdGlvblJ1bGUgQ2xhc3NuYW1lPSJNaWNyb3NvZnQuVmlzdWFsU3R1ZGlvLlRlc3RUb29scy5XZWJUZXN0aW5nLlJ1bGVzLkV4dHJhY3RUZXh0LCBNaWNyb3NvZnQuVmlzdWFsU3R1ZGlvLlF1YWxpdHlUb29scy5XZWJUZXN0RnJhbWV3b3JrLCBWZXJzaW9uPTEwLjAuMC4wLCBDdWx0dXJlPW5ldXRyYWwsIFB1YmxpY0tleVRva2VuPWIwM2Y1ZjdmMTFkNTBhM2EiIFZhcmlhYmxlTmFtZT0iRm9ybVBvc3RQYXJhbTMuZ29vZHNbMF0ubmFtZSIgRGlzcGxheU5hbWU9IiIgRGVzY3JpcHRpb249IiI+DQogICAgICAgICAgPFJ1bGVQYXJhbWV0ZXJzPg0KICAgICAgICAgICAgPFJ1bGVQYXJhbWV0ZXIgTmFtZT0iU3RhcnRzV2l0aCIgVmFsdWU9InRlcD0mcXVvdDsiIC8+DQogICAgICAgICAgICA8UnVsZVBhcmFtZXRlciBOYW1lPSJFbmRzV2l0aCIgVmFsdWU9IiZxdW90OyB0eXAiIC8+DQogICAgICAgICAgICA8UnVsZVBhcmFtZXRlciBOYW1lPSJJbmRleCIgVmFsdWU9IjEiIC8+DQogICAgICAgICAgICA8UnVsZVBhcmFtZXRlciBOYW1lPSJJZ25vcmVDYXNlIiBWYWx1ZT0iRmFsc2UiIC8+DQogICAgICAgICAgICA8UnVsZVBhcmFtZXRlciBOYW1lPSJVc2VSZWd1bGFyRXhwcmVzc2lvbiIgVmFsdWU9IkZhbHNlIiAvPg0KICAgICAgICAgICAgPFJ1bGVQYXJhbWV0ZXIgTmFtZT0iSHRtbERlY29kZSIgVmFsdWU9IlRydWUiIC8+DQogICAgICAgICAgICA8UnVsZVBhcmFtZXRlciBOYW1lPSJSZXF1aXJlZCIgVmFsdWU9IkZhbHNlIiAvPg0KICAgICAgICAgIDwvUnVsZVBhcmFtZXRlcnM+DQogICAgICAgIDwvRXh0cmFjdGlvblJ1bGU+DQogICAgICAgIDxFeHRyYWN0aW9uUnVsZSBDbGFzc25hbWU9Ik1pY3Jvc29mdC5WaXN1YWxTdHVkaW8uVGVzdFRvb2xzLldlYlRlc3RpbmcuUnVsZXMuRXh0cmFjdFRleHQsIE1pY3Jvc29mdC5WaXN1YWxTdHVkaW8uUXVhbGl0eVRvb2xzLldlYlRlc3RGcmFtZXdvcmssIFZlcnNpb249MTAuMC4wLjAsIEN1bHR1cmU9bmV1dHJhbCwgUHVibGljS2V5VG9rZW49YjAzZjVmN2YxMWQ1MGEzYSIgVmFyaWFibGVOYW1lPSJGb3JtUG9zdFBhcmFtNC5nb29kc1swXS5hbW91bnQiIERpc3BsYXlOYW1lPSIiIERlc2NyaXB0aW9uPSIiPg0KICAgICAgICAgIDxSdWxlUGFyYW1ldGVycz4NCiAgICAgICAgICAgIDxSdWxlUGFyYW1ldGVyIE5hbWU9IlN0YXJ0c1dpdGgiIFZhbHVlPSJ0ZXA9JnF1b3Q7IiAvPg0KICAgICAgICAgICAgPFJ1bGVQYXJhbWV0ZXIgTmFtZT0iRW5kc1dpdGgiIFZhbHVlPSImcXVvdDsgdHlwIiAvPg0KICAgICAgICAgICAgPFJ1bGVQYXJhbWV0ZXIgTmFtZT0iSW5kZXgiIFZhbHVlPSIxIiAvPg0KICAgICAgICAgICAgPFJ1bGVQYXJhbWV0ZXIgTmFtZT0iSWdub3JlQ2FzZSIgVmFsdWU9IkZhbHNlIiAvPg0KICAgICAgICAgICAgPFJ1bGVQYXJhbWV0ZXIgTmFtZT0iVXNlUmVndWxhckV4cHJlc3Npb24iIFZhbHVlPSJGYWxzZSIgLz4NCiAgICAgICAgICAgIDxSdWxlUGFyYW1ldGVyIE5hbWU9Ikh0bWxEZWNvZGUiIFZhbHVlPSJUcnVlIiAvPg0KICAgICAgICAgICAgPFJ1bGVQYXJhbWV0ZXIgTmFtZT0iUmVxdWlyZWQiIFZhbHVlPSJGYWxzZSIgLz4NCiAgICAgICAgICA8L1J1bGVQYXJhbWV0ZXJzPg0KICAgICAgICA8L0V4dHJhY3Rpb25SdWxlPg0KICAgICAgICA8RXh0cmFjdGlvblJ1bGUgQ2xhc3NuYW1lPSJNaWNyb3NvZnQuVmlzdWFsU3R1ZGlvLlRlc3RUb29scy5XZWJUZXN0aW5nLlJ1bGVzLkV4dHJhY3RUZXh0LCBNaWNyb3NvZnQuVmlzdWFsU3R1ZGlvLlF1YWxpdHlUb29scy5XZWJUZXN0RnJhbWV3b3JrLCBWZXJzaW9uPTEwLjAuMC4wLCBDdWx0dXJlPW5ldXRyYWwsIFB1YmxpY0tleVRva2VuPWIwM2Y1ZjdmMTFkNTBhM2EiIFZhcmlhYmxlTmFtZT0iRm9ybVBvc3RQYXJhbTUuZ29vZHNbMF0udGF4IiBEaXNwbGF5TmFtZT0iIiBEZXNjcmlwdGlvbj0iIj4NCiAgICAgICAgICA8UnVsZVBhcmFtZXRlcnM+DQogICAgICAgICAgICA8UnVsZVBhcmFtZXRlciBOYW1lPSJTdGFydHNXaXRoIiBWYWx1ZT0idGVwPSZxdW90OyIgLz4NCiAgICAgICAgICAgIDxSdWxlUGFyYW1ldGVyIE5hbWU9IkVuZHNXaXRoIiBWYWx1ZT0iJnF1b3Q7IHR5cCIgLz4NCiAgICAgICAgICAgIDxSdWxlUGFyYW1ldGVyIE5hbWU9IkluZGV4IiBWYWx1ZT0iMSIgLz4NCiAgICAgICAgICAgIDxSdWxlUGFyYW1ldGVyIE5hbWU9Iklnbm9yZUNhc2UiIFZhbHVlPSJGYWxzZSIgLz4NCiAgICAgICAgICAgIDxSdWxlUGFyYW1ldGVyIE5hbWU9IlVzZVJlZ3VsYXJFeHByZXNzaW9uIiBWYWx1ZT0iRmFsc2UiIC8+DQogICAgICAgICAgICA8UnVsZVBhcmFtZXRlciBOYW1lPSJIdG1sRGVjb2RlIiBWYWx1ZT0iVHJ1ZSIgLz4NCiAgICAgICAgICAgIDxSdWxlUGFyYW1ldGVyIE5hbWU9IlJlcXVpcmVkIiBWYWx1ZT0iRmFsc2UiIC8+DQogICAgICAgICAgPC9SdWxlUGFyYW1ldGVycz4NCiAgICAgICAgPC9FeHRyYWN0aW9uUnVsZT4NCiAgICAgICAgPEV4dHJhY3Rpb25SdWxlIENsYXNzbmFtZT0iTWljcm9zb2Z0LlZpc3VhbFN0dWRpby5UZXN0VG9vbHMuV2ViVGVzdGluZy5SdWxlcy5FeHRyYWN0VGV4dCwgTWljcm9zb2Z0LlZpc3VhbFN0dWRpby5RdWFsaXR5VG9vbHMuV2ViVGVzdEZyYW1ld29yaywgVmVyc2lvbj0xMC4wLjAuMCwgQ3VsdHVyZT1uZXV0cmFsLCBQdWJsaWNLZXlUb2tlbj1iMDNmNWY3ZjExZDUwYTNhIiBWYXJpYWJsZU5hbWU9IkZvcm1Qb3N0UGFyYW02LmRpc2NvdW50IiBEaXNwbGF5TmFtZT0iIiBEZXNjcmlwdGlvbj0iIj4NCiAgICAgICAgICA8UnVsZVBhcmFtZXRlcnM+DQogICAgICAgICAgICA8UnVsZVBhcmFtZXRlciBOYW1lPSJTdGFydHNXaXRoIiBWYWx1ZT0idGVwPSZxdW90OyIgLz4NCiAgICAgICAgICAgIDxSdWxlUGFyYW1ldGVyIE5hbWU9IkVuZHNXaXRoIiBWYWx1ZT0iJnF1b3Q7IHR5cCIgLz4NCiAgICAgICAgICAgIDxSdWxlUGFyYW1ldGVyIE5hbWU9IkluZGV4IiBWYWx1ZT0iMSIgLz4NCiAgICAgICAgICAgIDxSdWxlUGFyYW1ldGVyIE5hbWU9Iklnbm9yZUNhc2UiIFZhbHVlPSJGYWxzZSIgLz4NCiAgICAgICAgICAgIDxSdWxlUGFyYW1ldGVyIE5hbWU9IlVzZVJlZ3VsYXJFeHByZXNzaW9uIiBWYWx1ZT0iRmFsc2UiIC8+DQogICAgICAgICAgICA8UnVsZVBhcmFtZXRlciBOYW1lPSJIdG1sRGVjb2RlIiBWYWx1ZT0iVHJ1ZSIgLz4NCiAgICAgICAgICAgIDxSdWxlUGFyYW1ldGVyIE5hbWU9IlJlcXVpcmVkIiBWYWx1ZT0iRmFsc2UiIC8+DQogICAgICAgICAgPC9SdWxlUGFyYW1ldGVycz4NCiAgICAgICAgPC9FeHRyYWN0aW9uUnVsZT4NCiAgICAgICAgPEV4dHJhY3Rpb25SdWxlIENsYXNzbmFtZT0iTWljcm9zb2Z0LlZpc3VhbFN0dWRpby5UZXN0VG9vbHMuV2ViVGVzdGluZy5SdWxlcy5FeHRyYWN0VGV4dCwgTWljcm9zb2Z0LlZpc3VhbFN0dWRpby5RdWFsaXR5VG9vbHMuV2ViVGVzdEZyYW1ld29yaywgVmVyc2lvbj0xMC4wLjAuMCwgQ3VsdHVyZT1uZXV0cmFsLCBQdWJsaWNLZXlUb2tlbj1iMDNmNWY3ZjExZDUwYTNhIiBWYXJpYWJsZU5hbWU9IkZvcm1Qb3N0UGFyYW03LmFkZEJ1dHRvbiIgRGlzcGxheU5hbWU9IiIgRGVzY3JpcHRpb249IiI+DQogICAgICAgICAgPFJ1bGVQYXJhbWV0ZXJzPg0KICAgICAgICAgICAgPFJ1bGVQYXJhbWV0ZXIgTmFtZT0iU3RhcnRzV2l0aCIgVmFsdWU9Imx1ZT0mcXVvdDsiIC8+DQogICAgICAgICAgICA8UnVsZVBhcmFtZXRlciBOYW1lPSJFbmRzV2l0aCIgVmFsdWU9IiZxdW90OyBjbGEiIC8+DQogICAgICAgICAgICA8UnVsZVBhcmFtZXRlciBOYW1lPSJJbmRleCIgVmFsdWU9IjIxIiAvPg0KICAgICAgICAgICAgPFJ1bGVQYXJhbWV0ZXIgTmFtZT0iSWdub3JlQ2FzZSIgVmFsdWU9IkZhbHNlIiAvPg0KICAgICAgICAgICAgPFJ1bGVQYXJhbWV0ZXIgTmFtZT0iVXNlUmVndWxhckV4cHJlc3Npb24iIFZhbHVlPSJGYWxzZSIgLz4NCiAgICAgICAgICAgIDxSdWxlUGFyYW1ldGVyIE5hbWU9Ikh0bWxEZWNvZGUiIFZhbHVlPSJUcnVlIiAvPg0KICAgICAgICAgICAgPFJ1bGVQYXJhbWV0ZXIgTmFtZT0iUmVxdWlyZWQiIFZhbHVlPSJGYWxzZSIgLz4NCiAgICAgICAgICA8L1J1bGVQYXJhbWV0ZXJzPg0KICAgICAgICA8L0V4dHJhY3Rpb25SdWxlPg0KICAgICAgPC9Db3JyZWxhdGlvbkV4dHJhY3Rpb25SdWxlcz4NCiAgICA8L1JlcXVlc3Q+DQogICAgPFJlcXVlc3QgTWV0aG9kPSJHRVQiIEd1aWQ9IjMxMjNlNTkxLTljODEtNDhhMC05NDJjLWJlYTAxZmJmZDk2NiIgVmVyc2lvbj0iMS4xIiBVcmw9Imh0dHA6Ly9sb2NhbGhvc3Q6MzI1ODUvMDVmYjE0ZTA2ODQ3NGZmYjg0MmFiOTFhODgzNWZmYjcvYnJvd3NlckxpbmtTaWduYWxSL2Nvbm5lY3QiIFRoaW5rVGltZT0iMCIgVGltZW91dD0iMzAwIiBQYXJzZURlcGVuZGVudFJlcXVlc3RzPSJUcnVlIiBGb2xsb3dSZWRpcmVjdHM9IlRydWUiIFJlY29yZFJlc3VsdD0iVHJ1ZSIgQ2FjaGU9IkZhbHNlIiBSZXNwb25zZVRpbWVHb2FsPSIwIiBFbmNvZGluZz0idXRmLTgiIEV4cGVjdGVkSHR0cFN0YXR1c0NvZGU9IjAiIEV4cGVjdGVkUmVzcG9uc2VVcmw9IiIgUmVwb3J0aW5nTmFtZT0iIiBJZ25vcmVIdHRwU3RhdHVzQ29kZT0iRmFsc2UiPg0KICAgICAgPFF1ZXJ5U3RyaW5nUGFyYW1ldGVycz4NCiAgICAgICAgPFF1ZXJ5U3RyaW5nUGFyYW1ldGVyIE5hbWU9InRyYW5zcG9ydCIgVmFsdWU9IndlYlNvY2tldHMiIFJlY29yZGVkVmFsdWU9IndlYlNvY2tldHMiIENvcnJlbGF0aW9uQmluZGluZz0iIiBVcmxFbmNvZGU9IkZhbHNlIiBVc2VUb0dyb3VwUmVzdWx0cz0iRmFsc2UiIC8+DQogICAgICAgIDxRdWVyeVN0cmluZ1BhcmFtZXRlciBOYW1lPSJjb25uZWN0aW9uVG9rZW4iIFZhbHVlPSJBUUFBQU5DTW5kOEJGZEVSakhvQXdFJTJGQ2wlMkJzQkFBQUFGYUR6bE0lMkZmVEVHM0dNT01ONkhDcXdBQUFBQUNBQUFBQUFBUVpnQUFBQUVBQUNBQUFBQkN2VTdYRHJqMVRPTzJScEh5JTJGamFHZ3lpU0kwWnZuakhCY1E4QVV3YzM1Z0FBQUFBT2dBQUFBQUlBQUNBQUFBRDFtc1dCUGl4cUZBempjZ3lkajJmJTJCbk82Mllod0hDeWlaOG1qTXdFNEFDekFBQUFEcEhtbkFVcW85Yno2WklyMkNLQndEbVdkanRtVE5jR09YV2IlMkJsa3B0M0ZyJTJGNFM5d2JGSkxlSGRRQnA2MW5xZUJBQUFBQVBjUHUwSDlMMkpUJTJGOE9sZFdKQXZsTGJ5Z01vbENFYWhEeVZGbGpnZVRuWVpiTEc4ZVlVWG91NGolMkZsM1RkRnEydGQlMkZ5TDlNbERyanQxJTJCcHY0V21kWnclM0QlM0QiIFJlY29yZGVkVmFsdWU9IkFRQUFBTkNNbmQ4QkZkRVJqSG9Bd0UlMkZDbCUyQnNCQUFBQUZhRHpsTSUyRmZURUczR01PTU42SENxd0FBQUFBQ0FBQUFBQUFRWmdBQUFBRUFBQ0FBQUFCQ3ZVN1hEcmoxVE9PMlJwSHklMkZqYUdneWlTSTBadm5qSEJjUThBVXdjMzVnQUFBQUFPZ0FBQUFBSUFBQ0FBQUFEMW1zV0JQaXhxRkF6amNneWRqMmYlMkJuTzYyWWh3SEN5aVo4bWpNd0U0QUN6QUFBQURwSG1uQVVxbzliejZaSXIyQ0tCd0RtV2RqdG1UTmNHT1hXYiUyQmxrcHQzRnIlMkY0Uzl3YkZKTGVIZFFCcDYxbnFlQkFBQUFBUGNQdTBIOUwySlQlMkY4T2xkV0pBdmxMYnlnTW9sQ0VhaER5VkZsamdlVG5ZWmJMRzhlWVVYb3U0aiUyRmwzVGRGcTJ0ZCUyRnlMOU1sRHJqdDElMkJwdjRXbWRadyUzRCUzRCIgQ29ycmVsYXRpb25CaW5kaW5nPSIiIFVybEVuY29kZT0iRmFsc2UiIFVzZVRvR3JvdXBSZXN1bHRzPSJGYWxzZSIgLz4NCiAgICAgICAgPFF1ZXJ5U3RyaW5nUGFyYW1ldGVyIE5hbWU9InJlcXVlc3RVcmwiIFZhbHVlPSJodHRwJTNBJTJGJTJGbG9jYWxob3N0JTNBNTYxMzMlMkYiIFJlY29yZGVkVmFsdWU9Imh0dHAlM0ElMkYlMkZsb2NhbGhvc3QlM0E1NjEzMyUyRiIgQ29ycmVsYXRpb25CaW5kaW5nPSIiIFVybEVuY29kZT0iRmFsc2UiIFVzZVRvR3JvdXBSZXN1bHRzPSJGYWxzZSIgLz4NCiAgICAgICAgPFF1ZXJ5U3RyaW5nUGFyYW1ldGVyIE5hbWU9ImJyb3dzZXJOYW1lIiBWYWx1ZT0iSW50ZXJuZXQrRXhwbG9yZXIiIFJlY29yZGVkVmFsdWU9IkludGVybmV0K0V4cGxvcmVyIiBDb3JyZWxhdGlvbkJpbmRpbmc9IiIgVXJsRW5jb2RlPSJGYWxzZSIgVXNlVG9Hcm91cFJlc3VsdHM9IkZhbHNlIiAvPg0KICAgICAgICA8UXVlcnlTdHJpbmdQYXJhbWV0ZXIgTmFtZT0idXNlckFnZW50IiBWYWx1ZT0iTW96aWxsYSUyRjUuMCsoV2luZG93cytOVCs2LjMlM0IrV09XNjQlM0IrVHJpZGVudCUyRjcuMCUzQisuTkVUNC4wRSUzQisuTkVUNC4wQyUzQisuTkVUK0NMUiszLjUuMzA3MjklM0IrLk5FVCtDTFIrMi4wLjUwNzI3JTNCKy5ORVQrQ0xSKzMuMC4zMDcyOSUzQitHV1glM0FET1dOTE9BREVEJTNCK0dXWCUzQVFVQUxJRklFRCUzQitydiUzQTExLjApK2xpa2UrR2Vja28iIFJlY29yZGVkVmFsdWU9Ik1vemlsbGElMkY1LjArKFdpbmRvd3MrTlQrNi4zJTNCK1dPVzY0JTNCK1RyaWRlbnQlMkY3LjAlM0IrLk5FVDQuMEUlM0IrLk5FVDQuMEMlM0IrLk5FVCtDTFIrMy41LjMwNzI5JTNCKy5ORVQrQ0xSKzIuMC41MDcyNyUzQisuTkVUK0NMUiszLjAuMzA3MjklM0IrR1dYJTNBRE9XTkxPQURFRCUzQitHV1glM0FRVUFMSUZJRUQlM0IrcnYlM0ExMS4wKStsaWtlK0dlY2tvIiBDb3JyZWxhdGlvbkJpbmRpbmc9IiIgVXJsRW5jb2RlPSJGYWxzZSIgVXNlVG9Hcm91cFJlc3VsdHM9IkZhbHNlIiAvPg0KICAgICAgICA8UXVlcnlTdHJpbmdQYXJhbWV0ZXIgTmFtZT0idGlkIiBWYWx1ZT0iMCIgUmVjb3JkZWRWYWx1ZT0iMCIgQ29ycmVsYXRpb25CaW5kaW5nPSIiIFVybEVuY29kZT0iRmFsc2UiIFVzZVRvR3JvdXBSZXN1bHRzPSJGYWxzZSIgLz4NCiAgICAgIDwvUXVlcnlTdHJpbmdQYXJhbWV0ZXJzPg0KICAgIDwvUmVxdWVzdD4NCiAgICA8UmVxdWVzdCBNZXRob2Q9IkdFVCIgR3VpZD0iMWE1ODdiZDctZjgyYi00ODA0LTk5NGItM2U1YTYxMDg3Y2NkIiBWZXJzaW9uPSIxLjEiIFVybD0iaHR0cDovL2xvY2FsaG9zdDo1NjEzMy9fX2Jyb3dzZXJMaW5rL3JlcXVlc3REYXRhLzYzMmIxMzg3YTgyOTRiY2Y5YmRlZTY0NTc2ZDRjODZiIiBUaGlua1RpbWU9IjAiIFRpbWVvdXQ9IjMwMCIgUGFyc2VEZXBlbmRlbnRSZXF1ZXN0cz0iVHJ1ZSIgRm9sbG93UmVkaXJlY3RzPSJUcnVlIiBSZWNvcmRSZXN1bHQ9IlRydWUiIENhY2hlPSJGYWxzZSIgUmVzcG9uc2VUaW1lR29hbD0iMCIgRW5jb2Rpbmc9InV0Zi04IiBFeHBlY3RlZEh0dHBTdGF0dXNDb2RlPSIwIiBFeHBlY3RlZFJlc3BvbnNlVXJsPSIiIFJlcG9ydGluZ05hbWU9IiIgSWdub3JlSHR0cFN0YXR1c0NvZGU9IkZhbHNlIj4NCiAgICAgIDxIZWFkZXJzPg0KICAgICAgICA8SGVhZGVyIE5hbWU9IkFjY2VwdCIgVmFsdWU9ImFwcGxpY2F0aW9uL2pzb24sIHRleHQvamF2YXNjcmlwdCwgKi8qOyBxPTAuMDEiIC8+DQogICAgICAgIDxIZWFkZXIgTmFtZT0iWC1SZXF1ZXN0ZWQtV2l0aCIgVmFsdWU9IlhNTEh0dHBSZXF1ZXN0IiAvPg0KICAgICAgICA8SGVhZGVyIE5hbWU9IlJlZmVyZXIiIFZhbHVlPSJodHRwOi8vbG9jYWxob3N0OjU2MTMzLyIgLz4NCiAgICAgIDwvSGVhZGVycz4NCiAgICAgIDxRdWVyeVN0cmluZ1BhcmFtZXRlcnM+DQogICAgICAgIDxRdWVyeVN0cmluZ1BhcmFtZXRlciBOYW1lPSJ2ZXJzaW9uIiBWYWx1ZT0iMiIgUmVjb3JkZWRWYWx1ZT0iMiIgQ29ycmVsYXRpb25CaW5kaW5nPSIiIFVybEVuY29kZT0iRmFsc2UiIFVzZVRvR3JvdXBSZXN1bHRzPSJGYWxzZSIgLz4NCiAgICAgIDwvUXVlcnlTdHJpbmdQYXJhbWV0ZXJzPg0KICAgIDwvUmVxdWVzdD4NCiAgICA8UmVxdWVzdCBNZXRob2Q9IlBPU1QiIEd1aWQ9IjA3MTdiNzJmLThkODMtNGZjNC04MTVmLTAxZTE2YTViNjE1NyIgVmVyc2lvbj0iMS4xIiBVcmw9Imh0dHA6Ly9sb2NhbGhvc3Q6MzI1ODUvMDVmYjE0ZTA2ODQ3NGZmYjg0MmFiOTFhODgzNWZmYjcvYnJvd3NlckxpbmtTaWduYWxSL2Fib3J0IiBUaGlua1RpbWU9IjAiIFRpbWVvdXQ9IjMwMCIgUGFyc2VEZXBlbmRlbnRSZXF1ZXN0cz0iVHJ1ZSIgRm9sbG93UmVkaXJlY3RzPSJUcnVlIiBSZWNvcmRSZXN1bHQ9IlRydWUiIENhY2hlPSJGYWxzZSIgUmVzcG9uc2VUaW1lR29hbD0iMCIgRW5jb2Rpbmc9InV0Zi04IiBFeHBlY3RlZEh0dHBTdGF0dXNDb2RlPSIwIiBFeHBlY3RlZFJlc3BvbnNlVXJsPSIiIFJlcG9ydGluZ05hbWU9IiIgSWdub3JlSHR0cFN0YXR1c0NvZGU9IkZhbHNlIj4NCiAgICAgIDxIZWFkZXJzPg0KICAgICAgICA8SGVhZGVyIE5hbWU9IkFjY2VwdCIgVmFsdWU9InRleHQvcGxhaW4sICovKjsgcT0wLjAxIiAvPg0KICAgICAgICA8SGVhZGVyIE5hbWU9IlJlZmVyZXIiIFZhbHVlPSJodHRwOi8vbG9jYWxob3N0OjU2MTMzLyIgLz4NCiAgICAgIDwvSGVhZGVycz4NCiAgICAgIDxRdWVyeVN0cmluZ1BhcmFtZXRlcnM+DQogICAgICAgIDxRdWVyeVN0cmluZ1BhcmFtZXRlciBOYW1lPSJ0cmFuc3BvcnQiIFZhbHVlPSJ3ZWJTb2NrZXRzIiBSZWNvcmRlZFZhbHVlPSJ3ZWJTb2NrZXRzIiBDb3JyZWxhdGlvbkJpbmRpbmc9IiIgVXJsRW5jb2RlPSJGYWxzZSIgVXNlVG9Hcm91cFJlc3VsdHM9IkZhbHNlIiAvPg0KICAgICAgICA8UXVlcnlTdHJpbmdQYXJhbWV0ZXIgTmFtZT0iY29ubmVjdGlvblRva2VuIiBWYWx1ZT0iQVFBQUFOQ01uZDhCRmRFUmpIb0F3RSUyRkNsJTJCc0JBQUFBRmFEemxNJTJGZlRFRzNHTU9NTjZIQ3F3QUFBQUFDQUFBQUFBQVFaZ0FBQUFFQUFDQUFBQUJDdlU3WERyajFUT08yUnBIeSUyRmphR2d5aVNJMFp2bmpIQmNROEFVd2MzNWdBQUFBQU9nQUFBQUFJQUFDQUFBQUQxbXNXQlBpeHFGQXpqY2d5ZGoyZiUyQm5PNjJZaHdIQ3lpWjhtak13RTRBQ3pBQUFBRHBIbW5BVXFvOWJ6NlpJcjJDS0J3RG1XZGp0bVROY0dPWFdiJTJCbGtwdDNGciUyRjRTOXdiRkpMZUhkUUJwNjFucWVCQUFBQUFQY1B1MEg5TDJKVCUyRjhPbGRXSkF2bExieWdNb2xDRWFoRHlWRmxqZ2VUbllaYkxHOGVZVVhvdTRqJTJGbDNUZEZxMnRkJTJGeUw5TWxEcmp0MSUyQnB2NFdtZFp3JTNEJTNEIiBSZWNvcmRlZFZhbHVlPSJBUUFBQU5DTW5kOEJGZEVSakhvQXdFJTJGQ2wlMkJzQkFBQUFGYUR6bE0lMkZmVEVHM0dNT01ONkhDcXdBQUFBQUNBQUFBQUFBUVpnQUFBQUVBQUNBQUFBQkN2VTdYRHJqMVRPTzJScEh5JTJGamFHZ3lpU0kwWnZuakhCY1E4QVV3YzM1Z0FBQUFBT2dBQUFBQUlBQUNBQUFBRDFtc1dCUGl4cUZBempjZ3lkajJmJTJCbk82Mllod0hDeWlaOG1qTXdFNEFDekFBQUFEcEhtbkFVcW85Yno2WklyMkNLQndEbVdkanRtVE5jR09YV2IlMkJsa3B0M0ZyJTJGNFM5d2JGSkxlSGRRQnA2MW5xZUJBQUFBQVBjUHUwSDlMMkpUJTJGOE9sZFdKQXZsTGJ5Z01vbENFYWhEeVZGbGpnZVRuWVpiTEc4ZVlVWG91NGolMkZsM1RkRnEydGQlMkZ5TDlNbERyanQxJTJCcHY0V21kWnclM0QlM0QiIENvcnJlbGF0aW9uQmluZGluZz0iIiBVcmxFbmNvZGU9IkZhbHNlIiBVc2VUb0dyb3VwUmVzdWx0cz0iRmFsc2UiIC8+DQogICAgICAgIDxRdWVyeVN0cmluZ1BhcmFtZXRlciBOYW1lPSJyZXF1ZXN0VXJsIiBWYWx1ZT0iaHR0cCUzQSUyRiUyRmxvY2FsaG9zdCUzQTU2MTMzJTJGIiBSZWNvcmRlZFZhbHVlPSJodHRwJTNBJTJGJTJGbG9jYWxob3N0JTNBNTYxMzMlMkYiIENvcnJlbGF0aW9uQmluZGluZz0iIiBVcmxFbmNvZGU9IkZhbHNlIiBVc2VUb0dyb3VwUmVzdWx0cz0iRmFsc2UiIC8+DQogICAgICAgIDxRdWVyeVN0cmluZ1BhcmFtZXRlciBOYW1lPSJicm93c2VyTmFtZSIgVmFsdWU9IkludGVybmV0K0V4cGxvcmVyIiBSZWNvcmRlZFZhbHVlPSJJbnRlcm5ldCtFeHBsb3JlciIgQ29ycmVsYXRpb25CaW5kaW5nPSIiIFVybEVuY29kZT0iRmFsc2UiIFVzZVRvR3JvdXBSZXN1bHRzPSJGYWxzZSIgLz4NCiAgICAgICAgPFF1ZXJ5U3RyaW5nUGFyYW1ldGVyIE5hbWU9InVzZXJBZ2VudCIgVmFsdWU9Ik1vemlsbGElMkY1LjArKFdpbmRvd3MrTlQrNi4zJTNCK1dPVzY0JTNCK1RyaWRlbnQlMkY3LjAlM0IrLk5FVDQuMEUlM0IrLk5FVDQuMEMlM0IrLk5FVCtDTFIrMy41LjMwNzI5JTNCKy5ORVQrQ0xSKzIuMC41MDcyNyUzQisuTkVUK0NMUiszLjAuMzA3MjklM0IrR1dYJTNBRE9XTkxPQURFRCUzQitHV1glM0FRVUFMSUZJRUQlM0IrcnYlM0ExMS4wKStsaWtlK0dlY2tvIiBSZWNvcmRlZFZhbHVlPSJNb3ppbGxhJTJGNS4wKyhXaW5kb3dzK05UKzYuMyUzQitXT1c2NCUzQitUcmlkZW50JTJGNy4wJTNCKy5ORVQ0LjBFJTNCKy5ORVQ0LjBDJTNCKy5ORVQrQ0xSKzMuNS4zMDcyOSUzQisuTkVUK0NMUisyLjAuNTA3MjclM0IrLk5FVCtDTFIrMy4wLjMwNzI5JTNCK0dXWCUzQURPV05MT0FERUQlM0IrR1dYJTNBUVVBTElGSUVEJTNCK3J2JTNBMTEuMCkrbGlrZStHZWNrbyIgQ29ycmVsYXRpb25CaW5kaW5nPSIiIFVybEVuY29kZT0iRmFsc2UiIFVzZVRvR3JvdXBSZXN1bHRzPSJGYWxzZSIgLz4NCiAgICAgIDwvUXVlcnlTdHJpbmdQYXJhbWV0ZXJzPg0KICAgICAgPEZvcm1Qb3N0SHR0cEJvZHkgLz4NCiAgICA8L1JlcXVlc3Q+DQogICAgPFJlcXVlc3QgTWV0aG9kPSJQT1NUIiBHdWlkPSI0YTZhYzJiYS05YWU2LTRlNWEtYWNjZC01YzUwYjM4MjZhNjQiIFZlcnNpb249IjEuMSIgVXJsPSJodHRwOi8vbG9jYWxob3N0OjMyNTg1LzA1ZmIxNGUwNjg0NzRmZmI4NDJhYjkxYTg4MzVmZmI3L2Jyb3dzZXJMaW5rU2lnbmFsUi9uZWdvdGlhdGUiIFRoaW5rVGltZT0iMCIgVGltZW91dD0iMzAwIiBQYXJzZURlcGVuZGVudFJlcXVlc3RzPSJUcnVlIiBGb2xsb3dSZWRpcmVjdHM9IlRydWUiIFJlY29yZFJlc3VsdD0iVHJ1ZSIgQ2FjaGU9IkZhbHNlIiBSZXNwb25zZVRpbWVHb2FsPSIwIiBFbmNvZGluZz0idXRmLTgiIEV4cGVjdGVkSHR0cFN0YXR1c0NvZGU9IjAiIEV4cGVjdGVkUmVzcG9uc2VVcmw9IiIgUmVwb3J0aW5nTmFtZT0iIiBJZ25vcmVIdHRwU3RhdHVzQ29kZT0iRmFsc2UiPg0KICAgICAgPEhlYWRlcnM+DQogICAgICAgIDxIZWFkZXIgTmFtZT0iQ29udGVudC1UeXBlIiBWYWx1ZT0iYXBwbGljYXRpb24veC13d3ctZm9ybS11cmxlbmNvZGVkOyBjaGFyc2V0PVVURi04IiAvPg0KICAgICAgICA8SGVhZGVyIE5hbWU9IkFjY2VwdCIgVmFsdWU9InRleHQvcGxhaW4sICovKjsgcT0wLjAxIiAvPg0KICAgICAgICA8SGVhZGVyIE5hbWU9IlJlZmVyZXIiIFZhbHVlPSJodHRwOi8vbG9jYWxob3N0OjU2MTMzL0hvbWUvQWRkSW52b2ljZSIgLz4NCiAgICAgIDwvSGVhZGVycz4NCiAgICAgIDxRdWVyeVN0cmluZ1BhcmFtZXRlcnM+DQogICAgICAgIDxRdWVyeVN0cmluZ1BhcmFtZXRlciBOYW1lPSJyZXF1ZXN0VXJsIiBWYWx1ZT0iaHR0cCUzQSUyRiUyRmxvY2FsaG9zdCUzQTU2MTMzJTJGSG9tZSUyRkFkZEludm9pY2UiIFJlY29yZGVkVmFsdWU9Imh0dHAlM0ElMkYlMkZsb2NhbGhvc3QlM0E1NjEzMyUyRkhvbWUlMkZBZGRJbnZvaWNlIiBDb3JyZWxhdGlvbkJpbmRpbmc9IiIgVXJsRW5jb2RlPSJGYWxzZSIgVXNlVG9Hcm91cFJlc3VsdHM9IkZhbHNlIiAvPg0KICAgICAgICA8UXVlcnlTdHJpbmdQYXJhbWV0ZXIgTmFtZT0iYnJvd3Nlck5hbWUiIFZhbHVlPSJJbnRlcm5ldCtFeHBsb3JlciIgUmVjb3JkZWRWYWx1ZT0iSW50ZXJuZXQrRXhwbG9yZXIiIENvcnJlbGF0aW9uQmluZGluZz0iIiBVcmxFbmNvZGU9IkZhbHNlIiBVc2VUb0dyb3VwUmVzdWx0cz0iRmFsc2UiIC8+DQogICAgICAgIDxRdWVyeVN0cmluZ1BhcmFtZXRlciBOYW1lPSJ1c2VyQWdlbnQiIFZhbHVlPSJNb3ppbGxhJTJGNS4wKyhXaW5kb3dzK05UKzYuMyUzQitXT1c2NCUzQitUcmlkZW50JTJGNy4wJTNCKy5ORVQ0LjBFJTNCKy5ORVQ0LjBDJTNCKy5ORVQrQ0xSKzMuNS4zMDcyOSUzQisuTkVUK0NMUisyLjAuNTA3MjclM0IrLk5FVCtDTFIrMy4wLjMwNzI5JTNCK0dXWCUzQURPV05MT0FERUQlM0IrR1dYJTNBUVVBTElGSUVEJTNCK3J2JTNBMTEuMCkrbGlrZStHZWNrbyIgUmVjb3JkZWRWYWx1ZT0iTW96aWxsYSUyRjUuMCsoV2luZG93cytOVCs2LjMlM0IrV09XNjQlM0IrVHJpZGVudCUyRjcuMCUzQisuTkVUNC4wRSUzQisuTkVUNC4wQyUzQisuTkVUK0NMUiszLjUuMzA3MjklM0IrLk5FVCtDTFIrMi4wLjUwNzI3JTNCKy5ORVQrQ0xSKzMuMC4zMDcyOSUzQitHV1glM0FET1dOTE9BREVEJTNCK0dXWCUzQVFVQUxJRklFRCUzQitydiUzQTExLjApK2xpa2UrR2Vja28iIENvcnJlbGF0aW9uQmluZGluZz0iIiBVcmxFbmNvZGU9IkZhbHNlIiBVc2VUb0dyb3VwUmVzdWx0cz0iRmFsc2UiIC8+DQogICAgICAgIDxRdWVyeVN0cmluZ1BhcmFtZXRlciBOYW1lPSJjbGllbnRQcm90b2NvbCIgVmFsdWU9IjEuMyIgUmVjb3JkZWRWYWx1ZT0iMS4zIiBDb3JyZWxhdGlvbkJpbmRpbmc9IiIgVXJsRW5jb2RlPSJGYWxzZSIgVXNlVG9Hcm91cFJlc3VsdHM9IkZhbHNlIiAvPg0KICAgICAgICA8UXVlcnlTdHJpbmdQYXJhbWV0ZXIgTmFtZT0iXyIgVmFsdWU9IjE0NjQ5NzkzMjc1MzIiIFJlY29yZGVkVmFsdWU9IjE0NjQ5NzkzMjc1MzIiIENvcnJlbGF0aW9uQmluZGluZz0iIiBVcmxFbmNvZGU9IkZhbHNlIiBVc2VUb0dyb3VwUmVzdWx0cz0iRmFsc2UiIC8+DQogICAgICA8L1F1ZXJ5U3RyaW5nUGFyYW1ldGVycz4NCiAgICAgIDxGb3JtUG9zdEh0dHBCb2R5IC8+DQogICAgPC9SZXF1ZXN0Pg0KICAgIDxSZXF1ZXN0IE1ldGhvZD0iR0VUIiBHdWlkPSI1YWQ1YTIxNC0xMmJlLTRmMDktODc4Yy0zODVlZDVlYTI1NzUiIFZlcnNpb249IjEuMSIgVXJsPSJodHRwOi8vbG9jYWxob3N0OjMyNTg1LzA1ZmIxNGUwNjg0NzRmZmI4NDJhYjkxYTg4MzVmZmI3L2Jyb3dzZXJMaW5rU2lnbmFsUi9jb25uZWN0IiBUaGlua1RpbWU9IjAiIFRpbWVvdXQ9IjMwMCIgUGFyc2VEZXBlbmRlbnRSZXF1ZXN0cz0iVHJ1ZSIgRm9sbG93UmVkaXJlY3RzPSJUcnVlIiBSZWNvcmRSZXN1bHQ9IlRydWUiIENhY2hlPSJGYWxzZSIgUmVzcG9uc2VUaW1lR29hbD0iMCIgRW5jb2Rpbmc9InV0Zi04IiBFeHBlY3RlZEh0dHBTdGF0dXNDb2RlPSIwIiBFeHBlY3RlZFJlc3BvbnNlVXJsPSIiIFJlcG9ydGluZ05hbWU9IiIgSWdub3JlSHR0cFN0YXR1c0NvZGU9IkZhbHNlIj4NCiAgICAgIDxRdWVyeVN0cmluZ1BhcmFtZXRlcnM+DQogICAgICAgIDxRdWVyeVN0cmluZ1BhcmFtZXRlciBOYW1lPSJ0cmFuc3BvcnQiIFZhbHVlPSJ3ZWJTb2NrZXRzIiBSZWNvcmRlZFZhbHVlPSJ3ZWJTb2NrZXRzIiBDb3JyZWxhdGlvbkJpbmRpbmc9IiIgVXJsRW5jb2RlPSJGYWxzZSIgVXNlVG9Hcm91cFJlc3VsdHM9IkZhbHNlIiAvPg0KICAgICAgICA8UXVlcnlTdHJpbmdQYXJhbWV0ZXIgTmFtZT0iY29ubmVjdGlvblRva2VuIiBWYWx1ZT0iQVFBQUFOQ01uZDhCRmRFUmpIb0F3RSUyRkNsJTJCc0JBQUFBRmFEemxNJTJGZlRFRzNHTU9NTjZIQ3F3QUFBQUFDQUFBQUFBQVFaZ0FBQUFFQUFDQUFBQUFtRndFVHJadUdkbkdjS3kxUTZIZWlSdyUyRkQlMkJjTTNacVlYUWE2U1ZOcEZCUUFBQUFBT2dBQUFBQUlBQUNBQUFBQWMlMkJqVTB0ckd0MHdZQ0Y0VVAwaSUyRnolMkZhbW9la1IzTGVUcDYlMkZlUTBWQTl5akFBQUFBbFR3NjVBR3Y4M1BlNWkzNGRieFVXUTV3STU1TDhWalZSJTJCalFmJTJCRko1WHIzTnRLd3ZpMzE3VyUyQnRmUTM1VWNjOUFBQUFBeGslMkJzMDhyTnhnTHoxTklDR1o4QUJyJTJGM3M2WVRXNFJ2enZ6JTJCU3pTZTVaTm0lMkJUYndJbXc5d2tlUGlQbkRBSXAyTEZMJTJGQVc5TUdLTGxMRjF3ZGZPMU1nJTNEJTNEIiBSZWNvcmRlZFZhbHVlPSJBUUFBQU5DTW5kOEJGZEVSakhvQXdFJTJGQ2wlMkJzQkFBQUFGYUR6bE0lMkZmVEVHM0dNT01ONkhDcXdBQUFBQUNBQUFBQUFBUVpnQUFBQUVBQUNBQUFBQW1Gd0VUclp1R2RuR2NLeTFRNkhlaVJ3JTJGRCUyQmNNM1pxWVhRYTZTVk5wRkJRQUFBQUFPZ0FBQUFBSUFBQ0FBQUFBYyUyQmpVMHRyR3Qwd1lDRjRVUDBpJTJGeiUyRmFtb2VrUjNMZVRwNiUyRmVRMFZBOXlqQUFBQUFsVHc2NUFHdjgzUGU1aTM0ZGJ4VVdRNXdJNTVMOFZqVlIlMkJqUWYlMkJGSjVYcjNOdEt3dmkzMTdXJTJCdGZRMzVVY2M5QUFBQUF4ayUyQnMwOHJOeGdMejFOSUNHWjhBQnIlMkYzczZZVFc0UnZ6dnolMkJTelNlNVpObSUyQlRid0ltdzl3a2VQaVBuREFJcDJMRkwlMkZBVzlNR0tMbExGMXdkZk8xTWclM0QlM0QiIENvcnJlbGF0aW9uQmluZGluZz0iIiBVcmxFbmNvZGU9IkZhbHNlIiBVc2VUb0dyb3VwUmVzdWx0cz0iRmFsc2UiIC8+DQogICAgICAgIDxRdWVyeVN0cmluZ1BhcmFtZXRlciBOYW1lPSJyZXF1ZXN0VXJsIiBWYWx1ZT0iaHR0cCUzQSUyRiUyRmxvY2FsaG9zdCUzQTU2MTMzJTJGSG9tZSUyRkFkZEludm9pY2UiIFJlY29yZGVkVmFsdWU9Imh0dHAlM0ElMkYlMkZsb2NhbGhvc3QlM0E1NjEzMyUyRkhvbWUlMkZBZGRJbnZvaWNlIiBDb3JyZWxhdGlvbkJpbmRpbmc9IiIgVXJsRW5jb2RlPSJGYWxzZSIgVXNlVG9Hcm91cFJlc3VsdHM9IkZhbHNlIiAvPg0KICAgICAgICA8UXVlcnlTdHJpbmdQYXJhbWV0ZXIgTmFtZT0iYnJvd3Nlck5hbWUiIFZhbHVlPSJJbnRlcm5ldCtFeHBsb3JlciIgUmVjb3JkZWRWYWx1ZT0iSW50ZXJuZXQrRXhwbG9yZXIiIENvcnJlbGF0aW9uQmluZGluZz0iIiBVcmxFbmNvZGU9IkZhbHNlIiBVc2VUb0dyb3VwUmVzdWx0cz0iRmFsc2UiIC8+DQogICAgICAgIDxRdWVyeVN0cmluZ1BhcmFtZXRlciBOYW1lPSJ1c2VyQWdlbnQiIFZhbHVlPSJNb3ppbGxhJTJGNS4wKyhXaW5kb3dzK05UKzYuMyUzQitXT1c2NCUzQitUcmlkZW50JTJGNy4wJTNCKy5ORVQ0LjBFJTNCKy5ORVQ0LjBDJTNCKy5ORVQrQ0xSKzMuNS4zMDcyOSUzQisuTkVUK0NMUisyLjAuNTA3MjclM0IrLk5FVCtDTFIrMy4wLjMwNzI5JTNCK0dXWCUzQURPV05MT0FERUQlM0IrR1dYJTNBUVVBTElGSUVEJTNCK3J2JTNBMTEuMCkrbGlrZStHZWNrbyIgUmVjb3JkZWRWYWx1ZT0iTW96aWxsYSUyRjUuMCsoV2luZG93cytOVCs2LjMlM0IrV09XNjQlM0IrVHJpZGVudCUyRjcuMCUzQisuTkVUNC4wRSUzQisuTkVUNC4wQyUzQisuTkVUK0NMUiszLjUuMzA3MjklM0IrLk5FVCtDTFIrMi4wLjUwNzI3JTNCKy5ORVQrQ0xSKzMuMC4zMDcyOSUzQitHV1glM0FET1dOTE9BREVEJTNCK0dXWCUzQVFVQUxJRklFRCUzQitydiUzQTExLjApK2xpa2UrR2Vja28iIENvcnJlbGF0aW9uQmluZGluZz0iIiBVcmxFbmNvZGU9IkZhbHNlIiBVc2VUb0dyb3VwUmVzdWx0cz0iRmFsc2UiIC8+DQogICAgICAgIDxRdWVyeVN0cmluZ1BhcmFtZXRlciBOYW1lPSJ0aWQiIFZhbHVlPSI5IiBSZWNvcmRlZFZhbHVlPSI5IiBDb3JyZWxhdGlvbkJpbmRpbmc9IiIgVXJsRW5jb2RlPSJGYWxzZSIgVXNlVG9Hcm91cFJlc3VsdHM9IkZhbHNlIiAvPg0KICAgICAgPC9RdWVyeVN0cmluZ1BhcmFtZXRlcnM+DQogICAgPC9SZXF1ZXN0Pg0KICAgIDxSZXF1ZXN0IE1ldGhvZD0iUE9TVCIgR3VpZD0iMjA2MDllOTItYmIyZS00MjY4LThmN2UtODQ3ZjQwMzM5MTVjIiBWZXJzaW9uPSIxLjEiIFVybD0iaHR0cDovL2xvY2FsaG9zdDo1NjEzMy9Ib21lL0FkZEludm9pY2UiIFRoaW5rVGltZT0iMCIgVGltZW91dD0iMzAwIiBQYXJzZURlcGVuZGVudFJlcXVlc3RzPSJUcnVlIiBGb2xsb3dSZWRpcmVjdHM9IlRydWUiIFJlY29yZFJlc3VsdD0iVHJ1ZSIgQ2FjaGU9IkZhbHNlIiBSZXNwb25zZVRpbWVHb2FsPSIwIiBFbmNvZGluZz0idXRmLTgiIEV4cGVjdGVkSHR0cFN0YXR1c0NvZGU9IjAiIEV4cGVjdGVkUmVzcG9uc2VVcmw9Imh0dHA6Ly9sb2NhbGhvc3Q6NTYxMzMvIiBSZXBvcnRpbmdOYW1lPSIiIElnbm9yZUh0dHBTdGF0dXNDb2RlPSJGYWxzZSI+DQogICAgICA8SGVhZGVycz4NCiAgICAgICAgPEhlYWRlciBOYW1lPSJSZWZlcmVyIiBWYWx1ZT0iaHR0cDovL2xvY2FsaG9zdDo1NjEzMy9Ib21lL0FkZEludm9pY2UiIC8+DQogICAgICA8L0hlYWRlcnM+DQogICAgICA8Rm9ybVBvc3RIdHRwQm9keT4NCiAgICAgICAgPEZvcm1Qb3N0UGFyYW1ldGVyIE5hbWU9Imludk51bWJlciIgVmFsdWU9IklOVi0yMDE2LzAwMDAwMTAiIFJlY29yZGVkVmFsdWU9IklOVi0yMDE2LzAwMDAwMTAiIENvcnJlbGF0aW9uQmluZGluZz0ie3tGb3JtUG9zdFBhcmFtMS5pbnZOdW1iZXJ9fSIgVXJsRW5jb2RlPSJUcnVlIiAvPg0KICAgICAgICA8Rm9ybVBvc3RQYXJhbWV0ZXIgTmFtZT0iZGF0ZSIgVmFsdWU9IjAzLTA2LTIwMTYiIFJlY29yZGVkVmFsdWU9IjAzLTA2LTIwMTYiIENvcnJlbGF0aW9uQmluZGluZz0ie3tGb3JtUG9zdFBhcmFtMi5kYXRlfX0iIFVybEVuY29kZT0iVHJ1ZSIgLz4NCiAgICAgICAgPEZvcm1Qb3N0UGFyYW1ldGVyIE5hbWU9InRpdGxlIiBWYWx1ZT0iMTIzIiBSZWNvcmRlZFZhbHVlPSIxMjMiIENvcnJlbGF0aW9uQmluZGluZz0iIiBVcmxFbmNvZGU9IlRydWUiIC8+DQogICAgICAgIDxGb3JtUG9zdFBhcmFtZXRlciBOYW1lPSJ2Zmlyc3RuYW1lIiBWYWx1ZT0iVGVzdE5hbWUiIFJlY29yZGVkVmFsdWU9IlRlc3ROYW1lIiBDb3JyZWxhdGlvbkJpbmRpbmc9IiIgVXJsRW5jb2RlPSJUcnVlIiAvPg0KICAgICAgICA8Rm9ybVBvc3RQYXJhbWV0ZXIgTmFtZT0idmxhc3RuYW1lIiBWYWx1ZT0iVGVzdExhc3ROYW1lIiBSZWNvcmRlZFZhbHVlPSJUZXN0TGFzdE5hbWUiIENvcnJlbGF0aW9uQmluZGluZz0iIiBVcmxFbmNvZGU9IlRydWUiIC8+DQogICAgICAgIDxGb3JtUG9zdFBhcmFtZXRlciBOYW1lPSJ2Y29tcGFueSIgVmFsdWU9IlRlc3RDb21wYW55IiBSZWNvcmRlZFZhbHVlPSJUZXN0Q29tcGFueSIgQ29ycmVsYXRpb25CaW5kaW5nPSIiIFVybEVuY29kZT0iVHJ1ZSIgLz4NCiAgICAgICAgPEZvcm1Qb3N0UGFyYW1ldGVyIE5hbWU9InZ2YXRpbiIgVmFsdWU9IjgxMDE4MSIgUmVjb3JkZWRWYWx1ZT0iODEwMTgxIiBDb3JyZWxhdGlvbkJpbmRpbmc9IiIgVXJsRW5jb2RlPSJUcnVlIiAvPg0KICAgICAgICA8Rm9ybVBvc3RQYXJhbWV0ZXIgTmFtZT0iYmZpcnN0bmFtZSIgVmFsdWU9IlRlc3ROYW1lIiBSZWNvcmRlZFZhbHVlPSJUZXN0TmFtZSIgQ29ycmVsYXRpb25CaW5kaW5nPSIiIFVybEVuY29kZT0iVHJ1ZSIgLz4NCiAgICAgICAgPEZvcm1Qb3N0UGFyYW1ldGVyIE5hbWU9ImJsYXN0bmFtZSIgVmFsdWU9IlRlc3RMYXN0TmFtZSIgUmVjb3JkZWRWYWx1ZT0iVGVzdExhc3ROYW1lIiBDb3JyZWxhdGlvbkJpbmRpbmc9IiIgVXJsRW5jb2RlPSJUcnVlIiAvPg0KICAgICAgICA8Rm9ybVBvc3RQYXJhbWV0ZXIgTmFtZT0iYmNvbXBhbnkiIFZhbHVlPSJUZXN0Q29tcGFueSIgUmVjb3JkZWRWYWx1ZT0iVGVzdENvbXBhbnkiIENvcnJlbGF0aW9uQmluZGluZz0iIiBVcmxFbmNvZGU9IlRydWUiIC8+DQogICAgICAgIDxGb3JtUG9zdFBhcmFtZXRlciBOYW1lPSJidmF0aW4iIFZhbHVlPSI5MjUyOTEiIFJlY29yZGVkVmFsdWU9IjkyNTI5MSIgQ29ycmVsYXRpb25CaW5kaW5nPSIiIFVybEVuY29kZT0iVHJ1ZSIgLz4NCiAgICAgICAgPEZvcm1Qb3N0UGFyYW1ldGVyIE5hbWU9Imdvb2RzWzBdLm5hbWUiIFZhbHVlPSIxIiBSZWNvcmRlZFZhbHVlPSIxIiBDb3JyZWxhdGlvbkJpbmRpbmc9Int7Rm9ybVBvc3RQYXJhbTMuZ29vZHNbMF0ubmFtZX19IiBVcmxFbmNvZGU9IlRydWUiIC8+DQogICAgICAgIDxGb3JtUG9zdFBhcmFtZXRlciBOYW1lPSJnb29kc1swXS5hbW91bnQiIFZhbHVlPSIxIiBSZWNvcmRlZFZhbHVlPSIxIiBDb3JyZWxhdGlvbkJpbmRpbmc9Int7Rm9ybVBvc3RQYXJhbTQuZ29vZHNbMF0uYW1vdW50fX0iIFVybEVuY29kZT0iVHJ1ZSIgLz4NCiAgICAgICAgPEZvcm1Qb3N0UGFyYW1ldGVyIE5hbWU9Imdvb2RzWzBdLnByaWNlIiBWYWx1ZT0iMS4wMCIgUmVjb3JkZWRWYWx1ZT0iMS4wMCIgQ29ycmVsYXRpb25CaW5kaW5nPSIiIFVybEVuY29kZT0iVHJ1ZSIgLz4NCiAgICAgICAgPEZvcm1Qb3N0UGFyYW1ldGVyIE5hbWU9Imdvb2RzWzBdLnRheCIgVmFsdWU9IjEiIFJlY29yZGVkVmFsdWU9IjEiIENvcnJlbGF0aW9uQmluZGluZz0ie3tGb3JtUG9zdFBhcmFtNS5nb29kc1swXS50YXh9fSIgVXJsRW5jb2RlPSJUcnVlIiAvPg0KICAgICAgICA8Rm9ybVBvc3RQYXJhbWV0ZXIgTmFtZT0ibmV0dG8iIFZhbHVlPSIwLjk5IiBSZWNvcmRlZFZhbHVlPSIwLjk5IiBDb3JyZWxhdGlvbkJpbmRpbmc9IiIgVXJsRW5jb2RlPSJUcnVlIiAvPg0KICAgICAgICA8Rm9ybVBvc3RQYXJhbWV0ZXIgTmFtZT0iYnJ1dHRvIiBWYWx1ZT0iMS4wMCIgUmVjb3JkZWRWYWx1ZT0iMS4wMCIgQ29ycmVsYXRpb25CaW5kaW5nPSIiIFVybEVuY29kZT0iVHJ1ZSIgLz4NCiAgICAgICAgPEZvcm1Qb3N0UGFyYW1ldGVyIE5hbWU9ImRpc2NvdW50IiBWYWx1ZT0iMSIgUmVjb3JkZWRWYWx1ZT0iMSIgQ29ycmVsYXRpb25CaW5kaW5nPSJ7e0Zvcm1Qb3N0UGFyYW02LmRpc2NvdW50fX0iIFVybEVuY29kZT0iVHJ1ZSIgLz4NCiAgICAgICAgPEZvcm1Qb3N0UGFyYW1ldGVyIE5hbWU9InZhbHVlIiBWYWx1ZT0iMC45OSIgUmVjb3JkZWRWYWx1ZT0iMC45OSIgQ29ycmVsYXRpb25CaW5kaW5nPSIiIFVybEVuY29kZT0iVHJ1ZSIgLz4NCiAgICAgICAgPEZvcm1Qb3N0UGFyYW1ldGVyIE5hbWU9ImFkZEJ1dHRvbiIgVmFsdWU9IkFkZCIgUmVjb3JkZWRWYWx1ZT0iQWRkIiBDb3JyZWxhdGlvbkJpbmRpbmc9Int7Rm9ybVBvc3RQYXJhbTcuYWRkQnV0dG9ufX0iIFVybEVuY29kZT0iVHJ1ZSIgLz4NCiAgICAgIDwvRm9ybVBvc3RIdHRwQm9keT4NCiAgICA8L1JlcXVlc3Q+DQogICAgPFJlcXVlc3QgTWV0aG9kPSJHRVQiIEd1aWQ9IjkwNDJmNTM4LWRlNWYtNDZmMC1iMTdlLThhNmViNGQ3M2RjMCIgVmVyc2lvbj0iMS4xIiBVcmw9Imh0dHA6Ly9sb2NhbGhvc3Q6NTYxMzMvX19icm93c2VyTGluay9yZXF1ZXN0RGF0YS8zMmZlNGVmMThkNzA0YjI1YTc3YmM5NDVmNjE2ZmVmNiIgVGhpbmtUaW1lPSI5IiBUaW1lb3V0PSIzMDAiIFBhcnNlRGVwZW5kZW50UmVxdWVzdHM9IlRydWUiIEZvbGxvd1JlZGlyZWN0cz0iVHJ1ZSIgUmVjb3JkUmVzdWx0PSJUcnVlIiBDYWNoZT0iRmFsc2UiIFJlc3BvbnNlVGltZUdvYWw9IjAiIEVuY29kaW5nPSJ1dGYtOCIgRXhwZWN0ZWRIdHRwU3RhdHVzQ29kZT0iMCIgRXhwZWN0ZWRSZXNwb25zZVVybD0iIiBSZXBvcnRpbmdOYW1lPSIiIElnbm9yZUh0dHBTdGF0dXNDb2RlPSJGYWxzZSI+DQogICAgICA8SGVhZGVycz4NCiAgICAgICAgPEhlYWRlciBOYW1lPSJBY2NlcHQiIFZhbHVlPSJhcHBsaWNhdGlvbi9qc29uLCB0ZXh0L2phdmFzY3JpcHQsICovKjsgcT0wLjAxIiAvPg0KICAgICAgICA8SGVhZGVyIE5hbWU9IlgtUmVxdWVzdGVkLVdpdGgiIFZhbHVlPSJYTUxIdHRwUmVxdWVzdCIgLz4NCiAgICAgICAgPEhlYWRlciBOYW1lPSJSZWZlcmVyIiBWYWx1ZT0iaHR0cDovL2xvY2FsaG9zdDo1NjEzMy9Ib21lL0FkZEludm9pY2UiIC8+DQogICAgICA8L0hlYWRlcnM+DQogICAgICA8UXVlcnlTdHJpbmdQYXJhbWV0ZXJzPg0KICAgICAgICA8UXVlcnlTdHJpbmdQYXJhbWV0ZXIgTmFtZT0idmVyc2lvbiIgVmFsdWU9IjIiIFJlY29yZGVkVmFsdWU9IjIiIENvcnJlbGF0aW9uQmluZGluZz0iIiBVcmxFbmNvZGU9IkZhbHNlIiBVc2VUb0dyb3VwUmVzdWx0cz0iRmFsc2UiIC8+DQogICAgICA8L1F1ZXJ5U3RyaW5nUGFyYW1ldGVycz4NCiAgICA8L1JlcXVlc3Q+DQogICAgPFJlcXVlc3QgTWV0aG9kPSJQT1NUIiBHdWlkPSJmMTE4NWQ5Ny0wMTUzLTQ5N2MtOGJmYS03OTZlZjAzMGM0Y2MiIFZlcnNpb249IjEuMSIgVXJsPSJodHRwOi8vbG9jYWxob3N0OjU2MTMzL0hvbWUvQWRkSW52b2ljZVNlYXJjaFZlbmRvcnMiIFRoaW5rVGltZT0iMiIgVGltZW91dD0iMzAwIiBQYXJzZURlcGVuZGVudFJlcXVlc3RzPSJUcnVlIiBGb2xsb3dSZWRpcmVjdHM9IlRydWUiIFJlY29yZFJlc3VsdD0iVHJ1ZSIgQ2FjaGU9IkZhbHNlIiBSZXNwb25zZVRpbWVHb2FsPSIwIiBFbmNvZGluZz0idXRmLTgiIEV4cGVjdGVkSHR0cFN0YXR1c0NvZGU9IjAiIEV4cGVjdGVkUmVzcG9uc2VVcmw9IiIgUmVwb3J0aW5nTmFtZT0iIiBJZ25vcmVIdHRwU3RhdHVzQ29kZT0iRmFsc2UiPg0KICAgICAgPEhlYWRlcnM+DQogICAgICAgIDxIZWFkZXIgTmFtZT0iQWNjZXB0IiBWYWx1ZT0idGV4dC9odG1sLCAqLyo7IHE9MC4wMSIgLz4NCiAgICAgICAgPEhlYWRlciBOYW1lPSJYLVJlcXVlc3RlZC1XaXRoIiBWYWx1ZT0iWE1MSHR0cFJlcXVlc3QiIC8+DQogICAgICAgIDxIZWFkZXIgTmFtZT0iUmVmZXJlciIgVmFsdWU9Imh0dHA6Ly9sb2NhbGhvc3Q6NTYxMzMvSG9tZS9BZGRJbnZvaWNlIiAvPg0KICAgICAgPC9IZWFkZXJzPg0KICAgICAgPEZvcm1Qb3N0SHR0cEJvZHk+DQogICAgICAgIDxGb3JtUG9zdFBhcmFtZXRlciBOYW1lPSJmaXJzdE5hbWUiIFZhbHVlPSIiIFJlY29yZGVkVmFsdWU9IiIgQ29ycmVsYXRpb25CaW5kaW5nPSIiIFVybEVuY29kZT0iVHJ1ZSIgLz4NCiAgICAgICAgPEZvcm1Qb3N0UGFyYW1ldGVyIE5hbWU9Imxhc3ROYW1lIiBWYWx1ZT0iIiBSZWNvcmRlZFZhbHVlPSIiIENvcnJlbGF0aW9uQmluZGluZz0iIiBVcmxFbmNvZGU9IlRydWUiIC8+DQogICAgICAgIDxGb3JtUG9zdFBhcmFtZXRlciBOYW1lPSJjb21wYW55TmFtZSIgVmFsdWU9IiIgUmVjb3JkZWRWYWx1ZT0iIiBDb3JyZWxhdGlvbkJpbmRpbmc9IiIgVXJsRW5jb2RlPSJUcnVlIiAvPg0KICAgICAgICA8Rm9ybVBvc3RQYXJhbWV0ZXIgTmFtZT0idmF0aW4iIFZhbHVlPSIiIFJlY29yZGVkVmFsdWU9IiIgQ29ycmVsYXRpb25CaW5kaW5nPSIiIFVybEVuY29kZT0iVHJ1ZSIgLz4NCiAgICAgIDwvRm9ybVBvc3RIdHRwQm9keT4NCiAgICA8L1JlcXVlc3Q+DQogICAgPFJlcXVlc3QgTWV0aG9kPSJQT1NUIiBHdWlkPSJkODBjOGZjNy1kOThlLTQ2ZjctOGQ3Ni0zZmFmYjAyM2U3YWMiIFZlcnNpb249IjEuMSIgVXJsPSJodHRwOi8vbG9jYWxob3N0OjU2MTMzL0hvbWUvQWRkSW52b2ljZVNlYXJjaFZlbmRvcnMiIFRoaW5rVGltZT0iNCIgVGltZW91dD0iMzAwIiBQYXJzZURlcGVuZGVudFJlcXVlc3RzPSJUcnVlIiBGb2xsb3dSZWRpcmVjdHM9IlRydWUiIFJlY29yZFJlc3VsdD0iVHJ1ZSIgQ2FjaGU9IkZhbHNlIiBSZXNwb25zZVRpbWVHb2FsPSIwIiBFbmNvZGluZz0idXRmLTgiIEV4cGVjdGVkSHR0cFN0YXR1c0NvZGU9IjAiIEV4cGVjdGVkUmVzcG9uc2VVcmw9IiIgUmVwb3J0aW5nTmFtZT0iIiBJZ25vcmVIdHRwU3RhdHVzQ29kZT0iRmFsc2UiPg0KICAgICAgPEhlYWRlcnM+DQogICAgICAgIDxIZWFkZXIgTmFtZT0iQWNjZXB0IiBWYWx1ZT0idGV4dC9odG1sLCAqLyo7IHE9MC4wMSIgLz4NCiAgICAgICAgPEhlYWRlciBOYW1lPSJYLVJlcXVlc3RlZC1XaXRoIiBWYWx1ZT0iWE1MSHR0cFJlcXVlc3QiIC8+DQogICAgICAgIDxIZWFkZXIgTmFtZT0iUmVmZXJlciIgVmFsdWU9Imh0dHA6Ly9sb2NhbGhvc3Q6NTYxMzMvSG9tZS9BZGRJbnZvaWNlIiAvPg0KICAgICAgPC9IZWFkZXJzPg0KICAgICAgPEZvcm1Qb3N0SHR0cEJvZHk+DQogICAgICAgIDxGb3JtUG9zdFBhcmFtZXRlciBOYW1lPSJmaXJzdE5hbWUiIFZhbHVlPSIiIFJlY29yZGVkVmFsdWU9IiIgQ29ycmVsYXRpb25CaW5kaW5nPSIiIFVybEVuY29kZT0iVHJ1ZSIgLz4NCiAgICAgICAgPEZvcm1Qb3N0UGFyYW1ldGVyIE5hbWU9Imxhc3ROYW1lIiBWYWx1ZT0iIiBSZWNvcmRlZFZhbHVlPSIiIENvcnJlbGF0aW9uQmluZGluZz0iIiBVcmxFbmNvZGU9IlRydWUiIC8+DQogICAgICAgIDxGb3JtUG9zdFBhcmFtZXRlciBOYW1lPSJjb21wYW55TmFtZSIgVmFsdWU9IiIgUmVjb3JkZWRWYWx1ZT0iIiBDb3JyZWxhdGlvbkJpbmRpbmc9IiIgVXJsRW5jb2RlPSJUcnVlIiAvPg0KICAgICAgICA8Rm9ybVBvc3RQYXJhbWV0ZXIgTmFtZT0idmF0aW4iIFZhbHVlPSIiIFJlY29yZGVkVmFsdWU9IiIgQ29ycmVsYXRpb25CaW5kaW5nPSIiIFVybEVuY29kZT0iVHJ1ZSIgLz4NCiAgICAgIDwvRm9ybVBvc3RIdHRwQm9keT4NCiAgICA8L1JlcXVlc3Q+DQogICAgPFJlcXVlc3QgTWV0aG9kPSJQT1NUIiBHdWlkPSIxODNmOTgxYS0zZjY0LTRmMjAtOTE5ZS0yMzcyN2JlNTRjOGQiIFZlcnNpb249IjEuMSIgVXJsPSJodHRwOi8vbG9jYWxob3N0OjU2MTMzL0hvbWUvQWRkSW52b2ljZVNlYXJjaEJ1eWVycyIgVGhpbmtUaW1lPSIwIiBUaW1lb3V0PSIzMDAiIFBhcnNlRGVwZW5kZW50UmVxdWVzdHM9IlRydWUiIEZvbGxvd1JlZGlyZWN0cz0iVHJ1ZSIgUmVjb3JkUmVzdWx0PSJUcnVlIiBDYWNoZT0iRmFsc2UiIFJlc3BvbnNlVGltZUdvYWw9IjAiIEVuY29kaW5nPSJ1dGYtOCIgRXhwZWN0ZWRIdHRwU3RhdHVzQ29kZT0iMCIgRXhwZWN0ZWRSZXNwb25zZVVybD0iIiBSZXBvcnRpbmdOYW1lPSIiIElnbm9yZUh0dHBTdGF0dXNDb2RlPSJGYWxzZSI+DQogICAgICA8SGVhZGVycz4NCiAgICAgICAgPEhlYWRlciBOYW1lPSJBY2NlcHQiIFZhbHVlPSJ0ZXh0L2h0bWwsICovKjsgcT0wLjAxIiAvPg0KICAgICAgICA8SGVhZGVyIE5hbWU9IlgtUmVxdWVzdGVkLVdpdGgiIFZhbHVlPSJYTUxIdHRwUmVxdWVzdCIgLz4NCiAgICAgICAgPEhlYWRlciBOYW1lPSJSZWZlcmVyIiBWYWx1ZT0iaHR0cDovL2xvY2FsaG9zdDo1NjEzMy9Ib21lL0FkZEludm9pY2UiIC8+DQogICAgICA8L0hlYWRlcnM+DQogICAgICA8Rm9ybVBvc3RIdHRwQm9keT4NCiAgICAgICAgPEZvcm1Qb3N0UGFyYW1ldGVyIE5hbWU9ImZpcnN0TmFtZSIgVmFsdWU9IiIgUmVjb3JkZWRWYWx1ZT0iIiBDb3JyZWxhdGlvbkJpbmRpbmc9IiIgVXJsRW5jb2RlPSJUcnVlIiAvPg0KICAgICAgICA8Rm9ybVBvc3RQYXJhbWV0ZXIgTmFtZT0ibGFzdE5hbWUiIFZhbHVlPSIiIFJlY29yZGVkVmFsdWU9IiIgQ29ycmVsYXRpb25CaW5kaW5nPSIiIFVybEVuY29kZT0iVHJ1ZSIgLz4NCiAgICAgICAgPEZvcm1Qb3N0UGFyYW1ldGVyIE5hbWU9ImNvbXBhbnlOYW1lIiBWYWx1ZT0iIiBSZWNvcmRlZFZhbHVlPSIiIENvcnJlbGF0aW9uQmluZGluZz0iIiBVcmxFbmNvZGU9IlRydWUiIC8+DQogICAgICAgIDxGb3JtUG9zdFBhcmFtZXRlciBOYW1lPSJ2YXRpbiIgVmFsdWU9IiIgUmVjb3JkZWRWYWx1ZT0iIiBDb3JyZWxhdGlvbkJpbmRpbmc9IiIgVXJsRW5jb2RlPSJUcnVlIiAvPg0KICAgICAgPC9Gb3JtUG9zdEh0dHBCb2R5Pg0KICAgIDwvUmVxdWVzdD4NCiAgICA8UmVxdWVzdCBNZXRob2Q9IlBPU1QiIEd1aWQ9IjY2ZWRhYTNlLTkwY2QtNDkwNS1iYjc5LTIyM2M0YTYwMjBjYyIgVmVyc2lvbj0iMS4xIiBVcmw9Imh0dHA6Ly9sb2NhbGhvc3Q6MzI1ODUvMDVmYjE0ZTA2ODQ3NGZmYjg0MmFiOTFhODgzNWZmYjcvYnJvd3NlckxpbmtTaWduYWxSL2Fib3J0IiBUaGlua1RpbWU9IjAiIFRpbWVvdXQ9IjMwMCIgUGFyc2VEZXBlbmRlbnRSZXF1ZXN0cz0iVHJ1ZSIgRm9sbG93UmVkaXJlY3RzPSJUcnVlIiBSZWNvcmRSZXN1bHQ9IlRydWUiIENhY2hlPSJGYWxzZSIgUmVzcG9uc2VUaW1lR29hbD0iMCIgRW5jb2Rpbmc9InV0Zi04IiBFeHBlY3RlZEh0dHBTdGF0dXNDb2RlPSIwIiBFeHBlY3RlZFJlc3BvbnNlVXJsPSIiIFJlcG9ydGluZ05hbWU9IiIgSWdub3JlSHR0cFN0YXR1c0NvZGU9IkZhbHNlIj4NCiAgICAgIDxIZWFkZXJzPg0KICAgICAgICA8SGVhZGVyIE5hbWU9IkFjY2VwdCIgVmFsdWU9InRleHQvcGxhaW4sICovKjsgcT0wLjAxIiAvPg0KICAgICAgICA8SGVhZGVyIE5hbWU9IlJlZmVyZXIiIFZhbHVlPSJodHRwOi8vbG9jYWxob3N0OjU2MTMzL0hvbWUvQWRkSW52b2ljZSIgLz4NCiAgICAgIDwvSGVhZGVycz4NCiAgICAgIDxRdWVyeVN0cmluZ1BhcmFtZXRlcnM+DQogICAgICAgIDxRdWVyeVN0cmluZ1BhcmFtZXRlciBOYW1lPSJ0cmFuc3BvcnQiIFZhbHVlPSJ3ZWJTb2NrZXRzIiBSZWNvcmRlZFZhbHVlPSJ3ZWJTb2NrZXRzIiBDb3JyZWxhdGlvbkJpbmRpbmc9IiIgVXJsRW5jb2RlPSJGYWxzZSIgVXNlVG9Hcm91cFJlc3VsdHM9IkZhbHNlIiAvPg0KICAgICAgICA8UXVlcnlTdHJpbmdQYXJhbWV0ZXIgTmFtZT0iY29ubmVjdGlvblRva2VuIiBWYWx1ZT0iQVFBQUFOQ01uZDhCRmRFUmpIb0F3RSUyRkNsJTJCc0JBQUFBRmFEemxNJTJGZlRFRzNHTU9NTjZIQ3F3QUFBQUFDQUFBQUFBQVFaZ0FBQUFFQUFDQUFBQUFtRndFVHJadUdkbkdjS3kxUTZIZWlSdyUyRkQlMkJjTTNacVlYUWE2U1ZOcEZCUUFBQUFBT2dBQUFBQUlBQUNBQUFBQWMlMkJqVTB0ckd0MHdZQ0Y0VVAwaSUyRnolMkZhbW9la1IzTGVUcDYlMkZlUTBWQTl5akFBQUFBbFR3NjVBR3Y4M1BlNWkzNGRieFVXUTV3STU1TDhWalZSJTJCalFmJTJCRko1WHIzTnRLd3ZpMzE3VyUyQnRmUTM1VWNjOUFBQUFBeGslMkJzMDhyTnhnTHoxTklDR1o4QUJyJTJGM3M2WVRXNFJ2enZ6JTJCU3pTZTVaTm0lMkJUYndJbXc5d2tlUGlQbkRBSXAyTEZMJTJGQVc5TUdLTGxMRjF3ZGZPMU1nJTNEJTNEIiBSZWNvcmRlZFZhbHVlPSJBUUFBQU5DTW5kOEJGZEVSakhvQXdFJTJGQ2wlMkJzQkFBQUFGYUR6bE0lMkZmVEVHM0dNT01ONkhDcXdBQUFBQUNBQUFBQUFBUVpnQUFBQUVBQUNBQUFBQW1Gd0VUclp1R2RuR2NLeTFRNkhlaVJ3JTJGRCUyQmNNM1pxWVhRYTZTVk5wRkJRQUFBQUFPZ0FBQUFBSUFBQ0FBQUFBYyUyQmpVMHRyR3Qwd1lDRjRVUDBpJTJGeiUyRmFtb2VrUjNMZVRwNiUyRmVRMFZBOXlqQUFBQUFsVHc2NUFHdjgzUGU1aTM0ZGJ4VVdRNXdJNTVMOFZqVlIlMkJqUWYlMkJGSjVYcjNOdEt3dmkzMTdXJTJCdGZRMzVVY2M5QUFBQUF4ayUyQnMwOHJOeGdMejFOSUNHWjhBQnIlMkYzczZZVFc0UnZ6dnolMkJTelNlNVpObSUyQlRid0ltdzl3a2VQaVBuREFJcDJMRkwlMkZBVzlNR0tMbExGMXdkZk8xTWclM0QlM0QiIENvcnJlbGF0aW9uQmluZGluZz0iIiBVcmxFbmNvZGU9IkZhbHNlIiBVc2VUb0dyb3VwUmVzdWx0cz0iRmFsc2UiIC8+DQogICAgICAgIDxRdWVyeVN0cmluZ1BhcmFtZXRlciBOYW1lPSJyZXF1ZXN0VXJsIiBWYWx1ZT0iaHR0cCUzQSUyRiUyRmxvY2FsaG9zdCUzQTU2MTMzJTJGSG9tZSUyRkFkZEludm9pY2UiIFJlY29yZGVkVmFsdWU9Imh0dHAlM0ElMkYlMkZsb2NhbGhvc3QlM0E1NjEzMyUyRkhvbWUlMkZBZGRJbnZvaWNlIiBDb3JyZWxhdGlvbkJpbmRpbmc9IiIgVXJsRW5jb2RlPSJGYWxzZSIgVXNlVG9Hcm91cFJlc3VsdHM9IkZhbHNlIiAvPg0KICAgICAgICA8UXVlcnlTdHJpbmdQYXJhbWV0ZXIgTmFtZT0iYnJvd3Nlck5hbWUiIFZhbHVlPSJJbnRlcm5ldCtFeHBsb3JlciIgUmVjb3JkZWRWYWx1ZT0iSW50ZXJuZXQrRXhwbG9yZXIiIENvcnJlbGF0aW9uQmluZGluZz0iIiBVcmxFbmNvZGU9IkZhbHNlIiBVc2VUb0dyb3VwUmVzdWx0cz0iRmFsc2UiIC8+DQogICAgICAgIDxRdWVyeVN0cmluZ1BhcmFtZXRlciBOYW1lPSJ1c2VyQWdlbnQiIFZhbHVlPSJNb3ppbGxhJTJGNS4wKyhXaW5kb3dzK05UKzYuMyUzQitXT1c2NCUzQitUcmlkZW50JTJGNy4wJTNCKy5ORVQ0LjBFJTNCKy5ORVQ0LjBDJTNCKy5ORVQrQ0xSKzMuNS4zMDcyOSUzQisuTkVUK0NMUisyLjAuNTA3MjclM0IrLk5FVCtDTFIrMy4wLjMwNzI5JTNCK0dXWCUzQURPV05MT0FERUQlM0IrR1dYJTNBUVVBTElGSUVEJTNCK3J2JTNBMTEuMCkrbGlrZStHZWNrbyIgUmVjb3JkZWRWYWx1ZT0iTW96aWxsYSUyRjUuMCsoV2luZG93cytOVCs2LjMlM0IrV09XNjQlM0IrVHJpZGVudCUyRjcuMCUzQisuTkVUNC4wRSUzQisuTkVUNC4wQyUzQisuTkVUK0NMUiszLjUuMzA3MjklM0IrLk5FVCtDTFIrMi4wLjUwNzI3JTNCKy5ORVQrQ0xSKzMuMC4zMDcyOSUzQitHV1glM0FET1dOTE9BREVEJTNCK0dXWCUzQVFVQUxJRklFRCUzQitydiUzQTExLjApK2xpa2UrR2Vja28iIENvcnJlbGF0aW9uQmluZGluZz0iIiBVcmxFbmNvZGU9IkZhbHNlIiBVc2VUb0dyb3VwUmVzdWx0cz0iRmFsc2UiIC8+DQogICAgICA8L1F1ZXJ5U3RyaW5nUGFyYW1ldGVycz4NCiAgICAgIDxGb3JtUG9zdEh0dHBCb2R5IC8+DQogICAgPC9SZXF1ZXN0Pg0KICAgIDxSZXF1ZXN0IE1ldGhvZD0iUE9TVCIgR3VpZD0iNDI1NjZhY2UtODUwMC00ZTdhLWE5M2QtZGRlNTJlMDc4MWVmIiBWZXJzaW9uPSIxLjEiIFVybD0iaHR0cDovL2xvY2FsaG9zdDozMjU4NS8wNWZiMTRlMDY4NDc0ZmZiODQyYWI5MWE4ODM1ZmZiNy9icm93c2VyTGlua1NpZ25hbFIvbmVnb3RpYXRlIiBUaGlua1RpbWU9IjAiIFRpbWVvdXQ9IjMwMCIgUGFyc2VEZXBlbmRlbnRSZXF1ZXN0cz0iVHJ1ZSIgRm9sbG93UmVkaXJlY3RzPSJUcnVlIiBSZWNvcmRSZXN1bHQ9IlRydWUiIENhY2hlPSJGYWxzZSIgUmVzcG9uc2VUaW1lR29hbD0iMCIgRW5jb2Rpbmc9InV0Zi04IiBFeHBlY3RlZEh0dHBTdGF0dXNDb2RlPSIwIiBFeHBlY3RlZFJlc3BvbnNlVXJsPSIiIFJlcG9ydGluZ05hbWU9IiIgSWdub3JlSHR0cFN0YXR1c0NvZGU9IkZhbHNlIj4NCiAgICAgIDxIZWFkZXJzPg0KICAgICAgICA8SGVhZGVyIE5hbWU9IkNvbnRlbnQtVHlwZSIgVmFsdWU9ImFwcGxpY2F0aW9uL3gtd3d3LWZvcm0tdXJsZW5jb2RlZDsgY2hhcnNldD1VVEYtOCIgLz4NCiAgICAgICAgPEhlYWRlciBOYW1lPSJBY2NlcHQiIFZhbHVlPSJ0ZXh0L3BsYWluLCAqLyo7IHE9MC4wMSIgLz4NCiAgICAgICAgPEhlYWRlciBOYW1lPSJSZWZlcmVyIiBWYWx1ZT0iaHR0cDovL2xvY2FsaG9zdDo1NjEzMy8iIC8+DQogICAgICA8L0hlYWRlcnM+DQogICAgICA8UXVlcnlTdHJpbmdQYXJhbWV0ZXJzPg0KICAgICAgICA8UXVlcnlTdHJpbmdQYXJhbWV0ZXIgTmFtZT0icmVxdWVzdFVybCIgVmFsdWU9Imh0dHAlM0ElMkYlMkZsb2NhbGhvc3QlM0E1NjEzMyUyRiIgUmVjb3JkZWRWYWx1ZT0iaHR0cCUzQSUyRiUyRmxvY2FsaG9zdCUzQTU2MTMzJTJGIiBDb3JyZWxhdGlvbkJpbmRpbmc9IiIgVXJsRW5jb2RlPSJGYWxzZSIgVXNlVG9Hcm91cFJlc3VsdHM9IkZhbHNlIiAvPg0KICAgICAgICA8UXVlcnlTdHJpbmdQYXJhbWV0ZXIgTmFtZT0iYnJvd3Nlck5hbWUiIFZhbHVlPSJJbnRlcm5ldCtFeHBsb3JlciIgUmVjb3JkZWRWYWx1ZT0iSW50ZXJuZXQrRXhwbG9yZXIiIENvcnJlbGF0aW9uQmluZGluZz0iIiBVcmxFbmNvZGU9IkZhbHNlIiBVc2VUb0dyb3VwUmVzdWx0cz0iRmFsc2UiIC8+DQogICAgICAgIDxRdWVyeVN0cmluZ1BhcmFtZXRlciBOYW1lPSJ1c2VyQWdlbnQiIFZhbHVlPSJNb3ppbGxhJTJGNS4wKyhXaW5kb3dzK05UKzYuMyUzQitXT1c2NCUzQitUcmlkZW50JTJGNy4wJTNCKy5ORVQ0LjBFJTNCKy5ORVQ0LjBDJTNCKy5ORVQrQ0xSKzMuNS4zMDcyOSUzQisuTkVUK0NMUisyLjAuNTA3MjclM0IrLk5FVCtDTFIrMy4wLjMwNzI5JTNCK0dXWCUzQURPV05MT0FERUQlM0IrR1dYJTNBUVVBTElGSUVEJTNCK3J2JTNBMTEuMCkrbGlrZStHZWNrbyIgUmVjb3JkZWRWYWx1ZT0iTW96aWxsYSUyRjUuMCsoV2luZG93cytOVCs2LjMlM0IrV09XNjQlM0IrVHJpZGVudCUyRjcuMCUzQisuTkVUNC4wRSUzQisuTkVUNC4wQyUzQisuTkVUK0NMUiszLjUuMzA3MjklM0IrLk5FVCtDTFIrMi4wLjUwNzI3JTNCKy5ORVQrQ0xSKzMuMC4zMDcyOSUzQitHV1glM0FET1dOTE9BREVEJTNCK0dXWCUzQVFVQUxJRklFRCUzQitydiUzQTExLjApK2xpa2UrR2Vja28iIENvcnJlbGF0aW9uQmluZGluZz0iIiBVcmxFbmNvZGU9IkZhbHNlIiBVc2VUb0dyb3VwUmVzdWx0cz0iRmFsc2UiIC8+DQogICAgICAgIDxRdWVyeVN0cmluZ1BhcmFtZXRlciBOYW1lPSJjbGllbnRQcm90b2NvbCIgVmFsdWU9IjEuMyIgUmVjb3JkZWRWYWx1ZT0iMS4zIiBDb3JyZWxhdGlvbkJpbmRpbmc9IiIgVXJsRW5jb2RlPSJGYWxzZSIgVXNlVG9Hcm91cFJlc3VsdHM9IkZhbHNlIiAvPg0KICAgICAgICA8UXVlcnlTdHJpbmdQYXJhbWV0ZXIgTmFtZT0iXyIgVmFsdWU9IjE0NjQ5NzkzNzIxNzciIFJlY29yZGVkVmFsdWU9IjE0NjQ5NzkzNzIxNzciIENvcnJlbGF0aW9uQmluZGluZz0iIiBVcmxFbmNvZGU9IkZhbHNlIiBVc2VUb0dyb3VwUmVzdWx0cz0iRmFsc2UiIC8+DQogICAgICA8L1F1ZXJ5U3RyaW5nUGFyYW1ldGVycz4NCiAgICAgIDxGb3JtUG9zdEh0dHBCb2R5IC8+DQogICAgPC9SZXF1ZXN0Pg0KICAgIDxSZXF1ZXN0IE1ldGhvZD0iR0VUIiBHdWlkPSI5NmY3M2ZkMy0yMDI3LTRiYmQtYjg0Ny1iZmM5MTdmZDA4YmIiIFZlcnNpb249IjEuMSIgVXJsPSJodHRwOi8vbG9jYWxob3N0OjU2MTMzL19fYnJvd3NlckxpbmsvcmVxdWVzdERhdGEvY2FlMTMwMzFjMWU0NDllMWJhODEwZjVjOWFhNTBlZmUiIFRoaW5rVGltZT0iMCIgVGltZW91dD0iMzAwIiBQYXJzZURlcGVuZGVudFJlcXVlc3RzPSJUcnVlIiBGb2xsb3dSZWRpcmVjdHM9IlRydWUiIFJlY29yZFJlc3VsdD0iVHJ1ZSIgQ2FjaGU9IkZhbHNlIiBSZXNwb25zZVRpbWVHb2FsPSIwIiBFbmNvZGluZz0idXRmLTgiIEV4cGVjdGVkSHR0cFN0YXR1c0NvZGU9IjAiIEV4cGVjdGVkUmVzcG9uc2VVcmw9IiIgUmVwb3J0aW5nTmFtZT0iIiBJZ25vcmVIdHRwU3RhdHVzQ29kZT0iRmFsc2UiPg0KICAgICAgPEhlYWRlcnM+DQogICAgICAgIDxIZWFkZXIgTmFtZT0iQWNjZXB0IiBWYWx1ZT0iYXBwbGljYXRpb24vanNvbiwgdGV4dC9qYXZhc2NyaXB0LCAqLyo7IHE9MC4wMSIgLz4NCiAgICAgICAgPEhlYWRlciBOYW1lPSJYLVJlcXVlc3RlZC1XaXRoIiBWYWx1ZT0iWE1MSHR0cFJlcXVlc3QiIC8+DQogICAgICAgIDxIZWFkZXIgTmFtZT0iUmVmZXJlciIgVmFsdWU9Imh0dHA6Ly9sb2NhbGhvc3Q6NTYxMzMvIiAvPg0KICAgICAgPC9IZWFkZXJzPg0KICAgICAgPFF1ZXJ5U3RyaW5nUGFyYW1ldGVycz4NCiAgICAgICAgPFF1ZXJ5U3RyaW5nUGFyYW1ldGVyIE5hbWU9InZlcnNpb24iIFZhbHVlPSIyIiBSZWNvcmRlZFZhbHVlPSIyIiBDb3JyZWxhdGlvbkJpbmRpbmc9IiIgVXJsRW5jb2RlPSJGYWxzZSIgVXNlVG9Hcm91cFJlc3VsdHM9IkZhbHNlIiAvPg0KICAgICAgPC9RdWVyeVN0cmluZ1BhcmFtZXRlcnM+DQogICAgPC9SZXF1ZXN0Pg0KICA8L0l0ZW1zPg0KICA8VmFsaWRhdGlvblJ1bGVzPg0KICAgIDxWYWxpZGF0aW9uUnVsZSBDbGFzc25hbWU9Ik1pY3Jvc29mdC5WaXN1YWxTdHVkaW8uVGVzdFRvb2xzLldlYlRlc3RpbmcuUnVsZXMuVmFsaWRhdGVSZXNwb25zZVVybCwgTWljcm9zb2Z0LlZpc3VhbFN0dWRpby5RdWFsaXR5VG9vbHMuV2ViVGVzdEZyYW1ld29yaywgVmVyc2lvbj0xMC4wLjAuMCwgQ3VsdHVyZT1uZXV0cmFsLCBQdWJsaWNLZXlUb2tlbj1iMDNmNWY3ZjExZDUwYTNhIiBEaXNwbGF5TmFtZT0iUmVzcG9uc2UgVVJMIiBEZXNjcmlwdGlvbj0iVmFsaWRhdGVzIHRoYXQgdGhlIHJlc3BvbnNlIFVSTCBhZnRlciByZWRpcmVjdHMgYXJlIGZvbGxvd2VkIGlzIHRoZSBzYW1lIGFzIHRoZSByZWNvcmRlZCByZXNwb25zZSBVUkwuICBRdWVyeVN0cmluZyBwYXJhbWV0ZXJzIGFyZSBpZ25vcmVkLiIgTGV2ZWw9IkxvdyIgRXhlY3R1aW9uT3JkZXI9IkJlZm9yZURlcGVuZGVudHMiIC8+DQogICAgPFZhbGlkYXRpb25SdWxlIENsYXNzbmFtZT0iTWljcm9zb2Z0LlZpc3VhbFN0dWRpby5UZXN0VG9vbHMuV2ViVGVzdGluZy5SdWxlcy5WYWxpZGF0aW9uUnVsZVJlc3BvbnNlVGltZUdvYWwsIE1pY3Jvc29mdC5WaXN1YWxTdHVkaW8uUXVhbGl0eVRvb2xzLldlYlRlc3RGcmFtZXdvcmssIFZlcnNpb249MTAuMC4wLjAsIEN1bHR1cmU9bmV1dHJhbCwgUHVibGljS2V5VG9rZW49YjAzZjVmN2YxMWQ1MGEzYSIgRGlzcGxheU5hbWU9IlJlc3BvbnNlIFRpbWUgR29hbCIgRGVzY3JpcHRpb249IlZhbGlkYXRlcyB0aGF0IHRoZSByZXNwb25zZSB0aW1lIGZvciB0aGUgcmVxdWVzdCBpcyBsZXNzIHRoYW4gb3IgZXF1YWwgdG8gdGhlIHJlc3BvbnNlIHRpbWUgZ29hbCBhcyBzcGVjaWZpZWQgb24gdGhlIHJlcXVlc3QuICBSZXNwb25zZSB0aW1lIGdvYWxzIG9mIHplcm8gd2lsbCBiZSBpZ25vcmVkLiIgTGV2ZWw9IkxvdyIgRXhlY3R1aW9uT3JkZXI9IkFmdGVyRGVwZW5kZW50cyI+DQogICAgICA8UnVsZVBhcmFtZXRlcnM+DQogICAgICAgIDxSdWxlUGFyYW1ldGVyIE5hbWU9IlRvbGVyYW5jZSIgVmFsdWU9IjAiIC8+DQogICAgICA8L1J1bGVQYXJhbWV0ZXJzPg0KICAgIDwvVmFsaWRhdGlvblJ1bGU+DQogIDwvVmFsaWRhdGlvblJ1bGVzPg0KPC9XZWJUZXN0Pg==">
      <Execution id="cf44e837-3c5c-4ab7-94ec-95e2c5a967ca" />
    </WebTest>
  </TestDefinitions>
  <TestLists>
    <TestList name="Results Not in a List" id="8c84fa94-04c1-424b-9868-57a2d4851a1d" />
    <TestList name="All Loaded Results" id="19431567-8539-422a-85d7-44ee4e166bda" />
  </TestLists>
  <TestEntries>
    <TestEntry isTransparent="false" testId="3914cd91-ef43-46c0-b074-cc39e43e9cbe" executionId="cf44e837-3c5c-4ab7-94ec-95e2c5a967ca" testListId="8c84fa94-04c1-424b-9868-57a2d4851a1d" />
  </TestEntries>
  <Results>
    <WebTestResult executionId="cf44e837-3c5c-4ab7-94ec-95e2c5a967ca" testId="3914cd91-ef43-46c0-b074-cc39e43e9cbe" testName="WebTest1" computerName="KRZYSIEK" duration="00:00:00.6998385" startTime="2016-06-03T20:42:56.3711063+02:00" endTime="2016-06-03T20:43:07.6602429+02:00" testType="4e7599fa-5ecb-43e9-a887-cd63cf72d207" outcome="Failed" testListId="8c84fa94-04c1-424b-9868-57a2d4851a1d" relativeResultsDirectory="cf44e837-3c5c-4ab7-94ec-95e2c5a967ca">
      <Output>
        <ErrorInfo>
          <Message>14 primary requests, 0 dependant requests and 0 conditional rules failed</Message>
        </ErrorInfo>
      </Output>
      <ResultFiles>
        <ResultFile path="WebTest1.webtestResult" />
      </ResultFiles>
      <TestSettings name="Local" id="1d0f59d5-4167-4481-826a-602c2777ce60">
        <Description>These are default test settings for a local test run.</Description>
        <Execution>
          <TestTypeSpecific>
            <UnitTestRunConfig testTypeId="13cdc9d9-ddb5-4fa4-a97d-d965ccfc6d4b">
              <AssemblyResolution>
                <TestDirectory useLoadContext="true" />
              </AssemblyResolution>
            </UnitTestRunConfig>
            <WebTestRunConfiguration testTypeId="4e7599fa-5ecb-43e9-a887-cd63cf72d207" runUntilDataExhausted="true">
              <Browser name="Internet Explorer 11.0" MaxConnections="6">
                <Headers>
                  <Header name="User-Agent" value="Mozilla/5.0 (Windows NT 6.3; Trident/7.0; rv:11.0) like Gecko" />
                  <Header name="Accept" value="*/*" />
                  <Header name="Accept-Language" value="{{$IEAcceptLanguage}}" />
                  <Header name="Accept-Encoding" value="GZIP" />
                </Headers>
              </Browser>
            </WebTestRunConfiguration>
          </TestTypeSpecific>
          <AgentRule name="LocalMachineDefaultRole">
          </AgentRule>
        </Execution>
        <Deployment runDeploymentRoot="Krzysztof_KRZYSIEK 2016-06-03 20_42_55" />
        <Properties>
          <Property name="TestSettingsUIType" value="UnitTest" />
        </Properties>
      </TestSettings>
      <WebTestResultFilePath>Krzysztof_KRZYSIEK 2016-06-03 20_42_55\In\cf44e837-3c5c-4ab7-94ec-95e2c5a967ca\WebTest1.webtestResult</WebTestResultFilePath>
    </WebTestResult>
  </Results>
</TestRun>